"E:/GameMechanics/Unreal/UnrealProject/Content/Audio/source/234082__211redman112__lasgun-impact.uasset" 0
"E:/GameMechanics/Unreal/UnrealProject/Content/Audio/source/234082__211redman112__lasgun-impact.uexp" 1
"E:/GameMechanics/Unreal/UnrealProject/Content/Audio/source/380354__jamsponge__guttural-monster-noises.uasset" 2
"E:/GameMechanics/Unreal/UnrealProject/Content/Audio/source/380354__jamsponge__guttural-monster-noises.uexp" 3
"E:/GameMechanics/Unreal/UnrealProject/Content/Audio/source/466867__mikee63__blaster-shot-single-5.uasset" 4
"E:/GameMechanics/Unreal/UnrealProject/Content/Audio/source/466867__mikee63__blaster-shot-single-5.uexp" 5
"E:/GameMechanics/Unreal/UnrealProject/Content/Audio/source/WilhelmScream.uasset" 6
"E:/GameMechanics/Unreal/UnrealProject/Content/Audio/source/WilhelmScream.uexp" 7
"E:/GameMechanics/Unreal/UnrealProject/Content/Audio/uassets/234082__211redman112__lasgun-impact.uasset" 8
"E:/GameMechanics/Unreal/UnrealProject/Content/Audio/uassets/234082__211redman112__lasgun-impact.uexp" 9
"E:/GameMechanics/Unreal/UnrealProject/Content/Audio/uassets/380354__jamsponge__guttural-monster-noises.uasset" 10
"E:/GameMechanics/Unreal/UnrealProject/Content/Audio/uassets/380354__jamsponge__guttural-monster-noises.uexp" 11
"E:/GameMechanics/Unreal/UnrealProject/Content/Audio/uassets/466867__mikee63__blaster-shot-single-5.uasset" 12
"E:/GameMechanics/Unreal/UnrealProject/Content/Audio/uassets/466867__mikee63__blaster-shot-single-5.uexp" 13
"E:/GameMechanics/Unreal/UnrealProject/Content/Audio/uassets/WilhelmScream.uasset" 14
"E:/GameMechanics/Unreal/UnrealProject/Content/Audio/uassets/WilhelmScream.uexp" 15
"E:/GameMechanics/Unreal/UnrealProject/Content/Audio/uassets/ZombieGroans.uasset" 16
"E:/GameMechanics/Unreal/UnrealProject/Content/Audio/uassets/ZombieGroans.uexp" 17
"E:/GameMechanics/Unreal/UnrealProject/Content/Blueprints/BP_BaseCharacter.uasset" 18
"E:/GameMechanics/Unreal/UnrealProject/Content/Blueprints/BP_BaseCharacter.uexp" 19
"E:/GameMechanics/Unreal/UnrealProject/Content/Blueprints/BP_MyPlayerController.uasset" 20
"E:/GameMechanics/Unreal/UnrealProject/Content/Blueprints/BP_MyPlayerController.uexp" 21
"E:/GameMechanics/Unreal/UnrealProject/Content/TwinStickShooterContent/ShooterMannequin/UE4_Mannequin/Mesh/SK_Mannequin.uasset" 22
"E:/GameMechanics/Unreal/UnrealProject/Content/TwinStickShooterContent/ShooterMannequin/UE4_Mannequin/Mesh/SK_Mannequin.uexp" 23
"E:/GameMechanics/Unreal/UnrealProject/Content/UITextures/LockPickRange.uasset" 24
"E:/GameMechanics/Unreal/UnrealProject/Content/UITextures/LockPickRange.uexp" 25
"E:/GameMechanics/Unreal/UnrealProject/Content/UITextures/LockPickNeedle.uasset" 26
"E:/GameMechanics/Unreal/UnrealProject/Content/UITextures/LockPickNeedle.uexp" 27
"E:/GameMechanics/Unreal/UnrealProject/Content/UITextures/LockpickMeter.uasset" 28
"E:/GameMechanics/Unreal/UnrealProject/Content/UITextures/LockpickMeter.uexp" 29
"E:/GameMechanics/Unreal/UnrealProject/Content/Blueprints/LockPickInterface.uasset" 30
"E:/GameMechanics/Unreal/UnrealProject/Content/Blueprints/LockPickInterface.uexp" 31
"E:/GameMechanics/Unreal/UnrealProject/Content/Blueprints/LockpickingWidget.uasset" 32
"E:/GameMechanics/Unreal/UnrealProject/Content/Blueprints/LockpickingWidget.uexp" 33
"E:/GameMechanics/Unreal/UnrealProject/Content/UITextures/InteractIcon.uasset" 34
"E:/GameMechanics/Unreal/UnrealProject/Content/UITextures/InteractIcon.uexp" 35
"E:/GameMechanics/Unreal/UnrealProject/Content/UITextures/InteractIcon.ubulk" 36
"E:/GameMechanics/Unreal/UnrealProject/Content/Blueprints/InteractionWidget.uasset" 37
"E:/GameMechanics/Unreal/UnrealProject/Content/Blueprints/InteractionWidget.uexp" 38
"E:/GameMechanics/Unreal/UnrealProject/Content/UITextures/InteractDisabledIcon.uasset" 39
"E:/GameMechanics/Unreal/UnrealProject/Content/UITextures/InteractDisabledIcon.uexp" 40
"E:/GameMechanics/Unreal/UnrealProject/Content/UITextures/InteractDisabledIcon.ubulk" 41
"E:/GameMechanics/Unreal/UnrealProject/Content/Blueprints/InteractDisabledWidget.uasset" 42
"E:/GameMechanics/Unreal/UnrealProject/Content/Blueprints/InteractDisabledWidget.uexp" 43
"../../../Engine/Content/EngineMaterials/T_Default_Material_Grid_N.uasset" 44
"../../../Engine/Content/EngineMaterials/T_Default_Material_Grid_N.uexp" 45
"../../../Engine/Content/EngineMaterials/T_Default_Material_Grid_N.ubulk" 46
"../../../Engine/Content/EngineMaterials/T_Default_Material_Grid_M.uasset" 47
"../../../Engine/Content/EngineMaterials/T_Default_Material_Grid_M.uexp" 48
"../../../Engine/Content/EngineMaterials/T_Default_Material_Grid_M.ubulk" 49
"../../../Engine/Content/Functions/Engine_MaterialFunctions01/Opacity/CameraDepthFade.uasset" 50
"../../../Engine/Content/Functions/Engine_MaterialFunctions01/Opacity/CameraDepthFade.uexp" 51
"../../../Engine/Content/EngineMaterials/WorldGridMaterial.uasset" 52
"../../../Engine/Content/EngineMaterials/WorldGridMaterial.uexp" 53
"../../../Engine/Content/BasicShapes/Cube.uasset" 54
"../../../Engine/Content/BasicShapes/Cube.uexp" 55
"E:/GameMechanics/Unreal/UnrealProject/Content/Blueprints/InteractInterface.uasset" 56
"E:/GameMechanics/Unreal/UnrealProject/Content/Blueprints/InteractInterface.uexp" 57
"E:/GameMechanics/Unreal/UnrealProject/Content/Blueprints/BP_Item_Activate.uasset" 58
"E:/GameMechanics/Unreal/UnrealProject/Content/Blueprints/BP_Item_Activate.uexp" 59
"E:/GameMechanics/Unreal/UnrealProject/Content/Blueprints/BP_LockPick.uasset" 60
"E:/GameMechanics/Unreal/UnrealProject/Content/Blueprints/BP_LockPick.uexp" 61
"../../../Engine/Content/EditorBlueprintResources/StandardMacros.uasset" 62
"../../../Engine/Content/EditorBlueprintResources/StandardMacros.uexp" 63
"E:/GameMechanics/Unreal/UnrealProject/Content/Blueprints/BP_MainChar.uasset" 64
"E:/GameMechanics/Unreal/UnrealProject/Content/Blueprints/BP_MainChar.uexp" 65
"E:/GameMechanics/Unreal/UnrealProject/Content/Blueprints/BP_MyGameMode.uasset" 66
"E:/GameMechanics/Unreal/UnrealProject/Content/Blueprints/BP_MyGameMode.uexp" 67
"../../../Engine/Content/EngineMaterials/DefaultMaterial.uasset" 68
"../../../Engine/Content/EngineMaterials/DefaultMaterial.uexp" 69
"../../../Engine/Content/BasicShapes/Sphere.uasset" 70
"../../../Engine/Content/BasicShapes/Sphere.uexp" 71
"../../../Engine/Content/BasicShapes/BasicShapeMaterial.uasset" 72
"../../../Engine/Content/BasicShapes/BasicShapeMaterial.uexp" 73
"E:/GameMechanics/Unreal/UnrealProject/Content/Blueprints/BP_PlayerPawn.uasset" 74
"E:/GameMechanics/Unreal/UnrealProject/Content/Blueprints/BP_PlayerPawn.uexp" 75
"E:/GameMechanics/Unreal/UnrealProject/Content/LevelSequences/Door.uasset" 76
"E:/GameMechanics/Unreal/UnrealProject/Content/LevelSequences/Door.uexp" 77
"E:/GameMechanics/Unreal/UnrealProject/Content/TwinStickShooterContent/FPWeapon/Materials/MF_BaseColorTintAndContrast.uasset" 78
"E:/GameMechanics/Unreal/UnrealProject/Content/TwinStickShooterContent/FPWeapon/Materials/MF_BaseColorTintAndContrast.uexp" 79
"E:/GameMechanics/Unreal/UnrealProject/Content/TwinStickShooterContent/FPWeapon/Materials/MF_RoughnessAdjustment.uasset" 80
"E:/GameMechanics/Unreal/UnrealProject/Content/TwinStickShooterContent/FPWeapon/Materials/MF_RoughnessAdjustment.uexp" 81
"E:/GameMechanics/Unreal/UnrealProject/Content/TwinStickShooterContent/FPWeapon/Materials/MI_FPGun.uasset" 82
"E:/GameMechanics/Unreal/UnrealProject/Content/TwinStickShooterContent/FPWeapon/Materials/MI_FPGun.uexp" 83
"../../../Engine/Content/Functions/MaterialLayerFunctions/MatLayerBlend_Simple.uasset" 84
"../../../Engine/Content/Functions/MaterialLayerFunctions/MatLayerBlend_Simple.uexp" 85
"../../../Engine/Content/Functions/Engine_MaterialFunctions02/Utility/BlendAngleCorrectedNormals.uasset" 86
"../../../Engine/Content/Functions/Engine_MaterialFunctions02/Utility/BlendAngleCorrectedNormals.uexp" 87
"../../../Engine/Content/Functions/MaterialLayerFunctions/MatLayerBlend_NormalBlend.uasset" 88
"../../../Engine/Content/Functions/MaterialLayerFunctions/MatLayerBlend_NormalBlend.uexp" 89
"../../../Engine/Content/Functions/MaterialLayerFunctions/MatLayerBlend_AO.uasset" 90
"../../../Engine/Content/Functions/MaterialLayerFunctions/MatLayerBlend_AO.uexp" 91
"../../../Engine/Content/Functions/Engine_MaterialFunctions01/Shading/MetallicShading.uasset" 92
"../../../Engine/Content/Functions/Engine_MaterialFunctions01/Shading/MetallicShading.uexp" 93
"E:/GameMechanics/Unreal/UnrealProject/Content/TwinStickShooterContent/FPWeapon/Materials/M_FPGun.uasset" 94
"E:/GameMechanics/Unreal/UnrealProject/Content/TwinStickShooterContent/FPWeapon/Materials/M_FPGun.uexp" 95
"E:/GameMechanics/Unreal/UnrealProject/Content/TwinStickShooterContent/FPWeapon/Materials/MaterialLayers/ML_GlossyBlack_Latex_UE4.uasset" 96
"E:/GameMechanics/Unreal/UnrealProject/Content/TwinStickShooterContent/FPWeapon/Materials/MaterialLayers/ML_GlossyBlack_Latex_UE4.uexp" 97
"E:/GameMechanics/Unreal/UnrealProject/Content/TwinStickShooterContent/FPWeapon/Materials/MaterialLayers/ML_Plastic_Shiny_Beige.uasset" 98
"E:/GameMechanics/Unreal/UnrealProject/Content/TwinStickShooterContent/FPWeapon/Materials/MaterialLayers/ML_Plastic_Shiny_Beige.uexp" 99
"E:/GameMechanics/Unreal/UnrealProject/Content/TwinStickShooterContent/FPWeapon/Materials/MaterialLayers/ML_Plastic_Shiny_Beige_LOGO.uasset" 100
"E:/GameMechanics/Unreal/UnrealProject/Content/TwinStickShooterContent/FPWeapon/Materials/MaterialLayers/ML_Plastic_Shiny_Beige_LOGO.uexp" 101
"E:/GameMechanics/Unreal/UnrealProject/Content/TwinStickShooterContent/FPWeapon/Materials/MaterialLayers/ML_SoftMetal_UE4.uasset" 102
"E:/GameMechanics/Unreal/UnrealProject/Content/TwinStickShooterContent/FPWeapon/Materials/MaterialLayers/ML_SoftMetal_UE4.uexp" 103
"E:/GameMechanics/Unreal/UnrealProject/Content/TwinStickShooterContent/FPWeapon/Materials/MaterialLayers/T_ML_Aluminum01.uasset" 104
"E:/GameMechanics/Unreal/UnrealProject/Content/TwinStickShooterContent/FPWeapon/Materials/MaterialLayers/T_ML_Aluminum01.uexp" 105
"E:/GameMechanics/Unreal/UnrealProject/Content/TwinStickShooterContent/FPWeapon/Materials/MaterialLayers/T_ML_Aluminum01.ubulk" 106
"E:/GameMechanics/Unreal/UnrealProject/Content/TwinStickShooterContent/FPWeapon/Materials/MaterialLayers/T_ML_Aluminum01_N.uasset" 107
"E:/GameMechanics/Unreal/UnrealProject/Content/TwinStickShooterContent/FPWeapon/Materials/MaterialLayers/T_ML_Aluminum01_N.uexp" 108
"E:/GameMechanics/Unreal/UnrealProject/Content/TwinStickShooterContent/FPWeapon/Materials/MaterialLayers/T_ML_Aluminum01_N.ubulk" 109
"E:/GameMechanics/Unreal/UnrealProject/Content/TwinStickShooterContent/FPWeapon/Materials/MaterialLayers/T_ML_FineRubber.uasset" 110
"E:/GameMechanics/Unreal/UnrealProject/Content/TwinStickShooterContent/FPWeapon/Materials/MaterialLayers/T_ML_FineRubber.uexp" 111
"E:/GameMechanics/Unreal/UnrealProject/Content/TwinStickShooterContent/FPWeapon/Materials/MaterialLayers/T_ML_FineRubber.ubulk" 112
"E:/GameMechanics/Unreal/UnrealProject/Content/TwinStickShooterContent/FPWeapon/Materials/MaterialLayers/T_ML_Rubber_Blue_01_D.uasset" 113
"E:/GameMechanics/Unreal/UnrealProject/Content/TwinStickShooterContent/FPWeapon/Materials/MaterialLayers/T_ML_Rubber_Blue_01_D.uexp" 114
"E:/GameMechanics/Unreal/UnrealProject/Content/TwinStickShooterContent/FPWeapon/Materials/MaterialLayers/T_ML_Rubber_Blue_01_D.ubulk" 115
"E:/GameMechanics/Unreal/UnrealProject/Content/TwinStickShooterContent/FPWeapon/Materials/MaterialLayers/T_ML_Rubber_Blue_01_N.uasset" 116
"E:/GameMechanics/Unreal/UnrealProject/Content/TwinStickShooterContent/FPWeapon/Materials/MaterialLayers/T_ML_Rubber_Blue_01_N.uexp" 117
"E:/GameMechanics/Unreal/UnrealProject/Content/TwinStickShooterContent/FPWeapon/Materials/MaterialLayers/T_ML_Rubber_Blue_01_N.ubulk" 118
"E:/GameMechanics/Unreal/UnrealProject/Content/TwinStickShooterContent/FPWeapon/Mesh/SK_FPGun.uasset" 119
"E:/GameMechanics/Unreal/UnrealProject/Content/TwinStickShooterContent/FPWeapon/Mesh/SK_FPGun.uexp" 120
"E:/GameMechanics/Unreal/UnrealProject/Content/TwinStickShooterContent/FPWeapon/Mesh/SK_FPGun_PhysicsAsset.uasset" 121
"E:/GameMechanics/Unreal/UnrealProject/Content/TwinStickShooterContent/FPWeapon/Mesh/SK_FPGun_PhysicsAsset.uexp" 122
"E:/GameMechanics/Unreal/UnrealProject/Content/TwinStickShooterContent/FPWeapon/Mesh/SK_FPGun_Skeleton.uasset" 123
"E:/GameMechanics/Unreal/UnrealProject/Content/TwinStickShooterContent/FPWeapon/Mesh/SK_FPGun_Skeleton.uexp" 124
"E:/GameMechanics/Unreal/UnrealProject/Content/TwinStickShooterContent/FPWeapon/Textures/T_FPGun_AO.uasset" 125
"E:/GameMechanics/Unreal/UnrealProject/Content/TwinStickShooterContent/FPWeapon/Textures/T_FPGun_AO.uexp" 126
"E:/GameMechanics/Unreal/UnrealProject/Content/TwinStickShooterContent/FPWeapon/Textures/T_FPGun_AO.ubulk" 127
"E:/GameMechanics/Unreal/UnrealProject/Content/TwinStickShooterContent/FPWeapon/Textures/T_FPGun_M.uasset" 128
"E:/GameMechanics/Unreal/UnrealProject/Content/TwinStickShooterContent/FPWeapon/Textures/T_FPGun_M.uexp" 129
"E:/GameMechanics/Unreal/UnrealProject/Content/TwinStickShooterContent/FPWeapon/Textures/T_FPGun_M.ubulk" 130
"E:/GameMechanics/Unreal/UnrealProject/Content/TwinStickShooterContent/FPWeapon/Textures/T_FPGun_N.uasset" 131
"E:/GameMechanics/Unreal/UnrealProject/Content/TwinStickShooterContent/FPWeapon/Textures/T_FPGun_N.uexp" 132
"E:/GameMechanics/Unreal/UnrealProject/Content/TwinStickShooterContent/FPWeapon/Textures/T_FPGun_N.ubulk" 133
"E:/GameMechanics/Unreal/UnrealProject/Content/TwinStickShooterContent/FPWeapon/Textures/UE4_LOGO_CARD.uasset" 134
"E:/GameMechanics/Unreal/UnrealProject/Content/TwinStickShooterContent/FPWeapon/Textures/UE4_LOGO_CARD.uexp" 135
"E:/GameMechanics/Unreal/UnrealProject/Content/TwinStickShooterContent/FPWeapon/Textures/UE4_LOGO_CARD.ubulk" 136
"E:/GameMechanics/Unreal/UnrealProject/Content/TwinStickShooterContent/FPWeapon/Textures/UE4_Mannequin_occlusion_Mobile.uasset" 137
"E:/GameMechanics/Unreal/UnrealProject/Content/TwinStickShooterContent/FPWeapon/Textures/UE4_Mannequin_occlusion_Mobile.uexp" 138
"E:/GameMechanics/Unreal/UnrealProject/Content/TwinStickShooterContent/FPWeapon/Textures/UE4_Mannequin_occlusion_Mobile.ubulk" 139
"E:/GameMechanics/Unreal/UnrealProject/Content/TwinStickShooterContent/ShooterMannequin/Animations/Death_1.uasset" 140
"E:/GameMechanics/Unreal/UnrealProject/Content/TwinStickShooterContent/ShooterMannequin/Animations/Death_1.uexp" 141
"E:/GameMechanics/Unreal/UnrealProject/Content/TwinStickShooterContent/ShooterMannequin/Animations/Death_2.uasset" 142
"E:/GameMechanics/Unreal/UnrealProject/Content/TwinStickShooterContent/ShooterMannequin/Animations/Death_2.uexp" 143
"E:/GameMechanics/Unreal/UnrealProject/Content/TwinStickShooterContent/ShooterMannequin/Animations/Death_3.uasset" 144
"E:/GameMechanics/Unreal/UnrealProject/Content/TwinStickShooterContent/ShooterMannequin/Animations/Death_3.uexp" 145
"E:/GameMechanics/Unreal/UnrealProject/Content/TwinStickShooterContent/ShooterMannequin/Animations/Enemy_Idle.uasset" 146
"E:/GameMechanics/Unreal/UnrealProject/Content/TwinStickShooterContent/ShooterMannequin/Animations/Enemy_Idle.uexp" 147
"E:/GameMechanics/Unreal/UnrealProject/Content/TwinStickShooterContent/ShooterMannequin/Animations/Enemy_Walk.uasset" 148
"E:/GameMechanics/Unreal/UnrealProject/Content/TwinStickShooterContent/ShooterMannequin/Animations/Enemy_Walk.uexp" 149
"E:/GameMechanics/Unreal/UnrealProject/Content/TwinStickShooterContent/ShooterMannequin/Animations/Equip_Rifle_Standing.uasset" 150
"E:/GameMechanics/Unreal/UnrealProject/Content/TwinStickShooterContent/ShooterMannequin/Animations/Equip_Rifle_Standing.uexp" 151
"E:/GameMechanics/Unreal/UnrealProject/Content/TwinStickShooterContent/ShooterMannequin/Animations/Fire_Rifle_Hip.uasset" 152
"E:/GameMechanics/Unreal/UnrealProject/Content/TwinStickShooterContent/ShooterMannequin/Animations/Fire_Rifle_Hip.uexp" 153
"E:/GameMechanics/Unreal/UnrealProject/Content/TwinStickShooterContent/ShooterMannequin/Animations/Hit_React_1.uasset" 154
"E:/GameMechanics/Unreal/UnrealProject/Content/TwinStickShooterContent/ShooterMannequin/Animations/Hit_React_1.uexp" 155
"E:/GameMechanics/Unreal/UnrealProject/Content/TwinStickShooterContent/ShooterMannequin/Animations/Hit_React_2.uasset" 156
"E:/GameMechanics/Unreal/UnrealProject/Content/TwinStickShooterContent/ShooterMannequin/Animations/Hit_React_2.uexp" 157
"E:/GameMechanics/Unreal/UnrealProject/Content/TwinStickShooterContent/ShooterMannequin/Animations/Hit_React_3.uasset" 158
"E:/GameMechanics/Unreal/UnrealProject/Content/TwinStickShooterContent/ShooterMannequin/Animations/Hit_React_3.uexp" 159
"E:/GameMechanics/Unreal/UnrealProject/Content/TwinStickShooterContent/ShooterMannequin/Animations/Hit_React_4.uasset" 160
"E:/GameMechanics/Unreal/UnrealProject/Content/TwinStickShooterContent/ShooterMannequin/Animations/Hit_React_4.uexp" 161
"E:/GameMechanics/Unreal/UnrealProject/Content/TwinStickShooterContent/ShooterMannequin/Animations/Idle_Rifle_Hip.uasset" 162
"E:/GameMechanics/Unreal/UnrealProject/Content/TwinStickShooterContent/ShooterMannequin/Animations/Idle_Rifle_Hip.uexp" 163
"E:/GameMechanics/Unreal/UnrealProject/Content/TwinStickShooterContent/ShooterMannequin/Animations/Idle_Rifle_Hip_Break1.uasset" 164
"E:/GameMechanics/Unreal/UnrealProject/Content/TwinStickShooterContent/ShooterMannequin/Animations/Idle_Rifle_Hip_Break1.uexp" 165
"E:/GameMechanics/Unreal/UnrealProject/Content/TwinStickShooterContent/ShooterMannequin/Animations/Idle_Rifle_Hip_Break2.uasset" 166
"E:/GameMechanics/Unreal/UnrealProject/Content/TwinStickShooterContent/ShooterMannequin/Animations/Idle_Rifle_Hip_Break2.uexp" 167
"E:/GameMechanics/Unreal/UnrealProject/Content/TwinStickShooterContent/ShooterMannequin/Animations/Jog_Bwd_Rifle.uasset" 168
"E:/GameMechanics/Unreal/UnrealProject/Content/TwinStickShooterContent/ShooterMannequin/Animations/Jog_Bwd_Rifle.uexp" 169
"E:/GameMechanics/Unreal/UnrealProject/Content/TwinStickShooterContent/ShooterMannequin/Animations/Jog_Fwd_Rifle.uasset" 170
"E:/GameMechanics/Unreal/UnrealProject/Content/TwinStickShooterContent/ShooterMannequin/Animations/Jog_Fwd_Rifle.uexp" 171
"E:/GameMechanics/Unreal/UnrealProject/Content/TwinStickShooterContent/ShooterMannequin/Animations/Jog_Lt_Rifle.uasset" 172
"E:/GameMechanics/Unreal/UnrealProject/Content/TwinStickShooterContent/ShooterMannequin/Animations/Jog_Lt_Rifle.uexp" 173
"E:/GameMechanics/Unreal/UnrealProject/Content/TwinStickShooterContent/ShooterMannequin/Animations/Jog_Rt_Rifle.uasset" 174
"E:/GameMechanics/Unreal/UnrealProject/Content/TwinStickShooterContent/ShooterMannequin/Animations/Jog_Rt_Rifle.uexp" 175
"E:/GameMechanics/Unreal/UnrealProject/Content/TwinStickShooterContent/ShooterMannequin/Animations/Jump_From_Jog.uasset" 176
"E:/GameMechanics/Unreal/UnrealProject/Content/TwinStickShooterContent/ShooterMannequin/Animations/Jump_From_Jog.uexp" 177
"E:/GameMechanics/Unreal/UnrealProject/Content/TwinStickShooterContent/ShooterMannequin/Animations/Jump_From_Stand.uasset" 178
"E:/GameMechanics/Unreal/UnrealProject/Content/TwinStickShooterContent/ShooterMannequin/Animations/Jump_From_Stand.uexp" 179
"E:/GameMechanics/Unreal/UnrealProject/Content/TwinStickShooterContent/ShooterMannequin/Animations/Reload_Rifle_Hip.uasset" 180
"E:/GameMechanics/Unreal/UnrealProject/Content/TwinStickShooterContent/ShooterMannequin/Animations/Reload_Rifle_Hip.uexp" 181
"E:/GameMechanics/Unreal/UnrealProject/Content/TwinStickShooterContent/ShooterMannequin/Animations/Sprint_Fwd_Rifle.uasset" 182
"E:/GameMechanics/Unreal/UnrealProject/Content/TwinStickShooterContent/ShooterMannequin/Animations/Sprint_Fwd_Rifle.uexp" 183
"E:/GameMechanics/Unreal/UnrealProject/Content/TwinStickShooterContent/ShooterMannequin/Animations/ThirdPersonIdle.uasset" 184
"E:/GameMechanics/Unreal/UnrealProject/Content/TwinStickShooterContent/ShooterMannequin/Animations/ThirdPersonIdle.uexp" 185
"E:/GameMechanics/Unreal/UnrealProject/Content/TwinStickShooterContent/ShooterMannequin/Animations/ThirdPersonJump_End.uasset" 186
"E:/GameMechanics/Unreal/UnrealProject/Content/TwinStickShooterContent/ShooterMannequin/Animations/ThirdPersonJump_End.uexp" 187
"E:/GameMechanics/Unreal/UnrealProject/Content/TwinStickShooterContent/ShooterMannequin/Animations/ThirdPersonJump_Loop.uasset" 188
"E:/GameMechanics/Unreal/UnrealProject/Content/TwinStickShooterContent/ShooterMannequin/Animations/ThirdPersonJump_Loop.uexp" 189
"E:/GameMechanics/Unreal/UnrealProject/Content/TwinStickShooterContent/ShooterMannequin/Animations/ThirdPersonJump_Start.uasset" 190
"E:/GameMechanics/Unreal/UnrealProject/Content/TwinStickShooterContent/ShooterMannequin/Animations/ThirdPersonJump_Start.uexp" 191
"E:/GameMechanics/Unreal/UnrealProject/Content/TwinStickShooterContent/ShooterMannequin/Animations/ThirdPersonRun.uasset" 192
"E:/GameMechanics/Unreal/UnrealProject/Content/TwinStickShooterContent/ShooterMannequin/Animations/ThirdPersonRun.uexp" 193
"E:/GameMechanics/Unreal/UnrealProject/Content/TwinStickShooterContent/ShooterMannequin/Animations/ThirdPersonWalk.uasset" 194
"E:/GameMechanics/Unreal/UnrealProject/Content/TwinStickShooterContent/ShooterMannequin/Animations/ThirdPersonWalk.uexp" 195
"E:/GameMechanics/Unreal/UnrealProject/Content/TwinStickShooterContent/ShooterMannequin/Animations/ThirdPerson_Jump.uasset" 196
"E:/GameMechanics/Unreal/UnrealProject/Content/TwinStickShooterContent/ShooterMannequin/Animations/ThirdPerson_Jump.uexp" 197
"E:/GameMechanics/Unreal/UnrealProject/Content/TwinStickShooterContent/ShooterMannequin/UE4_Mannequin/Materials/M_UE4Man_Body.uasset" 198
"E:/GameMechanics/Unreal/UnrealProject/Content/TwinStickShooterContent/ShooterMannequin/UE4_Mannequin/Materials/M_UE4Man_Body.uexp" 199
"E:/GameMechanics/Unreal/UnrealProject/Content/TwinStickShooterContent/ShooterMannequin/UE4_Mannequin/Materials/M_UE4Man_ChestLogo.uasset" 200
"E:/GameMechanics/Unreal/UnrealProject/Content/TwinStickShooterContent/ShooterMannequin/UE4_Mannequin/Materials/M_UE4Man_ChestLogo.uexp" 201
"E:/GameMechanics/Unreal/UnrealProject/Content/TwinStickShooterContent/ShooterMannequin/UE4_Mannequin/Materials/MaterialLayers/ML_GlossyBlack_Latex_UE4.uasset" 202
"E:/GameMechanics/Unreal/UnrealProject/Content/TwinStickShooterContent/ShooterMannequin/UE4_Mannequin/Materials/MaterialLayers/ML_GlossyBlack_Latex_UE4.uexp" 203
"E:/GameMechanics/Unreal/UnrealProject/Content/TwinStickShooterContent/ShooterMannequin/UE4_Mannequin/Materials/MaterialLayers/ML_Plastic_Shiny_Beige.uasset" 204
"E:/GameMechanics/Unreal/UnrealProject/Content/TwinStickShooterContent/ShooterMannequin/UE4_Mannequin/Materials/MaterialLayers/ML_Plastic_Shiny_Beige.uexp" 205
"E:/GameMechanics/Unreal/UnrealProject/Content/TwinStickShooterContent/ShooterMannequin/UE4_Mannequin/Materials/MaterialLayers/ML_Plastic_Shiny_Beige_LOGO.uasset" 206
"E:/GameMechanics/Unreal/UnrealProject/Content/TwinStickShooterContent/ShooterMannequin/UE4_Mannequin/Materials/MaterialLayers/ML_Plastic_Shiny_Beige_LOGO.uexp" 207
"E:/GameMechanics/Unreal/UnrealProject/Content/TwinStickShooterContent/ShooterMannequin/UE4_Mannequin/Materials/MaterialLayers/ML_SoftMetal_UE4.uasset" 208
"E:/GameMechanics/Unreal/UnrealProject/Content/TwinStickShooterContent/ShooterMannequin/UE4_Mannequin/Materials/MaterialLayers/ML_SoftMetal_UE4.uexp" 209
"E:/GameMechanics/Unreal/UnrealProject/Content/TwinStickShooterContent/ShooterMannequin/UE4_Mannequin/Materials/MaterialLayers/T_ML_Aluminum01.uasset" 210
"E:/GameMechanics/Unreal/UnrealProject/Content/TwinStickShooterContent/ShooterMannequin/UE4_Mannequin/Materials/MaterialLayers/T_ML_Aluminum01.uexp" 211
"E:/GameMechanics/Unreal/UnrealProject/Content/TwinStickShooterContent/ShooterMannequin/UE4_Mannequin/Materials/MaterialLayers/T_ML_Aluminum01.ubulk" 212
"E:/GameMechanics/Unreal/UnrealProject/Content/TwinStickShooterContent/ShooterMannequin/UE4_Mannequin/Materials/MaterialLayers/T_ML_Aluminum01_N.uasset" 213
"E:/GameMechanics/Unreal/UnrealProject/Content/TwinStickShooterContent/ShooterMannequin/UE4_Mannequin/Materials/MaterialLayers/T_ML_Aluminum01_N.uexp" 214
"E:/GameMechanics/Unreal/UnrealProject/Content/TwinStickShooterContent/ShooterMannequin/UE4_Mannequin/Materials/MaterialLayers/T_ML_Aluminum01_N.ubulk" 215
"E:/GameMechanics/Unreal/UnrealProject/Content/TwinStickShooterContent/ShooterMannequin/UE4_Mannequin/Materials/MaterialLayers/T_ML_Rubber_Blue_01_D.uasset" 216
"E:/GameMechanics/Unreal/UnrealProject/Content/TwinStickShooterContent/ShooterMannequin/UE4_Mannequin/Materials/MaterialLayers/T_ML_Rubber_Blue_01_D.uexp" 217
"E:/GameMechanics/Unreal/UnrealProject/Content/TwinStickShooterContent/ShooterMannequin/UE4_Mannequin/Materials/MaterialLayers/T_ML_Rubber_Blue_01_D.ubulk" 218
"E:/GameMechanics/Unreal/UnrealProject/Content/TwinStickShooterContent/ShooterMannequin/UE4_Mannequin/Materials/MaterialLayers/T_ML_Rubber_Blue_01_N.uasset" 219
"E:/GameMechanics/Unreal/UnrealProject/Content/TwinStickShooterContent/ShooterMannequin/UE4_Mannequin/Materials/MaterialLayers/T_ML_Rubber_Blue_01_N.uexp" 220
"E:/GameMechanics/Unreal/UnrealProject/Content/TwinStickShooterContent/ShooterMannequin/UE4_Mannequin/Materials/MaterialLayers/T_ML_Rubber_Blue_01_N.ubulk" 221
"E:/GameMechanics/Unreal/UnrealProject/Content/TwinStickShooterContent/ShooterMannequin/UE4_Mannequin/Mesh/SK_Mannequin_PhysicsAsset.uasset" 222
"E:/GameMechanics/Unreal/UnrealProject/Content/TwinStickShooterContent/ShooterMannequin/UE4_Mannequin/Mesh/SK_Mannequin_PhysicsAsset.uexp" 223
"E:/GameMechanics/Unreal/UnrealProject/Content/TwinStickShooterContent/ShooterMannequin/UE4_Mannequin/Mesh/UE4_Mannequin_Skeleton.uasset" 224
"E:/GameMechanics/Unreal/UnrealProject/Content/TwinStickShooterContent/ShooterMannequin/UE4_Mannequin/Mesh/UE4_Mannequin_Skeleton.uexp" 225
"E:/GameMechanics/Unreal/UnrealProject/Content/TwinStickShooterContent/ShooterMannequin/UE4_Mannequin/Textures/UE4Man_Logo_N.uasset" 226
"E:/GameMechanics/Unreal/UnrealProject/Content/TwinStickShooterContent/ShooterMannequin/UE4_Mannequin/Textures/UE4Man_Logo_N.uexp" 227
"E:/GameMechanics/Unreal/UnrealProject/Content/TwinStickShooterContent/ShooterMannequin/UE4_Mannequin/Textures/UE4Man_Logo_N.ubulk" 228
"E:/GameMechanics/Unreal/UnrealProject/Content/TwinStickShooterContent/ShooterMannequin/UE4_Mannequin/Textures/UE4_LOGO_CARD.uasset" 229
"E:/GameMechanics/Unreal/UnrealProject/Content/TwinStickShooterContent/ShooterMannequin/UE4_Mannequin/Textures/UE4_LOGO_CARD.uexp" 230
"E:/GameMechanics/Unreal/UnrealProject/Content/TwinStickShooterContent/ShooterMannequin/UE4_Mannequin/Textures/UE4_LOGO_CARD.ubulk" 231
"E:/GameMechanics/Unreal/UnrealProject/Content/TwinStickShooterContent/ShooterMannequin/UE4_Mannequin/Textures/UE4_Mannequin_MAT_MASKA.uasset" 232
"E:/GameMechanics/Unreal/UnrealProject/Content/TwinStickShooterContent/ShooterMannequin/UE4_Mannequin/Textures/UE4_Mannequin_MAT_MASKA.uexp" 233
"E:/GameMechanics/Unreal/UnrealProject/Content/TwinStickShooterContent/ShooterMannequin/UE4_Mannequin/Textures/UE4_Mannequin_MAT_MASKA.ubulk" 234
"E:/GameMechanics/Unreal/UnrealProject/Content/TwinStickShooterContent/ShooterMannequin/UE4_Mannequin/Textures/UE4_Mannequin_occlusion_Mobile.uasset" 235
"E:/GameMechanics/Unreal/UnrealProject/Content/TwinStickShooterContent/ShooterMannequin/UE4_Mannequin/Textures/UE4_Mannequin_occlusion_Mobile.uexp" 236
"E:/GameMechanics/Unreal/UnrealProject/Content/TwinStickShooterContent/ShooterMannequin/UE4_Mannequin/Textures/UE4_Mannequin_occlusion_Mobile.ubulk" 237
"E:/GameMechanics/Unreal/UnrealProject/Content/TwinStickShooterContent/ShooterMannequin/UE4_Mannequin/Textures/UE4_Mannequin__normals.uasset" 238
"E:/GameMechanics/Unreal/UnrealProject/Content/TwinStickShooterContent/ShooterMannequin/UE4_Mannequin/Textures/UE4_Mannequin__normals.uexp" 239
"E:/GameMechanics/Unreal/UnrealProject/Content/TwinStickShooterContent/ShooterMannequin/UE4_Mannequin/Textures/UE4_Mannequin__normals.ubulk" 240
"E:/GameMechanics/Unreal/UnrealProject/Content/Material/Mat_Door.uasset" 241
"E:/GameMechanics/Unreal/UnrealProject/Content/Material/Mat_Door.uexp" 242
"../../../Engine/Content/ArtTools/RenderToTexture/Meshes/S_1_Unit_Plane.uasset" 243
"../../../Engine/Content/ArtTools/RenderToTexture/Meshes/S_1_Unit_Plane.uexp" 244
"../../../Engine/Content/BasicShapes/Cone.uasset" 245
"../../../Engine/Content/BasicShapes/Cone.uexp" 246
"../../../Engine/Content/BasicShapes/Plane.uasset" 247
"../../../Engine/Content/BasicShapes/Plane.uexp" 248
"../../../Engine/Content/EditorLandscapeResources/DataLayer.uasset" 249
"../../../Engine/Content/EditorLandscapeResources/DataLayer.uexp" 250
"../../../Engine/Content/EditorLandscapeResources/DefaultAlphaTexture.uasset" 251
"../../../Engine/Content/EditorLandscapeResources/DefaultAlphaTexture.uexp" 252
"../../../Engine/Content/EditorMaterials/MAT_Groups_Toggle.uasset" 253
"../../../Engine/Content/EditorMaterials/MAT_Groups_Toggle.uexp" 254
"../../../Engine/Content/EditorMaterials/MAT_Groups_Visibility.uasset" 255
"../../../Engine/Content/EditorMaterials/MAT_Groups_Visibility.uexp" 256
"../../../Engine/Content/EditorMaterials/PreviewShadowIndicator.uasset" 257
"../../../Engine/Content/EditorMaterials/PreviewShadowIndicator.uexp" 258
"../../../Engine/Content/EditorMaterials/PreviewShadowIndicator.ubulk" 259
"../../../Engine/Content/EditorMaterials/PreviewShadowIndicatorMaterial.uasset" 260
"../../../Engine/Content/EditorMaterials/PreviewShadowIndicatorMaterial.uexp" 261
"../../../Engine/Content/EditorMaterials/MatineeGroups/MAT_ColorTrack.uasset" 262
"../../../Engine/Content/EditorMaterials/MatineeGroups/MAT_ColorTrack.uexp" 263
"../../../Engine/Content/EditorMaterials/MatineeGroups/MAT_Groups_Anim.uasset" 264
"../../../Engine/Content/EditorMaterials/MatineeGroups/MAT_Groups_Anim.uexp" 265
"../../../Engine/Content/EditorMaterials/MatineeGroups/MAT_Groups_AudioMaster.uasset" 266
"../../../Engine/Content/EditorMaterials/MatineeGroups/MAT_Groups_AudioMaster.uexp" 267
"../../../Engine/Content/EditorMaterials/MatineeGroups/MAT_Groups_Director.uasset" 268
"../../../Engine/Content/EditorMaterials/MatineeGroups/MAT_Groups_Director.uexp" 269
"../../../Engine/Content/EditorMaterials/MatineeGroups/MAT_Groups_Event.uasset" 270
"../../../Engine/Content/EditorMaterials/MatineeGroups/MAT_Groups_Event.uexp" 271
"../../../Engine/Content/EditorMaterials/MatineeGroups/MAT_Groups_Fade.uasset" 272
"../../../Engine/Content/EditorMaterials/MatineeGroups/MAT_Groups_Fade.uexp" 273
"../../../Engine/Content/EditorMaterials/MatineeGroups/MAT_Groups_Float.uasset" 274
"../../../Engine/Content/EditorMaterials/MatineeGroups/MAT_Groups_Float.uexp" 275
"../../../Engine/Content/EditorMaterials/MatineeGroups/MAT_Groups_Move.uasset" 276
"../../../Engine/Content/EditorMaterials/MatineeGroups/MAT_Groups_Move.uexp" 277
"../../../Engine/Content/EditorMaterials/MatineeGroups/MAT_Groups_Slomo.uasset" 278
"../../../Engine/Content/EditorMaterials/MatineeGroups/MAT_Groups_Slomo.uexp" 279
"../../../Engine/Content/EditorMaterials/MatineeGroups/MAT_Groups_Sound.uasset" 280
"../../../Engine/Content/EditorMaterials/MatineeGroups/MAT_Groups_Sound.uexp" 281
"../../../Engine/Content/EditorMaterials/MatineeGroups/MAT_Groups_Vector.uasset" 282
"../../../Engine/Content/EditorMaterials/MatineeGroups/MAT_Groups_Vector.uexp" 283
"../../../Engine/Content/EditorMaterials/ParticleSystems/PSysThumbnail_NoImage.uasset" 284
"../../../Engine/Content/EditorMaterials/ParticleSystems/PSysThumbnail_NoImage.uexp" 285
"../../../Engine/Content/EditorMaterials/ParticleSystems/PSysThumbnail_NoImage.ubulk" 286
"../../../Engine/Content/EditorMaterials/ParticleSystems/PSysThumbnail_OOD.uasset" 287
"../../../Engine/Content/EditorMaterials/ParticleSystems/PSysThumbnail_OOD.uexp" 288
"../../../Engine/Content/EditorMaterials/ParticleSystems/PSysThumbnail_OOD.ubulk" 289
"../../../Engine/Content/EditorMaterials/Camera/CineMat.uasset" 290
"../../../Engine/Content/EditorMaterials/Camera/CineMat.uexp" 291
"../../../Engine/Content/EditorMaterials/Camera/MI_CineMat_Rig.uasset" 292
"../../../Engine/Content/EditorMaterials/Camera/MI_CineMat_Rig.uexp" 293
"../../../Engine/Content/EditorMeshes/Camera/SM_CraneRig_Arm.uasset" 294
"../../../Engine/Content/EditorMeshes/Camera/SM_CraneRig_Arm.uexp" 295
"../../../Engine/Content/EditorMeshes/Camera/SM_CraneRig_Base.uasset" 296
"../../../Engine/Content/EditorMeshes/Camera/SM_CraneRig_Base.uexp" 297
"../../../Engine/Content/EditorMeshes/Camera/SM_CraneRig_Body.uasset" 298
"../../../Engine/Content/EditorMeshes/Camera/SM_CraneRig_Body.uexp" 299
"../../../Engine/Content/EditorMeshes/Camera/SM_CraneRig_Mount.uasset" 300
"../../../Engine/Content/EditorMeshes/Camera/SM_CraneRig_Mount.uexp" 301
"../../../Engine/Content/EditorMeshes/Camera/SM_RailRig_Mount.uasset" 302
"../../../Engine/Content/EditorMeshes/Camera/SM_RailRig_Mount.uexp" 303
"../../../Engine/Content/EditorMeshes/Camera/SM_RailRig_Track.uasset" 304
"../../../Engine/Content/EditorMeshes/Camera/SM_RailRig_Track.uexp" 305
"../../../Engine/Content/EditorResources/BSPVertex.uasset" 306
"../../../Engine/Content/EditorResources/BSPVertex.uexp" 307
"../../../Engine/Content/EditorResources/EmptyActor.uasset" 308
"../../../Engine/Content/EditorResources/EmptyActor.uexp" 309
"../../../Engine/Content/EditorResources/S_Actor.uasset" 310
"../../../Engine/Content/EditorResources/S_Actor.uexp" 311
"../../../Engine/Content/EditorResources/S_Actor.ubulk" 312
"../../../Engine/Content/EditorResources/S_Note.uasset" 313
"../../../Engine/Content/EditorResources/S_Note.uexp" 314
"../../../Engine/Content/EditorResources/S_Note.ubulk" 315
"../../../Engine/Content/EditorResources/S_Solver.uasset" 316
"../../../Engine/Content/EditorResources/S_Solver.uexp" 317
"../../../Engine/Content/EditorResources/S_Solver.ubulk" 318
"../../../Engine/Content/EditorResources/S_Terrain.uasset" 319
"../../../Engine/Content/EditorResources/S_Terrain.uexp" 320
"../../../Engine/Content/EditorResources/S_Terrain.ubulk" 321
"../../../Engine/Content/EditorResources/S_Trigger.uasset" 322
"../../../Engine/Content/EditorResources/S_Trigger.uexp" 323
"../../../Engine/Content/EditorResources/S_Trigger.ubulk" 324
"../../../Engine/Content/EditorResources/LightIcons/S_LightError.uasset" 325
"../../../Engine/Content/EditorResources/LightIcons/S_LightError.uexp" 326
"../../../Engine/Content/EditorResources/SequenceRecorder/Countdown.uasset" 327
"../../../Engine/Content/EditorResources/SequenceRecorder/Countdown.uexp" 328
"../../../Engine/Content/EditorResources/SequenceRecorder/RecordingIndicator.uasset" 329
"../../../Engine/Content/EditorResources/SequenceRecorder/RecordingIndicator.uexp" 330
"../../../Engine/Content/EngineDamageTypes/DmgTypeBP_Environmental.uasset" 331
"../../../Engine/Content/EngineDamageTypes/DmgTypeBP_Environmental.uexp" 332
"../../../Engine/Content/EngineDebugMaterials/DebugEditorMaterial.uasset" 333
"../../../Engine/Content/EngineDebugMaterials/DebugEditorMaterial.uexp" 334
"../../../Engine/Content/EngineDebugMaterials/DebugMeshMaterial.uasset" 335
"../../../Engine/Content/EngineDebugMaterials/DebugMeshMaterial.uexp" 336
"../../../Engine/Content/EngineDebugMaterials/M_SimpleUnlitTranslucent.uasset" 337
"../../../Engine/Content/EngineDebugMaterials/M_SimpleUnlitTranslucent.uexp" 338
"../../../Engine/Content/EngineDebugMaterials/VolumeToRender.uasset" 339
"../../../Engine/Content/EngineDebugMaterials/VolumeToRender.uexp" 340
"../../../Engine/Content/Functions/Engine_MaterialFunctions02/Utility/CameraDirectionVector.uasset" 341
"../../../Engine/Content/Functions/Engine_MaterialFunctions02/Utility/CameraDirectionVector.uexp" 342
"../../../Engine/Content/EngineDebugMaterials/M_VolumeRenderSphereTracePP.uasset" 343
"../../../Engine/Content/EngineDebugMaterials/M_VolumeRenderSphereTracePP.uexp" 344
"../../../Engine/Content/Functions/Engine_MaterialFunctions01/Shading/ConvertFromDiffSpec.uasset" 345
"../../../Engine/Content/Functions/Engine_MaterialFunctions01/Shading/ConvertFromDiffSpec.uexp" 346
"../../../Engine/Content/EngineDebugMaterials/VertexColorMaterial.uasset" 347
"../../../Engine/Content/EngineDebugMaterials/VertexColorMaterial.uexp" 348
"../../../Engine/Content/EngineDebugMaterials/WireframeMaterial.uasset" 349
"../../../Engine/Content/EngineDebugMaterials/WireframeMaterial.uexp" 350
"../../../Engine/Content/EngineFonts/Faces/RobotoRegular.uasset" 351
"../../../Engine/Content/EngineFonts/Faces/RobotoRegular.uexp" 352
"../../../Engine/Content/EngineFonts/Faces/RobotoRegular.ufont" 353
"../../../Engine/Content/EngineFonts/Faces/RobotoLight.uasset" 354
"../../../Engine/Content/EngineFonts/Faces/RobotoLight.uexp" 355
"../../../Engine/Content/EngineFonts/Faces/RobotoLight.ufont" 356
"../../../Engine/Content/EngineFonts/Faces/RobotoItalic.uasset" 357
"../../../Engine/Content/EngineFonts/Faces/RobotoItalic.uexp" 358
"../../../Engine/Content/EngineFonts/Faces/RobotoItalic.ufont" 359
"../../../Engine/Content/EngineFonts/Faces/RobotoBoldItalic.uasset" 360
"../../../Engine/Content/EngineFonts/Faces/RobotoBoldItalic.uexp" 361
"../../../Engine/Content/EngineFonts/Faces/RobotoBoldItalic.ufont" 362
"../../../Engine/Content/EngineFonts/Faces/RobotoBold.uasset" 363
"../../../Engine/Content/EngineFonts/Faces/RobotoBold.uexp" 364
"../../../Engine/Content/EngineFonts/Faces/RobotoBold.ufont" 365
"../../../Engine/Content/EngineFonts/Faces/DroidSansFallback.uasset" 366
"../../../Engine/Content/EngineFonts/Faces/DroidSansFallback.uexp" 367
"../../../Engine/Content/EngineFonts/Faces/DroidSansFallback.ufont" 368
"../../../Engine/Content/EngineFonts/Roboto.uasset" 369
"../../../Engine/Content/EngineFonts/Roboto.uexp" 370
"../../../Engine/Content/EngineMaterials/BaseFlattenNormalMap.uasset" 371
"../../../Engine/Content/EngineMaterials/BaseFlattenNormalMap.uexp" 372
"../../../Engine/Content/EngineMaterials/BaseFlattenGrayscaleMap.uasset" 373
"../../../Engine/Content/EngineMaterials/BaseFlattenGrayscaleMap.uexp" 374
"../../../Engine/Content/EngineMaterials/BaseFlattenEmissiveMap.uasset" 375
"../../../Engine/Content/EngineMaterials/BaseFlattenEmissiveMap.uexp" 376
"../../../Engine/Content/EngineMaterials/BaseFlattenDiffuseMap.uasset" 377
"../../../Engine/Content/EngineMaterials/BaseFlattenDiffuseMap.uexp" 378
"../../../Engine/Content/EngineMaterials/BaseFlattenMaterial.uasset" 379
"../../../Engine/Content/EngineMaterials/BaseFlattenMaterial.uexp" 380
"../../../Engine/Content/EngineMaterials/BlueNoise.uasset" 381
"../../../Engine/Content/EngineMaterials/BlueNoise.uexp" 382
"../../../Engine/Content/EngineMaterials/DefaultBloomKernel.uasset" 383
"../../../Engine/Content/EngineMaterials/DefaultBloomKernel.uexp" 384
"../../../Engine/Content/EngineMaterials/DefaultBokeh.uasset" 385
"../../../Engine/Content/EngineMaterials/DefaultBokeh.uexp" 386
"../../../Engine/Content/EngineMaterials/DefaultDiffuse.uasset" 387
"../../../Engine/Content/EngineMaterials/DefaultDiffuse.uexp" 388
"../../../Engine/Content/EngineMaterials/DefaultDiffuse.ubulk" 389
"../../../Engine/Content/EngineMaterials/DefaultDeferredDecalMaterial.uasset" 390
"../../../Engine/Content/EngineMaterials/DefaultDeferredDecalMaterial.uexp" 391
"../../../Engine/Content/EngineMaterials/DefaultLightFunctionMaterial.uasset" 392
"../../../Engine/Content/EngineMaterials/DefaultLightFunctionMaterial.uexp" 393
"../../../Engine/Content/EngineMaterials/DefaultPhysicalMaterial.uasset" 394
"../../../Engine/Content/EngineMaterials/DefaultPhysicalMaterial.uexp" 395
"../../../Engine/Content/Functions/Engine_MaterialFunctions02/Utility/BreakOutFloat2Components.uasset" 396
"../../../Engine/Content/Functions/Engine_MaterialFunctions02/Utility/BreakOutFloat2Components.uexp" 397
"../../../Engine/Content/EngineMaterials/DefaultPostProcessMaterial.uasset" 398
"../../../Engine/Content/EngineMaterials/DefaultPostProcessMaterial.uexp" 399
"../../../Engine/Content/EngineFonts/RobotoDistanceField.uasset" 400
"../../../Engine/Content/EngineFonts/RobotoDistanceField.uexp" 401
"../../../Engine/Content/EngineMaterials/DefaultTextMaterialOpaque.uasset" 402
"../../../Engine/Content/EngineMaterials/DefaultTextMaterialOpaque.uexp" 403
"../../../Engine/Content/EngineMaterials/DefaultWhiteGrid.uasset" 404
"../../../Engine/Content/EngineMaterials/DefaultWhiteGrid.uexp" 405
"../../../Engine/Content/EngineMaterials/DefaultWhiteGrid.ubulk" 406
"../../../Engine/Content/EngineMaterials/DefaultWhiteGrid_Low.uasset" 407
"../../../Engine/Content/EngineMaterials/DefaultWhiteGrid_Low.uexp" 408
"../../../Engine/Content/EngineMaterials/EmissiveMeshMaterial.uasset" 409
"../../../Engine/Content/EngineMaterials/EmissiveMeshMaterial.uexp" 410
"../../../Engine/Content/EngineMaterials/GizmoMaterial.uasset" 411
"../../../Engine/Content/EngineMaterials/GizmoMaterial.uexp" 412
"../../../Engine/Content/EngineMaterials/Good64x64TilingNoiseHighFreq.uasset" 413
"../../../Engine/Content/EngineMaterials/Good64x64TilingNoiseHighFreq.uexp" 414
"../../../Engine/Content/EngineMaterials/MiniFont.uasset" 415
"../../../Engine/Content/EngineMaterials/MiniFont.uexp" 416
"../../../Engine/Content/EngineMaterials/InvalidLightmapSettings.uasset" 417
"../../../Engine/Content/EngineMaterials/InvalidLightmapSettings.uexp" 418
"../../../Engine/Content/EngineMaterials/InvalidLightmapSettings.ubulk" 419
"../../../Engine/Content/EngineMaterials/M_InvalidLightmapSettings.uasset" 420
"../../../Engine/Content/EngineMaterials/M_InvalidLightmapSettings.uexp" 421
"../../../Engine/Content/Functions/Engine_MaterialFunctions02/WorldPositionOffset/CameraOffset.uasset" 422
"../../../Engine/Content/Functions/Engine_MaterialFunctions02/WorldPositionOffset/CameraOffset.uexp" 423
"../../../Engine/Content/EngineMaterials/PhAT_JointLimitMaterial.uasset" 424
"../../../Engine/Content/EngineMaterials/PhAT_JointLimitMaterial.uexp" 425
"../../../Engine/Content/EngineMaterials/DefaultCalibrationColor.uasset" 426
"../../../Engine/Content/EngineMaterials/DefaultCalibrationColor.uexp" 427
"../../../Engine/Content/EngineMaterials/PPM_DefaultCalibrationColor.uasset" 428
"../../../Engine/Content/EngineMaterials/PPM_DefaultCalibrationColor.uexp" 429
"../../../Engine/Content/EngineMaterials/DefaultCalibrationGrayscale.uasset" 430
"../../../Engine/Content/EngineMaterials/DefaultCalibrationGrayscale.uexp" 431
"../../../Engine/Content/EngineMaterials/PPM_DefaultCalibrationGrayscale.uasset" 432
"../../../Engine/Content/EngineMaterials/PPM_DefaultCalibrationGrayscale.uexp" 433
"../../../Engine/Content/EngineMaterials/PreintegratedSkinBRDF.uasset" 434
"../../../Engine/Content/EngineMaterials/PreintegratedSkinBRDF.uexp" 435
"../../../Engine/Content/EngineMaterials/RemoveSurfaceMaterial.uasset" 436
"../../../Engine/Content/EngineMaterials/RemoveSurfaceMaterial.uexp" 437
"../../../Engine/Content/EngineMaterials/WeightMapPlaceholderTexture.uasset" 438
"../../../Engine/Content/EngineMaterials/WeightMapPlaceholderTexture.uexp" 439
"../../../Engine/Content/EngineResources/WhiteSquareTexture.uasset" 440
"../../../Engine/Content/EngineResources/WhiteSquareTexture.uexp" 441
"../../../Engine/Content/EngineMaterials/Widget3DPassThrough.uasset" 442
"../../../Engine/Content/EngineMaterials/Widget3DPassThrough.uexp" 443
"../../../Engine/Content/EngineMaterials/Widget3DPassThrough_Masked.uasset" 444
"../../../Engine/Content/EngineMaterials/Widget3DPassThrough_Masked.uexp" 445
"../../../Engine/Content/EngineMaterials/Widget3DPassThrough_Opaque.uasset" 446
"../../../Engine/Content/EngineMaterials/Widget3DPassThrough_Opaque.uexp" 447
"../../../Engine/Content/EngineMaterials/Widget3DPassThrough_Masked_OneSided.uasset" 448
"../../../Engine/Content/EngineMaterials/Widget3DPassThrough_Masked_OneSided.uexp" 449
"../../../Engine/Content/EngineMaterials/Widget3DPassThrough_Opaque_OneSided.uasset" 450
"../../../Engine/Content/EngineMaterials/Widget3DPassThrough_Opaque_OneSided.uexp" 451
"../../../Engine/Content/EngineMaterials/Widget3DPassThrough_Translucent.uasset" 452
"../../../Engine/Content/EngineMaterials/Widget3DPassThrough_Translucent.uexp" 453
"../../../Engine/Content/EngineMaterials/Widget3DPassThrough_Translucent_OneSided.uasset" 454
"../../../Engine/Content/EngineMaterials/Widget3DPassThrough_Translucent_OneSided.uexp" 455
"../../../Engine/Content/EngineMeshes/Cylinder.uasset" 456
"../../../Engine/Content/EngineMeshes/Cylinder.uexp" 457
"../../../Engine/Content/EngineMeshes/Sphere.uasset" 458
"../../../Engine/Content/EngineMeshes/Sphere.uexp" 459
"../../../Engine/Content/EngineResources/DefaultTexture.uasset" 460
"../../../Engine/Content/EngineResources/DefaultTexture.uexp" 461
"../../../Engine/Content/EngineResources/DefaultTexture.ubulk" 462
"../../../Engine/Content/EngineResources/DefaultTextureCube.uasset" 463
"../../../Engine/Content/EngineResources/DefaultTextureCube.uexp" 464
"../../../Engine/Content/EngineResources/DefaultVolumeTexture2D.uasset" 465
"../../../Engine/Content/EngineResources/DefaultVolumeTexture2D.uexp" 466
"../../../Engine/Content/EngineResources/DefaultVolumeTexture.uasset" 467
"../../../Engine/Content/EngineResources/DefaultVolumeTexture.uexp" 468
"../../../Engine/Content/EngineResources/GradientTexture0.uasset" 469
"../../../Engine/Content/EngineResources/GradientTexture0.uexp" 470
"../../../Engine/Content/EngineSky/VolumetricClouds/T_NoiseShape64.uasset" 471
"../../../Engine/Content/EngineSky/VolumetricClouds/T_NoiseShape64.uexp" 472
"../../../Engine/Content/EngineSky/VolumetricClouds/T_NoiseShape64.ubulk" 473
"../../../Engine/Content/EngineSky/VolumetricClouds/T_VolumeNoiseShape64.uasset" 474
"../../../Engine/Content/EngineSky/VolumetricClouds/T_VolumeNoiseShape64.uexp" 475
"../../../Engine/Content/EngineSky/VolumetricClouds/T_NoiseErosion.uasset" 476
"../../../Engine/Content/EngineSky/VolumetricClouds/T_NoiseErosion.uexp" 477
"../../../Engine/Content/EngineSky/VolumetricClouds/T_NoiseErosion.ubulk" 478
"../../../Engine/Content/EngineSky/VolumetricClouds/T_VolumeNoiseErosion32.uasset" 479
"../../../Engine/Content/EngineSky/VolumetricClouds/T_VolumeNoiseErosion32.uexp" 480
"../../../Engine/Content/EngineSky/VolumetricClouds/CloudWeatherTexture.uasset" 481
"../../../Engine/Content/EngineSky/VolumetricClouds/CloudWeatherTexture.uexp" 482
"../../../Engine/Content/EngineSky/VolumetricClouds/CloudGradientTexture.uasset" 483
"../../../Engine/Content/EngineSky/VolumetricClouds/CloudGradientTexture.uexp" 484
"../../../Engine/Content/Functions/Engine_MaterialFunctions02/Utility/MakeFloat2.uasset" 485
"../../../Engine/Content/Functions/Engine_MaterialFunctions02/Utility/MakeFloat2.uexp" 486
"../../../Engine/Content/EngineSky/VolumetricClouds/m_SimpleVolumetricCloud.uasset" 487
"../../../Engine/Content/EngineSky/VolumetricClouds/m_SimpleVolumetricCloud.uexp" 488
"../../../Engine/Content/EngineSky/VolumetricClouds/m_SimpleVolumetricCloud_Inst.uasset" 489
"../../../Engine/Content/EngineSky/VolumetricClouds/m_SimpleVolumetricCloud_Inst.uexp" 490
"../../../Engine/Content/EngineSounds/Master.uasset" 491
"../../../Engine/Content/EngineSounds/Master.uexp" 492
"../../../Engine/Content/Functions/Engine_MaterialFunctions01/Shading/PowerToRoughness.uasset" 493
"../../../Engine/Content/Functions/Engine_MaterialFunctions01/Shading/PowerToRoughness.uexp" 494
"../../../Engine/Content/Maps/Templates/Thumbnails/Default.uasset" 495
"../../../Engine/Content/Maps/Templates/Thumbnails/Default.uexp" 496
"../../../Engine/Content/Maps/Templates/Thumbnails/TimeOfDay.uasset" 497
"../../../Engine/Content/Maps/Templates/Thumbnails/TimeOfDay.uexp" 498
"../../../Engine/Content/Maps/Templates/Thumbnails/VR-Basic.uasset" 499
"../../../Engine/Content/Maps/Templates/Thumbnails/VR-Basic.uexp" 500
"../../../Engine/Content/MobileResources/T_MobileControls_texture.uasset" 501
"../../../Engine/Content/MobileResources/T_MobileControls_texture.uexp" 502
"../../../Engine/Content/MobileResources/T_MobileMenu2.uasset" 503
"../../../Engine/Content/MobileResources/T_MobileMenu2.uexp" 504
"../../../Engine/Content/MobileResources/HUD/AnalogHat.uasset" 505
"../../../Engine/Content/MobileResources/HUD/AnalogHat.uexp" 506
"../../../Engine/Content/MobileResources/HUD/VirtualJoystick_Thumb.uasset" 507
"../../../Engine/Content/MobileResources/HUD/VirtualJoystick_Thumb.uexp" 508
"../../../Engine/Content/MobileResources/HUD/VirtualJoystick_Background.uasset" 509
"../../../Engine/Content/MobileResources/HUD/VirtualJoystick_Background.uexp" 510
"../../../Engine/Content/MobileResources/HUD/DefaultVirtualJoysticks.uasset" 511
"../../../Engine/Content/MobileResources/HUD/DefaultVirtualJoysticks.uexp" 512
"../../../Engine/Content/MobileResources/HUD/LeftVirtualJoystickOnly.uasset" 513
"../../../Engine/Content/MobileResources/HUD/LeftVirtualJoystickOnly.uexp" 514
"../../../Engine/Content/MobileResources/HUD/MobileHUDButton1_off.uasset" 515
"../../../Engine/Content/MobileResources/HUD/MobileHUDButton1_off.uexp" 516
"../../../Engine/Content/MobileResources/HUD/MobileHUDButton1_on.uasset" 517
"../../../Engine/Content/MobileResources/HUD/MobileHUDButton1_on.uexp" 518
"../../../Engine/Content/MobileResources/HUD/MobileHUDButton2_off.uasset" 519
"../../../Engine/Content/MobileResources/HUD/MobileHUDButton2_off.uexp" 520
"../../../Engine/Content/MobileResources/HUD/MobileHUDButton2_on.uasset" 521
"../../../Engine/Content/MobileResources/HUD/MobileHUDButton2_on.uexp" 522
"../../../Engine/Content/MobileResources/HUD/MobileHUDButton3.uasset" 523
"../../../Engine/Content/MobileResources/HUD/MobileHUDButton3.uexp" 524
"../../../Engine/Content/MobileResources/HUD/MobileHUDButtonFire.uasset" 525
"../../../Engine/Content/MobileResources/HUD/MobileHUDButtonFire.uexp" 526
"../../../Engine/Content/MobileResources/HUD/MobileHUDDirectionPad.uasset" 527
"../../../Engine/Content/MobileResources/HUD/MobileHUDDirectionPad.uexp" 528
"../../../Engine/Content/MobileResources/HUD/MobileHUDDirectionPad2.uasset" 529
"../../../Engine/Content/MobileResources/HUD/MobileHUDDirectionPad2.uexp" 530
"../../../Engine/Content/MobileResources/HUD/MobileHUDDirectionPad3.uasset" 531
"../../../Engine/Content/MobileResources/HUD/MobileHUDDirectionPad3.uexp" 532
"../../../Engine/Content/MobileResources/HUD/MobileHUDDirectionStick.uasset" 533
"../../../Engine/Content/MobileResources/HUD/MobileHUDDirectionStick.uexp" 534
"../../../Engine/Content/MobileResources/HUD/T_Castle_ThumbstickInner.uasset" 535
"../../../Engine/Content/MobileResources/HUD/T_Castle_ThumbstickInner.uexp" 536
"../../../Engine/Content/MobileResources/HUD/T_Castle_ThumbstickOutter.uasset" 537
"../../../Engine/Content/MobileResources/HUD/T_Castle_ThumbstickOutter.uexp" 538
"../../../Engine/Content/Tutorial/ContentIntroCurve.uasset" 539
"../../../Engine/Content/Tutorial/ContentIntroCurve.uexp" 540
"../../../Engine/Content/Tutorial/Basics/TutorialAssets/icon_tab_Levels_40x.uasset" 541
"../../../Engine/Content/Tutorial/Basics/TutorialAssets/icon_tab_Levels_40x.uexp" 542
"../../../Engine/Content/VREditor/TransformGizmo/TranslucentTransformGizmoMaterial.uasset" 543
"../../../Engine/Content/VREditor/TransformGizmo/TranslucentTransformGizmoMaterial.uexp" 544
"../../../Engine/Content/VREditor/LaserPointer/VR_LaserPower_01.uasset" 545
"../../../Engine/Content/VREditor/LaserPointer/VR_LaserPower_01.uexp" 546
"../../../Engine/Content/VREditor/LaserPointer/VR_LaserPower_01.ubulk" 547
"../../../Engine/Content/VREditor/TransformGizmo/TransformGizmoMaterial.uasset" 548
"../../../Engine/Content/VREditor/TransformGizmo/TransformGizmoMaterial.uexp" 549
"../../../Engine/Content/VREditor/TransformGizmo/BoundingBoxCorner.uasset" 550
"../../../Engine/Content/VREditor/TransformGizmo/BoundingBoxCorner.uexp" 551
"../../../Engine/Content/VREditor/TransformGizmo/BoundingBoxEdge.uasset" 552
"../../../Engine/Content/VREditor/TransformGizmo/BoundingBoxEdge.uexp" 553
"../../../Engine/Content/VREditor/TransformGizmo/PlaneTranslationHandle.uasset" 554
"../../../Engine/Content/VREditor/TransformGizmo/PlaneTranslationHandle.uexp" 555
"../../../Engine/Content/VREditor/TransformGizmo/Xray.uasset" 556
"../../../Engine/Content/VREditor/TransformGizmo/Xray.uexp" 557
"../../../Engine/Content/VREditor/TransformGizmo/Main.uasset" 558
"../../../Engine/Content/VREditor/TransformGizmo/Main.uexp" 559
"../../../Engine/Content/VREditor/TransformGizmo/SM_Sequencer_Key.uasset" 560
"../../../Engine/Content/VREditor/TransformGizmo/SM_Sequencer_Key.uexp" 561
"../../../Engine/Content/VREditor/TransformGizmo/SM_Sequencer_Node.uasset" 562
"../../../Engine/Content/VREditor/TransformGizmo/SM_Sequencer_Node.uexp" 563
"../../../Engine/Plugins/2D/Paper2D/Content/PlaceholderTextures/DummySpriteTexture.uasset" 564
"../../../Engine/Plugins/2D/Paper2D/Content/PlaceholderTextures/DummySpriteTexture.uexp" 565
"../../../Engine/Plugins/2D/Paper2D/Content/PlaceholderTextures/DummySpriteTexture.ubulk" 566
"../../../Engine/Plugins/2D/Paper2D/Content/DummySprite.uasset" 567
"../../../Engine/Plugins/2D/Paper2D/Content/DummySprite.uexp" 568
"../../../Engine/Plugins/2D/Paper2D/Content/DefaultPaperTerrainMaterial.uasset" 569
"../../../Engine/Plugins/2D/Paper2D/Content/DefaultPaperTerrainMaterial.uexp" 570
"../../../Engine/Plugins/2D/Paper2D/Content/DefaultSpriteMaterial.uasset" 571
"../../../Engine/Plugins/2D/Paper2D/Content/DefaultSpriteMaterial.uexp" 572
"../../../Engine/Plugins/2D/Paper2D/Content/MaskedUnlitSpriteMaterial.uasset" 573
"../../../Engine/Plugins/2D/Paper2D/Content/MaskedUnlitSpriteMaterial.uexp" 574
"../../../Engine/Plugins/2D/Paper2D/Content/OpaqueUnlitSpriteMaterial.uasset" 575
"../../../Engine/Plugins/2D/Paper2D/Content/OpaqueUnlitSpriteMaterial.uexp" 576
"../../../Engine/Content/Functions/Engine_MaterialFunctions02/Utility/BreakOutFloat3Components.uasset" 577
"../../../Engine/Content/Functions/Engine_MaterialFunctions02/Utility/BreakOutFloat3Components.uexp" 578
"../../../Engine/Plugins/Editor/SpeedTreeImporter/Content/SpeedTree9/UnpackInteger3.uasset" 579
"../../../Engine/Plugins/Editor/SpeedTreeImporter/Content/SpeedTree9/UnpackInteger3.uexp" 580
"../../../Engine/Plugins/Editor/SpeedTreeImporter/Content/SpeedTree9/UnpackDirection.uasset" 581
"../../../Engine/Plugins/Editor/SpeedTreeImporter/Content/SpeedTree9/UnpackDirection.uexp" 582
"../../../Engine/Plugins/Editor/SpeedTreeImporter/Content/SpeedTree9/game_wind_noise.uasset" 583
"../../../Engine/Plugins/Editor/SpeedTreeImporter/Content/SpeedTree9/game_wind_noise.uexp" 584
"../../../Engine/Plugins/Editor/SpeedTreeImporter/Content/SpeedTree9/game_wind_noise.ubulk" 585
"../../../Engine/Content/Functions/Engine_MaterialFunctions02/SafeNormalize.uasset" 586
"../../../Engine/Content/Functions/Engine_MaterialFunctions02/SafeNormalize.uexp" 587
"../../../Engine/Plugins/Editor/SpeedTreeImporter/Content/SpeedTree9/SpeedTreeWindMotion.uasset" 588
"../../../Engine/Plugins/Editor/SpeedTreeImporter/Content/SpeedTree9/SpeedTreeWindMotion.uexp" 589
"../../../Engine/Plugins/Editor/SpeedTreeImporter/Content/SpeedTree9/SpeedTreeBranchMotion.uasset" 590
"../../../Engine/Plugins/Editor/SpeedTreeImporter/Content/SpeedTree9/SpeedTreeBranchMotion.uexp" 591
"../../../Engine/Content/Functions/Engine_MaterialFunctions02/ObjectLocalBounds.uasset" 592
"../../../Engine/Content/Functions/Engine_MaterialFunctions02/ObjectLocalBounds.uexp" 593
"../../../Engine/Content/Functions/Engine_MaterialFunctions02/UVs/BoundingBoxBased_0-1_UVW.uasset" 594
"../../../Engine/Content/Functions/Engine_MaterialFunctions02/UVs/BoundingBoxBased_0-1_UVW.uexp" 595
"../../../Engine/Content/Functions/Engine_MaterialFunctions02/Utility/VectorLength.uasset" 596
"../../../Engine/Content/Functions/Engine_MaterialFunctions02/Utility/VectorLength.uexp" 597
"../../../Engine/Content/Functions/Engine_MaterialFunctions02/WorldPositionOffset/ObjectScale.uasset" 598
"../../../Engine/Content/Functions/Engine_MaterialFunctions02/WorldPositionOffset/ObjectScale.uexp" 599
"../../../Engine/Plugins/Editor/SpeedTreeImporter/Content/SpeedTree9/SpeedTreeWind.uasset" 600
"../../../Engine/Plugins/Editor/SpeedTreeImporter/Content/SpeedTree9/SpeedTreeWind.uexp" 601
"../../../Engine/Plugins/Editor/SpeedTreeImporter/Content/SpeedTree9/SpeedTreeBillboard.uasset" 602
"../../../Engine/Plugins/Editor/SpeedTreeImporter/Content/SpeedTree9/SpeedTreeBillboard.uexp" 603
"../../../Engine/Plugins/Editor/SpeedTreeImporter/Content/SpeedTree9/EmptyNormal.uasset" 604
"../../../Engine/Plugins/Editor/SpeedTreeImporter/Content/SpeedTree9/EmptyNormal.uexp" 605
"../../../Engine/Plugins/Editor/SpeedTreeImporter/Content/SpeedTree9/Empty.uasset" 606
"../../../Engine/Plugins/Editor/SpeedTreeImporter/Content/SpeedTree9/Empty.uexp" 607
"../../../Engine/Plugins/Editor/SpeedTreeImporter/Content/SpeedTree9/SpeedTreeBillboardMaster.uasset" 608
"../../../Engine/Plugins/Editor/SpeedTreeImporter/Content/SpeedTree9/SpeedTreeBillboardMaster.uexp" 609
"../../../Engine/Plugins/Editor/SpeedTreeImporter/Content/SpeedTree9/SpeedTreeCameraFacing.uasset" 610
"../../../Engine/Plugins/Editor/SpeedTreeImporter/Content/SpeedTree9/SpeedTreeCameraFacing.uexp" 611
"../../../Engine/Plugins/Editor/SpeedTreeImporter/Content/SpeedTree9/SpeedTreeMaster.uasset" 612
"../../../Engine/Plugins/Editor/SpeedTreeImporter/Content/SpeedTree9/SpeedTreeMaster.uexp" 613
"../../../Engine/Content/BasicShapes/Cylinder.uasset" 614
"../../../Engine/Content/BasicShapes/Cylinder.uexp" 615
"../../../Engine/Content/ArtTools/RenderToTexture/Materials/Debug/M_Emissive_Color.uasset" 616
"../../../Engine/Content/ArtTools/RenderToTexture/Materials/Debug/M_Emissive_Color.uexp" 617
"../../../Engine/Plugins/Lumin/MagicLeapPassableWorld/Content/MagicLeapARPinInfoActor.uasset" 618
"../../../Engine/Plugins/Lumin/MagicLeapPassableWorld/Content/MagicLeapARPinInfoActor.uexp" 619
"../../../Engine/Content/EngineResources/Black.uasset" 620
"../../../Engine/Content/EngineResources/Black.uexp" 621
"../../../Engine/Plugins/Runtime/OpenXR/Content/Devices/GoogleDaydream/MRTexture.uasset" 622
"../../../Engine/Plugins/Runtime/OpenXR/Content/Devices/GoogleDaydream/MRTexture.uexp" 623
"../../../Engine/Plugins/Runtime/OpenXR/Content/Devices/GoogleDaydream/MRTexture.ubulk" 624
"../../../Engine/Plugins/Runtime/OpenXR/Content/Devices/GoogleDaydream/BaseTexture.uasset" 625
"../../../Engine/Plugins/Runtime/OpenXR/Content/Devices/GoogleDaydream/BaseTexture.uexp" 626
"../../../Engine/Plugins/Runtime/OpenXR/Content/Devices/GoogleDaydream/BaseTexture.ubulk" 627
"../../../Engine/Plugins/Runtime/OpenXR/Content/Devices/M_XRController.uasset" 628
"../../../Engine/Plugins/Runtime/OpenXR/Content/Devices/M_XRController.uexp" 629
"../../../Engine/Plugins/Runtime/OpenXR/Content/Devices/GoogleDaydream/MI_GoogleDaydream.uasset" 630
"../../../Engine/Plugins/Runtime/OpenXR/Content/Devices/GoogleDaydream/MI_GoogleDaydream.uexp" 631
"../../../Engine/Plugins/Runtime/OpenXR/Content/Devices/GoogleDaydream/GoogleDaydreamController.uasset" 632
"../../../Engine/Plugins/Runtime/OpenXR/Content/Devices/GoogleDaydream/GoogleDaydreamController.uexp" 633
"../../../Engine/Plugins/Runtime/OpenXR/Content/Devices/HTCVive/BaseTexture.uasset" 634
"../../../Engine/Plugins/Runtime/OpenXR/Content/Devices/HTCVive/BaseTexture.uexp" 635
"../../../Engine/Plugins/Runtime/OpenXR/Content/Devices/HTCVive/BaseTexture.ubulk" 636
"../../../Engine/Plugins/Runtime/OpenXR/Content/Devices/HTCVive/MI_HTCVive.uasset" 637
"../../../Engine/Plugins/Runtime/OpenXR/Content/Devices/HTCVive/MI_HTCVive.uexp" 638
"../../../Engine/Plugins/Runtime/OpenXR/Content/Devices/HTCVive/HTCViveController.uasset" 639
"../../../Engine/Plugins/Runtime/OpenXR/Content/Devices/HTCVive/HTCViveController.uexp" 640
"../../../Engine/Plugins/Runtime/OpenXR/Content/Devices/MicrosoftMixedReality/NormalTexture.uasset" 641
"../../../Engine/Plugins/Runtime/OpenXR/Content/Devices/MicrosoftMixedReality/NormalTexture.uexp" 642
"../../../Engine/Plugins/Runtime/OpenXR/Content/Devices/MicrosoftMixedReality/NormalTexture.ubulk" 643
"../../../Engine/Plugins/Runtime/OpenXR/Content/Devices/MicrosoftMixedReality/MRTexture.uasset" 644
"../../../Engine/Plugins/Runtime/OpenXR/Content/Devices/MicrosoftMixedReality/MRTexture.uexp" 645
"../../../Engine/Plugins/Runtime/OpenXR/Content/Devices/MicrosoftMixedReality/MRTexture.ubulk" 646
"../../../Engine/Plugins/Runtime/OpenXR/Content/Devices/MicrosoftMixedReality/EmissiveTexture.uasset" 647
"../../../Engine/Plugins/Runtime/OpenXR/Content/Devices/MicrosoftMixedReality/EmissiveTexture.uexp" 648
"../../../Engine/Plugins/Runtime/OpenXR/Content/Devices/MicrosoftMixedReality/EmissiveTexture.ubulk" 649
"../../../Engine/Plugins/Runtime/OpenXR/Content/Devices/MicrosoftMixedReality/BaseTexture.uasset" 650
"../../../Engine/Plugins/Runtime/OpenXR/Content/Devices/MicrosoftMixedReality/BaseTexture.uexp" 651
"../../../Engine/Plugins/Runtime/OpenXR/Content/Devices/MicrosoftMixedReality/BaseTexture.ubulk" 652
"../../../Engine/Plugins/Runtime/OpenXR/Content/Devices/MicrosoftMixedReality/MI_MicrosoftMixedReality.uasset" 653
"../../../Engine/Plugins/Runtime/OpenXR/Content/Devices/MicrosoftMixedReality/MI_MicrosoftMixedReality.uexp" 654
"../../../Engine/Plugins/Runtime/OpenXR/Content/Devices/MicrosoftMixedReality/Left/left_MicrosoftMixedRealityController.uasset" 655
"../../../Engine/Plugins/Runtime/OpenXR/Content/Devices/MicrosoftMixedReality/Left/left_MicrosoftMixedRealityController.uexp" 656
"../../../Engine/Plugins/Runtime/OpenXR/Content/Devices/MicrosoftMixedReality/Right/right_MicrosoftMixedRealityController.uasset" 657
"../../../Engine/Plugins/Runtime/OpenXR/Content/Devices/MicrosoftMixedReality/Right/right_MicrosoftMixedRealityController.uexp" 658
"../../../Engine/Plugins/Runtime/OpenXR/Content/Devices/OculusGo/BaseTexture.uasset" 659
"../../../Engine/Plugins/Runtime/OpenXR/Content/Devices/OculusGo/BaseTexture.uexp" 660
"../../../Engine/Plugins/Runtime/OpenXR/Content/Devices/OculusGo/BaseTexture.ubulk" 661
"../../../Engine/Plugins/Runtime/OpenXR/Content/Devices/OculusGo/MI_OculusGo.uasset" 662
"../../../Engine/Plugins/Runtime/OpenXR/Content/Devices/OculusGo/MI_OculusGo.uexp" 663
"../../../Engine/Plugins/Runtime/OpenXR/Content/Devices/OculusGo/OculusGoController.uasset" 664
"../../../Engine/Plugins/Runtime/OpenXR/Content/Devices/OculusGo/OculusGoController.uexp" 665
"../../../Engine/Plugins/Runtime/OpenXR/Content/Devices/OculusTouch/MRTexture.uasset" 666
"../../../Engine/Plugins/Runtime/OpenXR/Content/Devices/OculusTouch/MRTexture.uexp" 667
"../../../Engine/Plugins/Runtime/OpenXR/Content/Devices/OculusTouch/MRTexture.ubulk" 668
"../../../Engine/Plugins/Runtime/OpenXR/Content/Devices/OculusTouch/BaseTexture.uasset" 669
"../../../Engine/Plugins/Runtime/OpenXR/Content/Devices/OculusTouch/BaseTexture.uexp" 670
"../../../Engine/Plugins/Runtime/OpenXR/Content/Devices/OculusTouch/BaseTexture.ubulk" 671
"../../../Engine/Plugins/Runtime/OpenXR/Content/Devices/OculusTouch/MI_OculusTouch.uasset" 672
"../../../Engine/Plugins/Runtime/OpenXR/Content/Devices/OculusTouch/MI_OculusTouch.uexp" 673
"../../../Engine/Plugins/Runtime/OpenXR/Content/Devices/OculusTouch/Left/left_OculusTouchController.uasset" 674
"../../../Engine/Plugins/Runtime/OpenXR/Content/Devices/OculusTouch/Left/left_OculusTouchController.uexp" 675
"../../../Engine/Plugins/Runtime/OpenXR/Content/Devices/OculusTouch/Right/right_OculusTouchController.uasset" 676
"../../../Engine/Plugins/Runtime/OpenXR/Content/Devices/OculusTouch/Right/right_OculusTouchController.uexp" 677
"../../../Engine/Plugins/Runtime/OpenXR/Content/Devices/OculusTouch_v2/MRTexture.uasset" 678
"../../../Engine/Plugins/Runtime/OpenXR/Content/Devices/OculusTouch_v2/MRTexture.uexp" 679
"../../../Engine/Plugins/Runtime/OpenXR/Content/Devices/OculusTouch_v2/MRTexture.ubulk" 680
"../../../Engine/Plugins/Runtime/OpenXR/Content/Devices/OculusTouch_v2/BaseTexture.uasset" 681
"../../../Engine/Plugins/Runtime/OpenXR/Content/Devices/OculusTouch_v2/BaseTexture.uexp" 682
"../../../Engine/Plugins/Runtime/OpenXR/Content/Devices/OculusTouch_v2/BaseTexture.ubulk" 683
"../../../Engine/Plugins/Runtime/OpenXR/Content/Devices/OculusTouch_v2/MI_OculusTouch_v2.uasset" 684
"../../../Engine/Plugins/Runtime/OpenXR/Content/Devices/OculusTouch_v2/MI_OculusTouch_v2.uexp" 685
"../../../Engine/Plugins/Runtime/OpenXR/Content/Devices/OculusTouch_v2/Left/left_OculusTouch_v2Controller.uasset" 686
"../../../Engine/Plugins/Runtime/OpenXR/Content/Devices/OculusTouch_v2/Left/left_OculusTouch_v2Controller.uexp" 687
"../../../Engine/Plugins/Runtime/OpenXR/Content/Devices/OculusTouch_v2/Right/right_OculusTouch_v2Controller.uasset" 688
"../../../Engine/Plugins/Runtime/OpenXR/Content/Devices/OculusTouch_v2/Right/right_OculusTouch_v2Controller.uexp" 689
"../../../Engine/Plugins/Runtime/OpenXR/Content/Devices/OculusTouch_v3/MRTexture.uasset" 690
"../../../Engine/Plugins/Runtime/OpenXR/Content/Devices/OculusTouch_v3/MRTexture.uexp" 691
"../../../Engine/Plugins/Runtime/OpenXR/Content/Devices/OculusTouch_v3/MRTexture.ubulk" 692
"../../../Engine/Plugins/Runtime/OpenXR/Content/Devices/OculusTouch_v3/BaseTexture.uasset" 693
"../../../Engine/Plugins/Runtime/OpenXR/Content/Devices/OculusTouch_v3/BaseTexture.uexp" 694
"../../../Engine/Plugins/Runtime/OpenXR/Content/Devices/OculusTouch_v3/BaseTexture.ubulk" 695
"../../../Engine/Plugins/Runtime/OpenXR/Content/Devices/OculusTouch_v3/MI_OculusTouch_v3.uasset" 696
"../../../Engine/Plugins/Runtime/OpenXR/Content/Devices/OculusTouch_v3/MI_OculusTouch_v3.uexp" 697
"../../../Engine/Plugins/Runtime/OpenXR/Content/Devices/OculusTouch_v3/Left/left_OculusTouch_v3Controller.uasset" 698
"../../../Engine/Plugins/Runtime/OpenXR/Content/Devices/OculusTouch_v3/Left/left_OculusTouch_v3Controller.uexp" 699
"../../../Engine/Plugins/Runtime/OpenXR/Content/Devices/OculusTouch_v3/Right/right_OculusTouch_v3Controller.uasset" 700
"../../../Engine/Plugins/Runtime/OpenXR/Content/Devices/OculusTouch_v3/Right/right_OculusTouch_v3Controller.uexp" 701
"../../../Engine/Plugins/Runtime/OpenXR/Content/Devices/ValveIndex/MRTexture.uasset" 702
"../../../Engine/Plugins/Runtime/OpenXR/Content/Devices/ValveIndex/MRTexture.uexp" 703
"../../../Engine/Plugins/Runtime/OpenXR/Content/Devices/ValveIndex/MRTexture.ubulk" 704
"../../../Engine/Plugins/Runtime/OpenXR/Content/Devices/ValveIndex/BaseTexture.uasset" 705
"../../../Engine/Plugins/Runtime/OpenXR/Content/Devices/ValveIndex/BaseTexture.uexp" 706
"../../../Engine/Plugins/Runtime/OpenXR/Content/Devices/ValveIndex/BaseTexture.ubulk" 707
"../../../Engine/Plugins/Runtime/OpenXR/Content/Devices/ValveIndex/Left/MI_left_ValveIndex.uasset" 708
"../../../Engine/Plugins/Runtime/OpenXR/Content/Devices/ValveIndex/Left/MI_left_ValveIndex.uexp" 709
"../../../Engine/Plugins/Runtime/OpenXR/Content/Devices/ValveIndex/Left/left_ValveIndexController.uasset" 710
"../../../Engine/Plugins/Runtime/OpenXR/Content/Devices/ValveIndex/Left/left_ValveIndexController.uexp" 711
"../../../Engine/Plugins/Runtime/OpenXR/Content/Devices/ValveIndex/Right/MI_right_ValveIndex.uasset" 712
"../../../Engine/Plugins/Runtime/OpenXR/Content/Devices/ValveIndex/Right/MI_right_ValveIndex.uexp" 713
"../../../Engine/Plugins/Runtime/OpenXR/Content/Devices/ValveIndex/Right/right_ValveIndexController.uasset" 714
"../../../Engine/Plugins/Runtime/OpenXR/Content/Devices/ValveIndex/Right/right_ValveIndexController.uexp" 715
"../../../Engine/Content/Functions/Engine_MaterialFunctions02/Utility/BreakOutFloat4Components.uasset" 716
"../../../Engine/Content/Functions/Engine_MaterialFunctions02/Utility/BreakOutFloat4Components.uexp" 717
"../../../Engine/Content/Functions/Engine_MaterialFunctions02/Utility/MakeFloat3.uasset" 718
"../../../Engine/Content/Functions/Engine_MaterialFunctions02/Utility/MakeFloat3.uexp" 719
"../../../Engine/Plugins/Runtime/Oculus/OculusVR/Content/Materials/OculusMR_ChromaKey.uasset" 720
"../../../Engine/Plugins/Runtime/Oculus/OculusVR/Content/Materials/OculusMR_ChromaKey.uexp" 721
"../../../Engine/Plugins/Runtime/Oculus/OculusVR/Content/Materials/OculusMR_OpaqueColoredMaterial.uasset" 722
"../../../Engine/Plugins/Runtime/Oculus/OculusVR/Content/Materials/OculusMR_OpaqueColoredMaterial.uexp" 723
"../../../Engine/Plugins/Runtime/Oculus/OculusVR/Content/Materials/PokeAHoleMaterial.uasset" 724
"../../../Engine/Plugins/Runtime/Oculus/OculusVR/Content/Materials/PokeAHoleMaterial.uexp" 725
"../../../Engine/Plugins/Runtime/Oculus/OculusVR/Content/Textures/touchController_controlmap.uasset" 726
"../../../Engine/Plugins/Runtime/Oculus/OculusVR/Content/Textures/touchController_controlmap.uexp" 727
"../../../Engine/Plugins/Runtime/Oculus/OculusVR/Content/Textures/touchController_controlmap.ubulk" 728
"../../../Engine/Plugins/Runtime/Oculus/OculusVR/Content/Textures/touchController_albedo.uasset" 729
"../../../Engine/Plugins/Runtime/Oculus/OculusVR/Content/Textures/touchController_albedo.uexp" 730
"../../../Engine/Plugins/Runtime/Oculus/OculusVR/Content/Textures/touchController_albedo.ubulk" 731
"../../../Engine/Plugins/Runtime/Oculus/OculusVR/Content/Materials/touchController_mat.uasset" 732
"../../../Engine/Plugins/Runtime/Oculus/OculusVR/Content/Materials/touchController_mat.uexp" 733
"../../../Engine/Plugins/Runtime/Oculus/OculusVR/Content/Meshes/LeftTouchController.uasset" 734
"../../../Engine/Plugins/Runtime/Oculus/OculusVR/Content/Meshes/LeftTouchController.uexp" 735
"../../../Engine/Plugins/Runtime/Oculus/OculusVR/Content/Textures/TouchForQuestRiftSController_albedo.uasset" 736
"../../../Engine/Plugins/Runtime/Oculus/OculusVR/Content/Textures/TouchForQuestRiftSController_albedo.uexp" 737
"../../../Engine/Plugins/Runtime/Oculus/OculusVR/Content/Textures/TouchForQuestRiftSController_albedo.ubulk" 738
"../../../Engine/Plugins/Runtime/Oculus/OculusVR/Content/Materials/TouchForQuestRiftSControllerMaterial.uasset" 739
"../../../Engine/Plugins/Runtime/Oculus/OculusVR/Content/Materials/TouchForQuestRiftSControllerMaterial.uexp" 740
"../../../Engine/Plugins/Runtime/Oculus/OculusVR/Content/Meshes/LeftTouchForQuestRiftSController.uasset" 741
"../../../Engine/Plugins/Runtime/Oculus/OculusVR/Content/Meshes/LeftTouchForQuestRiftSController.uexp" 742
"../../../Engine/Plugins/Runtime/Oculus/OculusVR/Content/Meshes/RiftHMD.uasset" 743
"../../../Engine/Plugins/Runtime/Oculus/OculusVR/Content/Meshes/RiftHMD.uexp" 744
"../../../Engine/Plugins/Runtime/Oculus/OculusVR/Content/Meshes/RightTouchController.uasset" 745
"../../../Engine/Plugins/Runtime/Oculus/OculusVR/Content/Meshes/RightTouchController.uexp" 746
"../../../Engine/Plugins/Runtime/Oculus/OculusVR/Content/Meshes/RightTouchForQuestRiftSController.uasset" 747
"../../../Engine/Plugins/Runtime/Oculus/OculusVR/Content/Meshes/RightTouchForQuestRiftSController.uexp" 748
"../../../Engine/Content/EngineSky/T_Sky_Stars.uasset" 749
"../../../Engine/Content/EngineSky/T_Sky_Stars.uexp" 750
"../../../Engine/Content/EngineSky/T_Sky_Stars.ubulk" 751
"../../../Engine/Content/EngineSky/T_Sky_Clouds_M.uasset" 752
"../../../Engine/Content/EngineSky/T_Sky_Clouds_M.uexp" 753
"../../../Engine/Content/EngineSky/T_Sky_Clouds_M.ubulk" 754
"../../../Engine/Content/EngineSky/T_Sky_Blue.uasset" 755
"../../../Engine/Content/EngineSky/T_Sky_Blue.uexp" 756
"../../../Engine/Content/EngineSky/T_Sky_Blue.ubulk" 757
"E:/GameMechanics/Unreal/UnrealProject/Content/Material/Mat_Walls.uasset" 758
"E:/GameMechanics/Unreal/UnrealProject/Content/Material/Mat_Walls.uexp" 759
"E:/GameMechanics/Unreal/UnrealProject/Content/Material/Mat_Lockpick.uasset" 760
"E:/GameMechanics/Unreal/UnrealProject/Content/Material/Mat_Lockpick.uexp" 761
"E:/GameMechanics/Unreal/UnrealProject/Content/Material/Mat_LockMat.uasset" 762
"E:/GameMechanics/Unreal/UnrealProject/Content/Material/Mat_LockMat.uexp" 763
"E:/GameMechanics/Unreal/UnrealProject/Content/Material/Mat_Hedge.uasset" 764
"E:/GameMechanics/Unreal/UnrealProject/Content/Material/Mat_Hedge.uexp" 765
"../../../Engine/Content/EngineSky/M_Sky_Panning_Clouds2.uasset" 766
"../../../Engine/Content/EngineSky/M_Sky_Panning_Clouds2.uexp" 767
"E:/GameMechanics/Unreal/UnrealProject/Content/Levels/FirstLevel_BuiltData.uasset" 768
"E:/GameMechanics/Unreal/UnrealProject/Content/Levels/FirstLevel_BuiltData.uexp" 769
"E:/GameMechanics/Unreal/UnrealProject/Content/Levels/FirstLevel_BuiltData.ubulk" 770
"../../../Engine/Content/EngineSky/SM_SkySphere.uasset" 771
"../../../Engine/Content/EngineSky/SM_SkySphere.uexp" 772
"../../../Engine/Content/EngineSky/C_Sky_Zenith_Color.uasset" 773
"../../../Engine/Content/EngineSky/C_Sky_Zenith_Color.uexp" 774
"../../../Engine/Content/EngineSky/C_Sky_Horizon_Color.uasset" 775
"../../../Engine/Content/EngineSky/C_Sky_Horizon_Color.uexp" 776
"../../../Engine/Content/EngineSky/C_Sky_Cloud_Color.uasset" 777
"../../../Engine/Content/EngineSky/C_Sky_Cloud_Color.uexp" 778
"../../../Engine/Content/EngineSky/BP_Sky_Sphere.uasset" 779
"../../../Engine/Content/EngineSky/BP_Sky_Sphere.uexp" 780
"E:/GameMechanics/Unreal/UnrealProject/Content/Blueprints/BP_Pickup.uasset" 781
"E:/GameMechanics/Unreal/UnrealProject/Content/Blueprints/BP_Pickup.uexp" 782
"E:/GameMechanics/Unreal/UnrealProject/Content/Blueprints/BP_Door.uasset" 783
"E:/GameMechanics/Unreal/UnrealProject/Content/Blueprints/BP_Door.uexp" 784
"E:/GameMechanics/Unreal/UnrealProject/Content/Levels/FirstLevel.uexp" 785
"E:/GameMechanics/Unreal/UnrealProject/Content/Levels/FirstLevel.umap" 786
"../../../Engine/Content/MapTemplates/SM_Template_Map_Floor.uasset" 787
"../../../Engine/Content/MapTemplates/SM_Template_Map_Floor.uexp" 788
"E:/GameMechanics/Unreal/UnrealProject/Content/Levels/TestLevel_BuiltData.uasset" 789
"E:/GameMechanics/Unreal/UnrealProject/Content/Levels/TestLevel_BuiltData.uexp" 790
"E:/GameMechanics/Unreal/UnrealProject/Content/Levels/TestLevel_BuiltData.ubulk" 791
"E:/GameMechanics/Unreal/UnrealProject/Content/Levels/TestLevel.uexp" 792
"E:/GameMechanics/Unreal/UnrealProject/Content/Levels/TestLevel.umap" 793
"../../../Engine/Content/Maps/Entry_BuiltData.uasset" 794
"../../../Engine/Content/Maps/Entry_BuiltData.uexp" 795
"../../../Engine/Content/Maps/Entry.uexp" 796
"../../../Engine/Content/Maps/Entry.umap" 797
