Log file open, 01/10/22 13:54:25
LogWindows: Failed to load 'aqProf.dll' (GetLastError=126)
LogWindows: File 'aqProf.dll' does not exist
LogWindows: Failed to load 'VtuneApi.dll' (GetLastError=126)
LogWindows: File 'VtuneApi.dll' does not exist
LogWindows: Failed to load 'VtuneApi32e.dll' (GetLastError=126)
LogWindows: File 'VtuneApi32e.dll' does not exist
LogConsoleResponse: Display: Failed to find resolution value strings in scalability ini. Falling back to default.
LogConsoleResponse: Display: Failed to find resolution value strings in scalability ini. Falling back to default.
LogInit: Display: Running engine for game: UnrealProject
LogPlatformFile: Not using cached read wrapper
LogTaskGraph: Started task graph with 5 named threads and 23 total threads with 3 sets of task threads.
LogStats: Stats thread started at 0.412857
LogICUInternationalization: ICU TimeZone Detection - Raw Offset: +1:00, Platform Override: ''
LogInit: Display: Loading text-based GConfig....
LogPluginManager: Mounting plugin MeshPainting
LogPluginManager: Mounting plugin XGEController
LogPluginManager: Mounting plugin Paper2D
LogPluginManager: Mounting plugin LiveLink
LogPluginManager: Mounting plugin AISupport
LogPluginManager: Mounting plugin EnvironmentQueryEditor
LogPluginManager: Mounting plugin LightPropagationVolume
LogPluginManager: Mounting plugin CameraShakePreviewer
LogPluginManager: Mounting plugin GameplayCameras
LogPluginManager: Mounting plugin OodleData
LogPluginManager: Mounting plugin AnimationSharing
LogPluginManager: Mounting plugin CLionSourceCodeAccess
LogPluginManager: Mounting plugin CodeLiteSourceCodeAccess
LogPluginManager: Mounting plugin GitSourceControl
LogPluginManager: Mounting plugin KDevelopSourceCodeAccess
LogPluginManager: Mounting plugin NullSourceCodeAccess
LogPluginManager: Mounting plugin PerforceSourceControl
LogPluginManager: Mounting plugin PixWinPlugin
LogPluginManager: Mounting plugin PlasticSourceControl
LogPluginManager: Mounting plugin PluginUtils
LogPluginManager: Mounting plugin PropertyAccessNode
LogPluginManager: Mounting plugin RiderSourceCodeAccess
LogPluginManager: Mounting plugin TextureFormatOodle
LogPluginManager: Mounting plugin SubversionSourceControl
LogPluginManager: Mounting plugin UObjectPlugin
LogPluginManager: Mounting plugin VisualStudioCodeSourceCodeAccess
LogPluginManager: Mounting plugin VisualStudioSourceCodeAccess
LogPluginManager: Mounting plugin XCodeSourceCodeAccess
LogPluginManager: Mounting plugin DatasmithContent
LogPluginManager: Mounting plugin VariantManagerContent
LogPluginManager: Mounting plugin AssetManagerEditor
LogPluginManager: Mounting plugin CryptoKeys
LogPluginManager: Mounting plugin CurveEditorTools
LogPluginManager: Mounting plugin DataValidation
LogPluginManager: Mounting plugin FacialAnimation
LogPluginManager: Mounting plugin GameplayTagsEditor
LogPluginManager: Mounting plugin GeometryMode
LogPluginManager: Mounting plugin MaterialAnalyzer
LogPluginManager: Mounting plugin MobileLauncherProfileWizard
LogPluginManager: Mounting plugin PluginBrowser
LogPluginManager: Mounting plugin AlembicImporter
LogPluginManager: Mounting plugin SpeedTreeImporter
LogPluginManager: Mounting plugin AutomationUtils
LogPluginManager: Mounting plugin BackChannel
LogPluginManager: Mounting plugin ChaosCloth
LogPluginManager: Mounting plugin ChaosClothEditor
LogPluginManager: Mounting plugin ChaosNiagara
LogPluginManager: Mounting plugin ChaosEditor
LogPluginManager: Mounting plugin ChaosSolverPlugin
LogPluginManager: Mounting plugin CharacterAI
LogPluginManager: Mounting plugin MacGraphicsSwitching
LogPluginManager: Mounting plugin GeometryCache
LogPluginManager: Mounting plugin GeometryCollectionPlugin
LogPluginManager: Mounting plugin GeometryProcessing
LogPluginManager: Mounting plugin MotoSynth
LogPluginManager: Mounting plugin OpenImageDenoise
LogPluginManager: Mounting plugin PlanarCut
LogPluginManager: Mounting plugin PlatformCrypto
LogPluginManager: Mounting plugin ProxyLODPlugin
LogPluginManager: Mounting plugin PythonScriptPlugin
LogPluginManager: Mounting plugin SkeletalReduction
LogPluginManager: Mounting plugin LuminPlatformFeatures
LogPluginManager: Mounting plugin MagicLeap
LogPluginManager: Mounting plugin MagicLeapLightEstimation
LogPluginManager: Mounting plugin MagicLeapMedia
LogPluginManager: Mounting plugin MagicLeapPassableWorld
LogPluginManager: Mounting plugin MLSDK
LogPluginManager: Mounting plugin AndroidMedia
LogPluginManager: Mounting plugin AvfMedia
LogPluginManager: Mounting plugin ImgMedia
LogPluginManager: Mounting plugin MediaCompositing
LogPluginManager: Mounting plugin MediaPlayerEditor
LogPluginManager: Mounting plugin WebMMedia
LogPluginManager: Mounting plugin WmfMedia
LogPluginManager: Mounting plugin Niagara
LogPluginManager: Mounting plugin TcpMessaging
LogPluginManager: Mounting plugin UdpMessaging
LogPluginManager: Mounting plugin OnlineSubsystem
LogPluginManager: Mounting plugin ActorSequence
LogPluginManager: Mounting plugin OnlineSubsystemNull
LogPluginManager: Mounting plugin LevelSequenceEditor
LogPluginManager: Mounting plugin MatineeToLevelSequence
LogPluginManager: Mounting plugin OnlineSubsystemUtils
LogPluginManager: Mounting plugin TemplateSequence
LogPluginManager: Mounting plugin LauncherChunkInstaller
LogPluginManager: Mounting plugin ActorLayerUtilities
LogPluginManager: Mounting plugin AndroidMoviePlayer
LogPluginManager: Mounting plugin AndroidPermission
LogPluginManager: Mounting plugin AndroidDeviceProfileSelector
LogPluginManager: Mounting plugin AppleImageUtils
LogPluginManager: Mounting plugin AppleMoviePlayer
LogPluginManager: Mounting plugin ArchVisCharacter
LogPluginManager: Mounting plugin AssetTags
LogPluginManager: Mounting plugin AudioCapture
LogPluginManager: Mounting plugin AudioSynesthesia
LogPluginManager: Mounting plugin CableComponent
LogPluginManager: Mounting plugin ChunkDownloader
LogPluginManager: Mounting plugin CustomMeshComponent
LogPluginManager: Mounting plugin EditableMesh
LogPluginManager: Mounting plugin ExampleDeviceProfileSelector
LogPluginManager: Mounting plugin GoogleCloudMessaging
LogPluginManager: Mounting plugin GooglePAD
LogPluginManager: Mounting plugin ScreenshotTools
LogPluginManager: Mounting plugin IOSDeviceProfileSelector
LogPluginManager: Mounting plugin LinuxDeviceProfileSelector
LogPluginManager: Mounting plugin LocationServicesBPLibrary
LogPluginManager: Mounting plugin MobilePatchingUtils
LogPluginManager: Mounting plugin OpenXR
LogPluginManager: Mounting plugin OpenXREyeTracker
LogPluginManager: Mounting plugin OpenXRHandTracking
LogPluginManager: Mounting plugin PhysXVehicles
LogPluginManager: Mounting plugin PostSplashScreen
LogPluginManager: Mounting plugin ProceduralMeshComponent
LogPluginManager: Mounting plugin PropertyAccessEditor
LogPluginManager: Mounting plugin RuntimePhysXCooking
LogPluginManager: Mounting plugin SignificanceManager
LogPluginManager: Mounting plugin SoundFields
LogPluginManager: Mounting plugin Synthesis
LogPluginManager: Mounting plugin Takes
LogPluginManager: Mounting plugin WebMMoviePlayer
LogPluginManager: Mounting plugin WindowsMoviePlayer
LogPluginManager: Mounting plugin OodleNetwork
LogPluginManager: Mounting plugin ContentBrowserAssetDataSource
LogPluginManager: Mounting plugin ContentBrowserFileDataSource
LogPluginManager: Mounting plugin ContentBrowserClassDataSource
LogPluginManager: Mounting plugin OnlineSubsystemGooglePlay
LogPluginManager: Mounting plugin OnlineSubsystemIOS
LogPluginManager: Mounting plugin OculusVR
LogPluginManager: Mounting plugin SteamVR
PixWinPlugin: PIX capture plugin failed to initialize! Check that the process is launched from PIX.
LogInit: Using libcurl 7.55.1-DEV
LogInit:  - built for x86_64-pc-win32
LogInit:  - supports SSL with OpenSSL/1.1.1
LogInit:  - supports HTTP deflate (compression) using libz 1.2.8
LogInit:  - other features:
LogInit:      CURL_VERSION_SSL
LogInit:      CURL_VERSION_LIBZ
LogInit:      CURL_VERSION_IPV6
LogInit:      CURL_VERSION_ASYNCHDNS
LogInit:      CURL_VERSION_LARGEFILE
LogInit:      CURL_VERSION_IDN
LogInit:  CurlRequestOptions (configurable via config and command line):
LogInit:  - bVerifyPeer = true  - Libcurl will verify peer certificate
LogInit:  - bUseHttpProxy = false  - Libcurl will NOT use HTTP proxy
LogInit:  - bDontReuseConnections = false  - Libcurl will reuse connections
LogInit:  - MaxHostConnections = 16  - Libcurl will limit the number of connections to a host
LogInit:  - LocalHostAddr = Default
LogInit:  - BufferSize = 65536
LogOnline: OSS: Creating online subsystem instance for: NULL
LogInit: WinSock: version 1.1 (2.2), MaxSocks=32767, MaxUdp=65467
LogOnline: OSS: TryLoadSubsystemAndSetDefault: Loaded subsystem for module [NULL]
LogOculusPluginWrapper: OculusPlugin initialized successfully
LogHMD: Failed initializing OVRPlugin 1.59.0
LogInit: Build: ++UE4+Release-4.27-CL-18319896
LogInit: Engine Version: 4.27.2-18319896+++UE4+Release-4.27
LogInit: Compatible Engine Version: 4.27.0-17155196+++UE4+Release-4.27
LogInit: Net CL: 17155196
LogInit: OS: Windows 10 (Release 2009) (), CPU: Intel(R) Core(TM) i7-7700K CPU @ 4.20GHz, GPU: NVIDIA GeForce GTX 1070 Ti
LogInit: Compiled (64-bit): Nov 30 2021 07:12:08
LogInit: Compiled with Visual C++: 19.24.28315.00
LogInit: Build Configuration: Development
LogInit: Branch Name: ++UE4+Release-4.27
LogInit: Command Line:  -skipcompile
LogInit: Base Directory: C:/Program Files/Epic Games/UE_4.27/Engine/Binaries/Win64/
LogInit: Allocator: TBB
LogInit: Installed Engine Build: 1
LogDevObjectVersion: Number of dev versions registered: 29
LogDevObjectVersion:   Dev-Blueprints (B0D832E4-1F89-4F0D-ACCF-7EB736FD4AA2): 10
LogDevObjectVersion:   Dev-Build (E1C64328-A22C-4D53-A36C-8E866417BD8C): 0
LogDevObjectVersion:   Dev-Core (375EC13C-06E4-48FB-B500-84F0262A717E): 4
LogDevObjectVersion:   Dev-Editor (E4B068ED-F494-42E9-A231-DA0B2E46BB41): 40
LogDevObjectVersion:   Dev-Framework (CFFC743F-43B0-4480-9391-14DF171D2073): 37
LogDevObjectVersion:   Dev-Mobile (B02B49B5-BB20-44E9-A304-32B752E40360): 3
LogDevObjectVersion:   Dev-Networking (A4E4105C-59A1-49B5-A7C5-40C4547EDFEE): 0
LogDevObjectVersion:   Dev-Online (39C831C9-5AE6-47DC-9A44-9C173E1C8E7C): 0
LogDevObjectVersion:   Dev-Physics (78F01B33-EBEA-4F98-B9B4-84EACCB95AA2): 14
LogDevObjectVersion:   Dev-Platform (6631380F-2D4D-43E0-8009-CF276956A95A): 0
LogDevObjectVersion:   Dev-Rendering (12F88B9F-8875-4AFC-A67C-D90C383ABD29): 45
LogDevObjectVersion:   Dev-Sequencer (7B5AE74C-D270-4C10-A958-57980B212A5A): 13
LogDevObjectVersion:   Dev-VR (D7296918-1DD6-4BDD-9DE2-64A83CC13884): 3
LogDevObjectVersion:   Dev-LoadTimes (C2A15278-BFE7-4AFE-6C17-90FF531DF755): 1
LogDevObjectVersion:   Private-Geometry (6EACA3D4-40EC-4CC1-B786-8BED09428FC5): 3
LogDevObjectVersion:   Dev-AnimPhys (29E575DD-E0A3-4627-9D10-D276232CDCEA): 17
LogDevObjectVersion:   Dev-Anim (AF43A65D-7FD3-4947-9873-3E8ED9C1BB05): 15
LogDevObjectVersion:   Dev-ReflectionCapture (6B266CEC-1EC7-4B8F-A30B-E4D90942FC07): 1
LogDevObjectVersion:   Dev-Automation (0DF73D61-A23F-47EA-B727-89E90C41499A): 1
LogDevObjectVersion:   FortniteMain (601D1886-AC64-4F84-AA16-D3DE0DEAC7D6): 47
LogDevObjectVersion:   FortniteRelease (E7086368-6B23-4C58-8439-1B7016265E91): 1
LogDevObjectVersion:   Dev-Enterprise (9DFFBCD6-494F-0158-E221-12823C92A888): 10
LogDevObjectVersion:   Dev-Niagara (F2AED0AC-9AFE-416F-8664-AA7FFA26D6FC): 1
LogDevObjectVersion:   Dev-Destruction (174F1F0B-B4C6-45A5-B13F-2EE8D0FB917D): 10
LogDevObjectVersion:   Dev-Physics-Ext (35F94A83-E258-406C-A318-09F59610247C): 41
LogDevObjectVersion:   Dev-PhysicsMaterial-Chaos (B68FC16E-8B1B-42E2-B453-215C058844FE): 1
LogDevObjectVersion:   Dev-CineCamera (B2E18506-4273-CFC2-A54E-F4BB758BBA07): 1
LogDevObjectVersion:   Dev-VirtualProduction (64F58936-FD1B-42BA-BA96-7289D5D0FA4E): 1
LogDevObjectVersion:   Dev-MediaFramework (6F0ED827-A609-4895-9C91-998D90180EA4): 2
LogInit: Presizing for max 25165824 objects, including 0 objects not considered by GC, pre-allocating 0 bytes for permanent pool.
LogConfig: Applying CVar settings from Section [/Script/Engine.StreamingSettings] File [E:/GameMechanics/Unreal/UnrealProject/Saved/Config/Windows/Engine.ini]
LogConfig: Setting CVar [[s.MinBulkDataSizeForAsyncLoading:131072]]
LogConfig: Setting CVar [[s.AsyncLoadingThreadEnabled:0]]
LogConfig: Setting CVar [[s.EventDrivenLoaderEnabled:1]]
LogConfig: Setting CVar [[s.WarnIfTimeLimitExceeded:0]]
LogConfig: Setting CVar [[s.TimeLimitExceededMultiplier:1.5]]
LogConfig: Setting CVar [[s.TimeLimitExceededMinTime:0.005]]
LogConfig: Setting CVar [[s.UseBackgroundLevelStreaming:1]]
LogConfig: Setting CVar [[s.PriorityAsyncLoadingExtraTime:15.0]]
LogConfig: Setting CVar [[s.LevelStreamingActorsUpdateTimeLimit:5.0]]
LogConfig: Setting CVar [[s.PriorityLevelStreamingActorsUpdateExtraTime:5.0]]
LogConfig: Setting CVar [[s.LevelStreamingComponentsRegistrationGranularity:10]]
LogConfig: Setting CVar [[s.UnregisterComponentsTimeLimit:1.0]]
LogConfig: Setting CVar [[s.LevelStreamingComponentsUnregistrationGranularity:5]]
LogConfig: Setting CVar [[s.FlushStreamingOnExit:1]]
LogInit: Object subsystem initialized
LogConfig: Setting CVar [[con.DebugEarlyDefault:1]]
LogConfig: Setting CVar [[r.setres:1280x720]]
[2022.01.10-12.54.27:433][  0]LogConfig: Setting CVar [[r.VSync:0]]
[2022.01.10-12.54.27:434][  0]LogConfig: Setting CVar [[r.RHICmdBypass:0]]
[2022.01.10-12.54.27:434][  0]LogConfig: Applying CVar settings from Section [/Script/Engine.RendererSettings] File [E:/GameMechanics/Unreal/UnrealProject/Saved/Config/Windows/Engine.ini]
[2022.01.10-12.54.27:434][  0]LogConfig: Setting CVar [[r.GPUCrashDebugging:0]]
[2022.01.10-12.54.27:434][  0]LogConfig: Applying CVar settings from Section [/Script/Engine.RendererOverrideSettings] File [E:/GameMechanics/Unreal/UnrealProject/Saved/Config/Windows/Engine.ini]
[2022.01.10-12.54.27:434][  0]LogConfig: Applying CVar settings from Section [/Script/Engine.StreamingSettings] File [E:/GameMechanics/Unreal/UnrealProject/Saved/Config/Windows/Engine.ini]
[2022.01.10-12.54.27:434][  0]LogConfig: Setting CVar [[s.MinBulkDataSizeForAsyncLoading:131072]]
[2022.01.10-12.54.27:434][  0]LogConfig: Setting CVar [[s.AsyncLoadingThreadEnabled:0]]
[2022.01.10-12.54.27:434][  0]LogConfig: Setting CVar [[s.EventDrivenLoaderEnabled:1]]
[2022.01.10-12.54.27:434][  0]LogConfig: Setting CVar [[s.WarnIfTimeLimitExceeded:0]]
[2022.01.10-12.54.27:434][  0]LogConfig: Setting CVar [[s.TimeLimitExceededMultiplier:1.5]]
[2022.01.10-12.54.27:434][  0]LogConfig: Setting CVar [[s.TimeLimitExceededMinTime:0.005]]
[2022.01.10-12.54.27:434][  0]LogConfig: Setting CVar [[s.UseBackgroundLevelStreaming:1]]
[2022.01.10-12.54.27:434][  0]LogConfig: Setting CVar [[s.PriorityAsyncLoadingExtraTime:15.0]]
[2022.01.10-12.54.27:434][  0]LogConfig: Setting CVar [[s.LevelStreamingActorsUpdateTimeLimit:5.0]]
[2022.01.10-12.54.27:434][  0]LogConfig: Setting CVar [[s.PriorityLevelStreamingActorsUpdateExtraTime:5.0]]
[2022.01.10-12.54.27:435][  0]LogConfig: Setting CVar [[s.LevelStreamingComponentsRegistrationGranularity:10]]
[2022.01.10-12.54.27:435][  0]LogConfig: Setting CVar [[s.UnregisterComponentsTimeLimit:1.0]]
[2022.01.10-12.54.27:435][  0]LogConfig: Setting CVar [[s.LevelStreamingComponentsUnregistrationGranularity:5]]
[2022.01.10-12.54.27:435][  0]LogConfig: Setting CVar [[s.FlushStreamingOnExit:1]]
[2022.01.10-12.54.27:435][  0]LogConfig: Applying CVar settings from Section [/Script/Engine.GarbageCollectionSettings] File [E:/GameMechanics/Unreal/UnrealProject/Saved/Config/Windows/Engine.ini]
[2022.01.10-12.54.27:435][  0]LogConfig: Setting CVar [[gc.MaxObjectsNotConsideredByGC:1]]
[2022.01.10-12.54.27:435][  0]LogConfig: Setting CVar [[gc.SizeOfPermanentObjectPool:0]]
[2022.01.10-12.54.27:435][  0]LogConfig: Setting CVar [[gc.FlushStreamingOnGC:0]]
[2022.01.10-12.54.27:435][  0]LogConfig: Setting CVar [[gc.NumRetriesBeforeForcingGC:10]]
[2022.01.10-12.54.27:435][  0]LogConfig: Setting CVar [[gc.AllowParallelGC:1]]
[2022.01.10-12.54.27:435][  0]LogConfig: Setting CVar [[gc.TimeBetweenPurgingPendingKillObjects:61.1]]
[2022.01.10-12.54.27:435][  0]LogConfig: Setting CVar [[gc.MaxObjectsInEditor:25165824]]
[2022.01.10-12.54.27:435][  0]LogConfig: Setting CVar [[gc.IncrementalBeginDestroyEnabled:1]]
[2022.01.10-12.54.27:435][  0]LogConfig: Setting CVar [[gc.CreateGCClusters:1]]
[2022.01.10-12.54.27:435][  0]LogConfig: Setting CVar [[gc.MinGCClusterSize:5]]
[2022.01.10-12.54.27:435][  0]LogConfig: Setting CVar [[gc.ActorClusteringEnabled:0]]
[2022.01.10-12.54.27:435][  0]LogConfig: Setting CVar [[gc.BlueprintClusteringEnabled:0]]
[2022.01.10-12.54.27:436][  0]LogConfig: Setting CVar [[gc.UseDisregardForGCOnDedicatedServers:0]]
[2022.01.10-12.54.27:436][  0]LogConfig: Setting CVar [[gc.MultithreadedDestructionEnabled:1]]
[2022.01.10-12.54.27:436][  0]LogConfig: Applying CVar settings from Section [/Script/Engine.NetworkSettings] File [E:/GameMechanics/Unreal/UnrealProject/Saved/Config/Windows/Engine.ini]
[2022.01.10-12.54.27:436][  0]LogConfig: Applying CVar settings from Section [/Script/UnrealEd.CookerSettings] File [E:/GameMechanics/Unreal/UnrealProject/Saved/Config/Windows/Engine.ini]
[2022.01.10-12.54.27:464][  0]LogConfig: Applying CVar settings from Section [ViewDistanceQuality@3] File [E:/GameMechanics/Unreal/UnrealProject/Saved/Config/Windows/Scalability.ini]
[2022.01.10-12.54.27:464][  0]LogConfig: Setting CVar [[r.SkeletalMeshLODBias:0]]
[2022.01.10-12.54.27:465][  0]LogConfig: Setting CVar [[r.ViewDistanceScale:1.0]]
[2022.01.10-12.54.27:465][  0]LogConfig: Applying CVar settings from Section [AntiAliasingQuality@3] File [E:/GameMechanics/Unreal/UnrealProject/Saved/Config/Windows/Scalability.ini]
[2022.01.10-12.54.27:465][  0]LogConfig: Setting CVar [[r.PostProcessAAQuality:4]]
[2022.01.10-12.54.27:465][  0]LogConfig: Applying CVar settings from Section [ShadowQuality@3] File [E:/GameMechanics/Unreal/UnrealProject/Saved/Config/Windows/Scalability.ini]
[2022.01.10-12.54.27:465][  0]LogConfig: Setting CVar [[r.LightFunctionQuality:1]]
[2022.01.10-12.54.27:465][  0]LogConfig: Setting CVar [[r.ShadowQuality:5]]
[2022.01.10-12.54.27:465][  0]LogConfig: Setting CVar [[r.Shadow.CSM.MaxCascades:10]]
[2022.01.10-12.54.27:465][  0]LogConfig: Setting CVar [[r.Shadow.MaxResolution:2048]]
[2022.01.10-12.54.27:465][  0]LogConfig: Setting CVar [[r.Shadow.MaxCSMResolution:2048]]
[2022.01.10-12.54.27:465][  0]LogConfig: Setting CVar [[r.Shadow.RadiusThreshold:0.01]]
[2022.01.10-12.54.27:465][  0]LogConfig: Setting CVar [[r.Shadow.DistanceScale:1.0]]
[2022.01.10-12.54.27:465][  0]LogConfig: Setting CVar [[r.Shadow.CSM.TransitionScale:1.0]]
[2022.01.10-12.54.27:465][  0]LogConfig: Setting CVar [[r.Shadow.PreShadowResolutionFactor:1.0]]
[2022.01.10-12.54.27:465][  0]LogConfig: Setting CVar [[r.DistanceFieldShadowing:1]]
[2022.01.10-12.54.27:465][  0]LogConfig: Setting CVar [[r.DistanceFieldAO:1]]
[2022.01.10-12.54.27:465][  0]LogConfig: Setting CVar [[r.AOQuality:2]]
[2022.01.10-12.54.27:465][  0]LogConfig: Setting CVar [[r.VolumetricFog:1]]
[2022.01.10-12.54.27:466][  0]LogConfig: Setting CVar [[r.VolumetricFog.GridPixelSize:8]]
[2022.01.10-12.54.27:466][  0]LogConfig: Setting CVar [[r.VolumetricFog.GridSizeZ:128]]
[2022.01.10-12.54.27:466][  0]LogConfig: Setting CVar [[r.VolumetricFog.HistoryMissSupersampleCount:4]]
[2022.01.10-12.54.27:466][  0]LogConfig: Setting CVar [[r.LightMaxDrawDistanceScale:1]]
[2022.01.10-12.54.27:466][  0]LogConfig: Setting CVar [[r.CapsuleShadows:1]]
[2022.01.10-12.54.27:466][  0]LogConfig: Applying CVar settings from Section [PostProcessQuality@3] File [E:/GameMechanics/Unreal/UnrealProject/Saved/Config/Windows/Scalability.ini]
[2022.01.10-12.54.27:466][  0]LogConfig: Setting CVar [[r.MotionBlurQuality:4]]
[2022.01.10-12.54.27:466][  0]LogConfig: Setting CVar [[r.AmbientOcclusionMipLevelFactor:0.4]]
[2022.01.10-12.54.27:466][  0]LogConfig: Setting CVar [[r.AmbientOcclusionMaxQuality:100]]
[2022.01.10-12.54.27:466][  0]LogConfig: Setting CVar [[r.AmbientOcclusionLevels:-1]]
[2022.01.10-12.54.27:466][  0]LogConfig: Setting CVar [[r.AmbientOcclusionRadiusScale:1.0]]
[2022.01.10-12.54.27:466][  0]LogConfig: Setting CVar [[r.DepthOfFieldQuality:2]]
[2022.01.10-12.54.27:466][  0]LogConfig: Setting CVar [[r.RenderTargetPoolMin:400]]
[2022.01.10-12.54.27:466][  0]LogConfig: Setting CVar [[r.LensFlareQuality:2]]
[2022.01.10-12.54.27:466][  0]LogConfig: Setting CVar [[r.SceneColorFringeQuality:1]]
[2022.01.10-12.54.27:466][  0]LogConfig: Setting CVar [[r.EyeAdaptationQuality:2]]
[2022.01.10-12.54.27:466][  0]LogConfig: Setting CVar [[r.BloomQuality:5]]
[2022.01.10-12.54.27:466][  0]LogConfig: Setting CVar [[r.FastBlurThreshold:100]]
[2022.01.10-12.54.27:467][  0]LogConfig: Setting CVar [[r.Upscale.Quality:3]]
[2022.01.10-12.54.27:467][  0]LogConfig: Setting CVar [[r.Tonemapper.GrainQuantization:1]]
[2022.01.10-12.54.27:467][  0]LogConfig: Setting CVar [[r.LightShaftQuality:1]]
[2022.01.10-12.54.27:467][  0]LogConfig: Setting CVar [[r.Filter.SizeScale:1]]
[2022.01.10-12.54.27:467][  0]LogConfig: Setting CVar [[r.Tonemapper.Quality:5]]
[2022.01.10-12.54.27:467][  0]LogConfig: Setting CVar [[r.DOF.Gather.AccumulatorQuality:1        ; higher gathering accumulator quality]]
[2022.01.10-12.54.27:467][  0]LogConfig: Setting CVar [[r.DOF.Gather.PostfilterMethod:1          ; Median3x3 postfilering method]]
[2022.01.10-12.54.27:467][  0]LogConfig: Setting CVar [[r.DOF.Gather.EnableBokehSettings:0       ; no bokeh simulation when gathering]]
[2022.01.10-12.54.27:467][  0]LogConfig: Setting CVar [[r.DOF.Gather.RingCount:4                 ; medium number of samples when gathering]]
[2022.01.10-12.54.27:467][  0]LogConfig: Setting CVar [[r.DOF.Scatter.ForegroundCompositing:1    ; additive foreground scattering]]
[2022.01.10-12.54.27:467][  0]LogConfig: Setting CVar [[r.DOF.Scatter.BackgroundCompositing:2    ; additive background scattering]]
[2022.01.10-12.54.27:467][  0]LogConfig: Setting CVar [[r.DOF.Scatter.EnableBokehSettings:1      ; bokeh simulation when scattering]]
[2022.01.10-12.54.27:467][  0]LogConfig: Setting CVar [[r.DOF.Scatter.MaxSpriteRatio:0.1         ; only a maximum of 10% of scattered bokeh]]
[2022.01.10-12.54.27:467][  0]LogConfig: Setting CVar [[r.DOF.Recombine.Quality:1                ; cheap slight out of focus]]
[2022.01.10-12.54.27:467][  0]LogConfig: Setting CVar [[r.DOF.Recombine.EnableBokehSettings:0    ; no bokeh simulation on slight out of focus]]
[2022.01.10-12.54.27:467][  0]LogConfig: Setting CVar [[r.DOF.TemporalAAQuality:1                ; more stable temporal accumulation]]
[2022.01.10-12.54.27:467][  0]LogConfig: Setting CVar [[r.DOF.Kernel.MaxForegroundRadius:0.025]]
[2022.01.10-12.54.27:467][  0]LogConfig: Setting CVar [[r.DOF.Kernel.MaxBackgroundRadius:0.025]]
[2022.01.10-12.54.27:467][  0]LogConfig: Applying CVar settings from Section [TextureQuality@3] File [E:/GameMechanics/Unreal/UnrealProject/Saved/Config/Windows/Scalability.ini]
[2022.01.10-12.54.27:468][  0]LogConfig: Setting CVar [[r.Streaming.MipBias:0]]
[2022.01.10-12.54.27:468][  0]LogConfig: Setting CVar [[r.Streaming.AmortizeCPUToGPUCopy:0]]
[2022.01.10-12.54.27:468][  0]LogConfig: Setting CVar [[r.Streaming.MaxNumTexturesToStreamPerFrame:0]]
[2022.01.10-12.54.27:468][  0]LogConfig: Setting CVar [[r.Streaming.Boost:1]]
[2022.01.10-12.54.27:468][  0]LogConfig: Setting CVar [[r.MaxAnisotropy:8]]
[2022.01.10-12.54.27:468][  0]LogConfig: Setting CVar [[r.VT.MaxAnisotropy:8]]
[2022.01.10-12.54.27:468][  0]LogConfig: Setting CVar [[r.Streaming.LimitPoolSizeToVRAM:0]]
[2022.01.10-12.54.27:468][  0]LogConfig: Setting CVar [[r.Streaming.PoolSize:1000]]
[2022.01.10-12.54.27:468][  0]LogConfig: Setting CVar [[r.Streaming.MaxEffectiveScreenSize:0]]
[2022.01.10-12.54.27:468][  0]LogConfig: Applying CVar settings from Section [EffectsQuality@3] File [E:/GameMechanics/Unreal/UnrealProject/Saved/Config/Windows/Scalability.ini]
[2022.01.10-12.54.27:468][  0]LogConfig: Setting CVar [[r.TranslucencyLightingVolumeDim:64]]
[2022.01.10-12.54.27:468][  0]LogConfig: Setting CVar [[r.RefractionQuality:2]]
[2022.01.10-12.54.27:468][  0]LogConfig: Setting CVar [[r.SSR.Quality:3]]
[2022.01.10-12.54.27:468][  0]LogConfig: Setting CVar [[r.SSR.HalfResSceneColor:0]]
[2022.01.10-12.54.27:468][  0]LogConfig: Setting CVar [[r.SceneColorFormat:4]]
[2022.01.10-12.54.27:468][  0]LogConfig: Setting CVar [[r.DetailMode:2]]
[2022.01.10-12.54.27:468][  0]LogConfig: Setting CVar [[r.TranslucencyVolumeBlur:1]]
[2022.01.10-12.54.27:468][  0]LogConfig: Setting CVar [[r.MaterialQualityLevel:1 ; High quality]]
[2022.01.10-12.54.27:468][  0]LogConfig: Setting CVar [[r.AnisotropicMaterials:1]]
[2022.01.10-12.54.27:468][  0]LogConfig: Setting CVar [[r.SSS.Scale:1]]
[2022.01.10-12.54.27:469][  0]LogConfig: Setting CVar [[r.SSS.SampleSet:2]]
[2022.01.10-12.54.27:469][  0]LogConfig: Setting CVar [[r.SSS.Quality:1]]
[2022.01.10-12.54.27:469][  0]LogConfig: Setting CVar [[r.SSS.HalfRes:0]]
[2022.01.10-12.54.27:469][  0]LogConfig: Setting CVar [[r.SSGI.Quality:3]]
[2022.01.10-12.54.27:469][  0]LogConfig: Setting CVar [[r.EmitterSpawnRateScale:1.0]]
[2022.01.10-12.54.27:469][  0]LogConfig: Setting CVar [[r.ParticleLightQuality:2]]
[2022.01.10-12.54.27:469][  0]LogConfig: Setting CVar [[r.SkyAtmosphere.AerialPerspectiveLUT.FastApplyOnOpaque:1 ; Always have FastSkyLUT 1 in this case to avoid wrong sky]]
[2022.01.10-12.54.27:469][  0]LogConfig: Setting CVar [[r.SkyAtmosphere.AerialPerspectiveLUT.SampleCountMaxPerSlice:4]]
[2022.01.10-12.54.27:469][  0]LogConfig: Setting CVar [[r.SkyAtmosphere.AerialPerspectiveLUT.DepthResolution:16.0]]
[2022.01.10-12.54.27:469][  0]LogConfig: Setting CVar [[r.SkyAtmosphere.FastSkyLUT:1]]
[2022.01.10-12.54.27:469][  0]LogConfig: Setting CVar [[r.SkyAtmosphere.FastSkyLUT.SampleCountMin:4.0]]
[2022.01.10-12.54.27:469][  0]LogConfig: Setting CVar [[r.SkyAtmosphere.FastSkyLUT.SampleCountMax:128.0]]
[2022.01.10-12.54.27:469][  0]LogConfig: Setting CVar [[r.SkyAtmosphere.SampleCountMin:4.0]]
[2022.01.10-12.54.27:469][  0]LogConfig: Setting CVar [[r.SkyAtmosphere.SampleCountMax:128.0]]
[2022.01.10-12.54.27:469][  0]LogConfig: Setting CVar [[r.SkyAtmosphere.TransmittanceLUT.UseSmallFormat:0]]
[2022.01.10-12.54.27:469][  0]LogConfig: Setting CVar [[r.SkyAtmosphere.TransmittanceLUT.SampleCount:10.0]]
[2022.01.10-12.54.27:469][  0]LogConfig: Setting CVar [[r.SkyAtmosphere.MultiScatteringLUT.SampleCount:15.0]]
[2022.01.10-12.54.27:469][  0]LogConfig: Setting CVar [[r.SkyLight.RealTimeReflectionCapture:1]]
[2022.01.10-12.54.27:470][  0]LogConfig: Applying CVar settings from Section [FoliageQuality@3] File [E:/GameMechanics/Unreal/UnrealProject/Saved/Config/Windows/Scalability.ini]
[2022.01.10-12.54.27:470][  0]LogConfig: Setting CVar [[foliage.DensityScale:1.0]]
[2022.01.10-12.54.27:470][  0]LogConfig: Setting CVar [[grass.DensityScale:1.0]]
[2022.01.10-12.54.27:470][  0]LogConfig: Applying CVar settings from Section [ShadingQuality@3] File [E:/GameMechanics/Unreal/UnrealProject/Saved/Config/Windows/Scalability.ini]
[2022.01.10-12.54.27:470][  0]LogConfig: Setting CVar [[r.HairStrands.SkyLighting.IntegrationType:2]]
[2022.01.10-12.54.27:470][  0]LogConfig: Setting CVar [[r.HairStrands.SkyAO.SampleCount:4]]
[2022.01.10-12.54.27:470][  0]LogConfig: Setting CVar [[r.HairStrands.Visibility.MSAA.SamplePerPixel:4]]
[2022.01.10-12.54.27:470][  0]LogInit: Selected Device Profile: [Windows]
[2022.01.10-12.54.27:470][  0]LogInit: Applying CVar settings loaded from the selected device profile: [Windows]
[2022.01.10-12.54.27:470][  0]LogHAL: Display: Platform has ~ 16 GB [17139855360 / 17179869184 / 16], which maps to Larger [LargestMinGB=32, LargerMinGB=12, DefaultMinGB=8, SmallerMinGB=6, SmallestMinGB=0)
[2022.01.10-12.54.27:470][  0]LogInit: Going up to parent DeviceProfile []
[2022.01.10-12.54.27:470][  0]LogConfig: Applying CVar settings from Section [ViewDistanceQuality@3] File [E:/GameMechanics/Unreal/UnrealProject/Saved/Config/Windows/Scalability.ini]
[2022.01.10-12.54.27:470][  0]LogConfig: Setting CVar [[r.SkeletalMeshLODBias:0]]
[2022.01.10-12.54.27:470][  0]LogConfig: Setting CVar [[r.ViewDistanceScale:1.0]]
[2022.01.10-12.54.27:471][  0]LogConfig: Applying CVar settings from Section [AntiAliasingQuality@3] File [E:/GameMechanics/Unreal/UnrealProject/Saved/Config/Windows/Scalability.ini]
[2022.01.10-12.54.27:471][  0]LogConfig: Setting CVar [[r.PostProcessAAQuality:4]]
[2022.01.10-12.54.27:471][  0]LogConfig: Applying CVar settings from Section [ShadowQuality@3] File [E:/GameMechanics/Unreal/UnrealProject/Saved/Config/Windows/Scalability.ini]
[2022.01.10-12.54.27:471][  0]LogConfig: Setting CVar [[r.LightFunctionQuality:1]]
[2022.01.10-12.54.27:471][  0]LogConfig: Setting CVar [[r.ShadowQuality:5]]
[2022.01.10-12.54.27:471][  0]LogConfig: Setting CVar [[r.Shadow.CSM.MaxCascades:10]]
[2022.01.10-12.54.27:471][  0]LogConfig: Setting CVar [[r.Shadow.MaxResolution:2048]]
[2022.01.10-12.54.27:471][  0]LogConfig: Setting CVar [[r.Shadow.MaxCSMResolution:2048]]
[2022.01.10-12.54.27:471][  0]LogConfig: Setting CVar [[r.Shadow.RadiusThreshold:0.01]]
[2022.01.10-12.54.27:471][  0]LogConfig: Setting CVar [[r.Shadow.DistanceScale:1.0]]
[2022.01.10-12.54.27:471][  0]LogConfig: Setting CVar [[r.Shadow.CSM.TransitionScale:1.0]]
[2022.01.10-12.54.27:471][  0]LogConfig: Setting CVar [[r.Shadow.PreShadowResolutionFactor:1.0]]
[2022.01.10-12.54.27:471][  0]LogConfig: Setting CVar [[r.DistanceFieldShadowing:1]]
[2022.01.10-12.54.27:471][  0]LogConfig: Setting CVar [[r.DistanceFieldAO:1]]
[2022.01.10-12.54.27:471][  0]LogConfig: Setting CVar [[r.AOQuality:2]]
[2022.01.10-12.54.27:471][  0]LogConfig: Setting CVar [[r.VolumetricFog:1]]
[2022.01.10-12.54.27:471][  0]LogConfig: Setting CVar [[r.VolumetricFog.GridPixelSize:8]]
[2022.01.10-12.54.27:472][  0]LogConfig: Setting CVar [[r.VolumetricFog.GridSizeZ:128]]
[2022.01.10-12.54.27:472][  0]LogConfig: Setting CVar [[r.VolumetricFog.HistoryMissSupersampleCount:4]]
[2022.01.10-12.54.27:472][  0]LogConfig: Setting CVar [[r.LightMaxDrawDistanceScale:1]]
[2022.01.10-12.54.27:472][  0]LogConfig: Setting CVar [[r.CapsuleShadows:1]]
[2022.01.10-12.54.27:472][  0]LogConfig: Applying CVar settings from Section [PostProcessQuality@3] File [E:/GameMechanics/Unreal/UnrealProject/Saved/Config/Windows/Scalability.ini]
[2022.01.10-12.54.27:472][  0]LogConfig: Setting CVar [[r.MotionBlurQuality:4]]
[2022.01.10-12.54.27:472][  0]LogConfig: Setting CVar [[r.AmbientOcclusionMipLevelFactor:0.4]]
[2022.01.10-12.54.27:472][  0]LogConfig: Setting CVar [[r.AmbientOcclusionMaxQuality:100]]
[2022.01.10-12.54.27:472][  0]LogConfig: Setting CVar [[r.AmbientOcclusionLevels:-1]]
[2022.01.10-12.54.27:472][  0]LogConfig: Setting CVar [[r.AmbientOcclusionRadiusScale:1.0]]
[2022.01.10-12.54.27:472][  0]LogConfig: Setting CVar [[r.DepthOfFieldQuality:2]]
[2022.01.10-12.54.27:472][  0]LogConfig: Setting CVar [[r.RenderTargetPoolMin:400]]
[2022.01.10-12.54.27:472][  0]LogConfig: Setting CVar [[r.LensFlareQuality:2]]
[2022.01.10-12.54.27:472][  0]LogConfig: Setting CVar [[r.SceneColorFringeQuality:1]]
[2022.01.10-12.54.27:472][  0]LogConfig: Setting CVar [[r.EyeAdaptationQuality:2]]
[2022.01.10-12.54.27:473][  0]LogConfig: Setting CVar [[r.BloomQuality:5]]
[2022.01.10-12.54.27:473][  0]LogConfig: Setting CVar [[r.FastBlurThreshold:100]]
[2022.01.10-12.54.27:473][  0]LogConfig: Setting CVar [[r.Upscale.Quality:3]]
[2022.01.10-12.54.27:473][  0]LogConfig: Setting CVar [[r.Tonemapper.GrainQuantization:1]]
[2022.01.10-12.54.27:473][  0]LogConfig: Setting CVar [[r.LightShaftQuality:1]]
[2022.01.10-12.54.27:473][  0]LogConfig: Setting CVar [[r.Filter.SizeScale:1]]
[2022.01.10-12.54.27:473][  0]LogConfig: Setting CVar [[r.Tonemapper.Quality:5]]
[2022.01.10-12.54.27:473][  0]LogConfig: Setting CVar [[r.DOF.Gather.AccumulatorQuality:1        ; higher gathering accumulator quality]]
[2022.01.10-12.54.27:473][  0]LogConfig: Setting CVar [[r.DOF.Gather.PostfilterMethod:1          ; Median3x3 postfilering method]]
[2022.01.10-12.54.27:473][  0]LogConfig: Setting CVar [[r.DOF.Gather.EnableBokehSettings:0       ; no bokeh simulation when gathering]]
[2022.01.10-12.54.27:473][  0]LogConfig: Setting CVar [[r.DOF.Gather.RingCount:4                 ; medium number of samples when gathering]]
[2022.01.10-12.54.27:473][  0]LogConfig: Setting CVar [[r.DOF.Scatter.ForegroundCompositing:1    ; additive foreground scattering]]
[2022.01.10-12.54.27:473][  0]LogConfig: Setting CVar [[r.DOF.Scatter.BackgroundCompositing:2    ; additive background scattering]]
[2022.01.10-12.54.27:473][  0]LogConfig: Setting CVar [[r.DOF.Scatter.EnableBokehSettings:1      ; bokeh simulation when scattering]]
[2022.01.10-12.54.27:474][  0]LogConfig: Setting CVar [[r.DOF.Scatter.MaxSpriteRatio:0.1         ; only a maximum of 10% of scattered bokeh]]
[2022.01.10-12.54.27:474][  0]LogConfig: Setting CVar [[r.DOF.Recombine.Quality:1                ; cheap slight out of focus]]
[2022.01.10-12.54.27:474][  0]LogConfig: Setting CVar [[r.DOF.Recombine.EnableBokehSettings:0    ; no bokeh simulation on slight out of focus]]
[2022.01.10-12.54.27:474][  0]LogConfig: Setting CVar [[r.DOF.TemporalAAQuality:1                ; more stable temporal accumulation]]
[2022.01.10-12.54.27:474][  0]LogConfig: Setting CVar [[r.DOF.Kernel.MaxForegroundRadius:0.025]]
[2022.01.10-12.54.27:474][  0]LogConfig: Setting CVar [[r.DOF.Kernel.MaxBackgroundRadius:0.025]]
[2022.01.10-12.54.27:474][  0]LogConfig: Applying CVar settings from Section [TextureQuality@3] File [E:/GameMechanics/Unreal/UnrealProject/Saved/Config/Windows/Scalability.ini]
[2022.01.10-12.54.27:474][  0]LogConfig: Setting CVar [[r.Streaming.MipBias:0]]
[2022.01.10-12.54.27:474][  0]LogConfig: Setting CVar [[r.Streaming.AmortizeCPUToGPUCopy:0]]
[2022.01.10-12.54.27:474][  0]LogConfig: Setting CVar [[r.Streaming.MaxNumTexturesToStreamPerFrame:0]]
[2022.01.10-12.54.27:474][  0]LogConfig: Setting CVar [[r.Streaming.Boost:1]]
[2022.01.10-12.54.27:474][  0]LogConfig: Setting CVar [[r.MaxAnisotropy:8]]
[2022.01.10-12.54.27:474][  0]LogConfig: Setting CVar [[r.VT.MaxAnisotropy:8]]
[2022.01.10-12.54.27:474][  0]LogConfig: Setting CVar [[r.Streaming.LimitPoolSizeToVRAM:0]]
[2022.01.10-12.54.27:474][  0]LogConfig: Setting CVar [[r.Streaming.PoolSize:1000]]
[2022.01.10-12.54.27:474][  0]LogConfig: Setting CVar [[r.Streaming.MaxEffectiveScreenSize:0]]
[2022.01.10-12.54.27:474][  0]LogConfig: Applying CVar settings from Section [EffectsQuality@3] File [E:/GameMechanics/Unreal/UnrealProject/Saved/Config/Windows/Scalability.ini]
[2022.01.10-12.54.27:475][  0]LogConfig: Setting CVar [[r.TranslucencyLightingVolumeDim:64]]
[2022.01.10-12.54.27:475][  0]LogConfig: Setting CVar [[r.RefractionQuality:2]]
[2022.01.10-12.54.27:475][  0]LogConfig: Setting CVar [[r.SSR.Quality:3]]
[2022.01.10-12.54.27:475][  0]LogConfig: Setting CVar [[r.SSR.HalfResSceneColor:0]]
[2022.01.10-12.54.27:475][  0]LogConfig: Setting CVar [[r.SceneColorFormat:4]]
[2022.01.10-12.54.27:475][  0]LogConfig: Setting CVar [[r.DetailMode:2]]
[2022.01.10-12.54.27:475][  0]LogConfig: Setting CVar [[r.TranslucencyVolumeBlur:1]]
[2022.01.10-12.54.27:475][  0]LogConfig: Setting CVar [[r.MaterialQualityLevel:1 ; High quality]]
[2022.01.10-12.54.27:475][  0]LogConfig: Setting CVar [[r.AnisotropicMaterials:1]]
[2022.01.10-12.54.27:475][  0]LogConfig: Setting CVar [[r.SSS.Scale:1]]
[2022.01.10-12.54.27:475][  0]LogConfig: Setting CVar [[r.SSS.SampleSet:2]]
[2022.01.10-12.54.27:475][  0]LogConfig: Setting CVar [[r.SSS.Quality:1]]
[2022.01.10-12.54.27:475][  0]LogConfig: Setting CVar [[r.SSS.HalfRes:0]]
[2022.01.10-12.54.27:475][  0]LogConfig: Setting CVar [[r.SSGI.Quality:3]]
[2022.01.10-12.54.27:475][  0]LogConfig: Setting CVar [[r.EmitterSpawnRateScale:1.0]]
[2022.01.10-12.54.27:475][  0]LogConfig: Setting CVar [[r.ParticleLightQuality:2]]
[2022.01.10-12.54.27:475][  0]LogConfig: Setting CVar [[r.SkyAtmosphere.AerialPerspectiveLUT.FastApplyOnOpaque:1 ; Always have FastSkyLUT 1 in this case to avoid wrong sky]]
[2022.01.10-12.54.27:475][  0]LogConfig: Setting CVar [[r.SkyAtmosphere.AerialPerspectiveLUT.SampleCountMaxPerSlice:4]]
[2022.01.10-12.54.27:476][  0]LogConfig: Setting CVar [[r.SkyAtmosphere.AerialPerspectiveLUT.DepthResolution:16.0]]
[2022.01.10-12.54.27:476][  0]LogConfig: Setting CVar [[r.SkyAtmosphere.FastSkyLUT:1]]
[2022.01.10-12.54.27:476][  0]LogConfig: Setting CVar [[r.SkyAtmosphere.FastSkyLUT.SampleCountMin:4.0]]
[2022.01.10-12.54.27:476][  0]LogConfig: Setting CVar [[r.SkyAtmosphere.FastSkyLUT.SampleCountMax:128.0]]
[2022.01.10-12.54.27:476][  0]LogConfig: Setting CVar [[r.SkyAtmosphere.SampleCountMin:4.0]]
[2022.01.10-12.54.27:476][  0]LogConfig: Setting CVar [[r.SkyAtmosphere.SampleCountMax:128.0]]
[2022.01.10-12.54.27:476][  0]LogConfig: Setting CVar [[r.SkyAtmosphere.TransmittanceLUT.UseSmallFormat:0]]
[2022.01.10-12.54.27:476][  0]LogConfig: Setting CVar [[r.SkyAtmosphere.TransmittanceLUT.SampleCount:10.0]]
[2022.01.10-12.54.27:476][  0]LogConfig: Setting CVar [[r.SkyAtmosphere.MultiScatteringLUT.SampleCount:15.0]]
[2022.01.10-12.54.27:476][  0]LogConfig: Setting CVar [[r.SkyLight.RealTimeReflectionCapture:1]]
[2022.01.10-12.54.27:476][  0]LogConfig: Applying CVar settings from Section [FoliageQuality@3] File [E:/GameMechanics/Unreal/UnrealProject/Saved/Config/Windows/Scalability.ini]
[2022.01.10-12.54.27:476][  0]LogConfig: Setting CVar [[foliage.DensityScale:1.0]]
[2022.01.10-12.54.27:476][  0]LogConfig: Setting CVar [[grass.DensityScale:1.0]]
[2022.01.10-12.54.27:476][  0]LogConfig: Applying CVar settings from Section [ShadingQuality@3] File [E:/GameMechanics/Unreal/UnrealProject/Saved/Config/Windows/Scalability.ini]
[2022.01.10-12.54.27:476][  0]LogConfig: Setting CVar [[r.HairStrands.SkyLighting.IntegrationType:2]]
[2022.01.10-12.54.27:476][  0]LogConfig: Setting CVar [[r.HairStrands.SkyAO.SampleCount:4]]
[2022.01.10-12.54.27:476][  0]LogConfig: Setting CVar [[r.HairStrands.Visibility.MSAA.SamplePerPixel:4]]
[2022.01.10-12.54.27:476][  0]LogConfig: Applying CVar settings from Section [Startup] File [../../../Engine/Config/ConsoleVariables.ini]
[2022.01.10-12.54.27:477][  0]LogConfig: Setting CVar [[net.UseAdaptiveNetUpdateFrequency:0]]
[2022.01.10-12.54.27:477][  0]LogConfig: Setting CVar [[p.chaos.AllowCreatePhysxBodies:1]]
[2022.01.10-12.54.27:477][  0]LogConfig: Setting CVar [[fx.SkipVectorVMBackendOptimizations:1]]
[2022.01.10-12.54.27:477][  0]LogConfig: Applying CVar settings from Section [ConsoleVariables] File [E:/GameMechanics/Unreal/UnrealProject/Saved/Config/Windows/Engine.ini]
[2022.01.10-12.54.27:477][  0]LogConfig: Applying CVar settings from Section [ConsoleVariables] File [E:/GameMechanics/Unreal/UnrealProject/Saved/Config/Windows/Editor.ini]
[2022.01.10-12.54.27:478][  0]LogInit: Computer: DESKTOP-QOHD173
[2022.01.10-12.54.27:478][  0]LogInit: User: pjotr
[2022.01.10-12.54.27:478][  0]LogInit: CPU Page size=4096, Cores=4
[2022.01.10-12.54.27:478][  0]LogInit: High frequency timer resolution =10.000000 MHz
[2022.01.10-12.54.27:478][  0]LogMemory: Memory total: Physical=16.0GB (16GB approx)
[2022.01.10-12.54.27:478][  0]LogMemory: Platform Memory Stats for Windows
[2022.01.10-12.54.27:478][  0]LogMemory: Process Physical Memory: 144.13 MB used, 144.14 MB peak
[2022.01.10-12.54.27:478][  0]LogMemory: Process Virtual Memory: 116.01 MB used, 116.01 MB peak
[2022.01.10-12.54.27:478][  0]LogMemory: Physical Memory: 12800.49 MB used,  3545.35 MB free, 16345.84 MB total
[2022.01.10-12.54.27:478][  0]LogMemory: Virtual Memory: 134211056.00 MB used,  6671.85 MB free, 134217728.00 MB total
[2022.01.10-12.54.27:507][  0]LogWindows: WindowsPlatformFeatures enabled
[2022.01.10-12.54.27:717][  0]LogInit: Physics initialised using underlying interface: PhysX
[2022.01.10-12.54.27:719][  0]LogInit: Using OS detected language (en-US).
[2022.01.10-12.54.27:719][  0]LogInit: Using OS detected locale (en-BE).
[2022.01.10-12.54.27:727][  0]LogTextLocalizationManager: No specific localization for 'en-US' exists, so the 'en' localization will be used.
[2022.01.10-12.54.28:022][  0]LogInit: Setting process to per monitor DPI aware
[2022.01.10-12.54.28:063][  0]LogWindowsTextInputMethodSystem: Display: IME system deactivated.
[2022.01.10-12.54.28:093][  0]LogSlate: New Slate User Created.  User Index 0, Is Virtual User: 0
[2022.01.10-12.54.28:093][  0]LogSlate: Slate User Registered.  User Index 0, Is Virtual User: 0
[2022.01.10-12.54.28:266][  0]LogD3D11RHI: Loaded GFSDK_Aftermath_Lib.x64.dll
[2022.01.10-12.54.28:349][  0]LogHMD: Failed to initialize OpenVR with code 108
[2022.01.10-12.54.28:349][  0]LogD3D11RHI: D3D11 min allowed feature level: 11_0
[2022.01.10-12.54.28:349][  0]LogD3D11RHI: D3D11 max allowed feature level: 11_0
[2022.01.10-12.54.28:349][  0]LogD3D11RHI: D3D11 adapters:
[2022.01.10-12.54.28:553][  0]LogD3D11RHI:    0. 'NVIDIA GeForce GTX 1070 Ti' (Feature Level 11_0)
[2022.01.10-12.54.28:553][  0]LogD3D11RHI:       8079/0/8172 MB DedicatedVideo/DedicatedSystem/SharedSystem, Outputs:3, VendorId:0x10de
[2022.01.10-12.54.28:561][  0]LogD3D11RHI:    1. 'Microsoft Basic Render Driver' (Feature Level 11_0)
[2022.01.10-12.54.28:561][  0]LogD3D11RHI:       0/0/8172 MB DedicatedVideo/DedicatedSystem/SharedSystem, Outputs:0, VendorId:0x1414
[2022.01.10-12.54.28:561][  0]LogD3D11RHI: Chosen D3D11 Adapter:
[2022.01.10-12.54.28:561][  0]LogD3D11RHI:     Description : NVIDIA GeForce GTX 1070 Ti
[2022.01.10-12.54.28:561][  0]LogD3D11RHI:     VendorId    : 10de
[2022.01.10-12.54.28:561][  0]LogD3D11RHI:     DeviceId    : 1b82
[2022.01.10-12.54.28:561][  0]LogD3D11RHI:     SubSysId    : c3031462
[2022.01.10-12.54.28:561][  0]LogD3D11RHI:     Revision    : 00a1
[2022.01.10-12.54.28:561][  0]LogD3D11RHI:     DedicatedVideoMemory : 8471445504 bytes
[2022.01.10-12.54.28:561][  0]LogD3D11RHI:     DedicatedSystemMemory : 0 bytes
[2022.01.10-12.54.28:561][  0]LogD3D11RHI:     SharedSystemMemory : 8569927680 bytes
[2022.01.10-12.54.28:561][  0]LogD3D11RHI:     AdapterLuid : 0 48369
[2022.01.10-12.54.28:572][  0]LogD3D11RHI: Creating new Direct3DDevice
[2022.01.10-12.54.28:572][  0]LogD3D11RHI:     GPU DeviceId: 0x1b82 (for the marketing name, search the web for "GPU Device Id")
[2022.01.10-12.54.28:572][  0]LogWindows: EnumDisplayDevices:
[2022.01.10-12.54.28:572][  0]LogWindows:    0. 'NVIDIA GeForce GTX 1070 Ti' (P:0 D:1)
[2022.01.10-12.54.28:573][  0]LogWindows:    1. 'NVIDIA GeForce GTX 1070 Ti' (P:1 D:1)
[2022.01.10-12.54.28:573][  0]LogWindows:    2. 'NVIDIA GeForce GTX 1070 Ti' (P:0 D:1)
[2022.01.10-12.54.28:574][  0]LogWindows:    3. 'NVIDIA GeForce GTX 1070 Ti' (P:0 D:0)
[2022.01.10-12.54.28:574][  0]LogWindows: DebugString: FoundDriverCount:4 
[2022.01.10-12.54.28:574][  0]LogD3D11RHI:     Adapter Name: NVIDIA GeForce GTX 1070 Ti
[2022.01.10-12.54.28:574][  0]LogD3D11RHI:   Driver Version: 497.29 (internal:30.0.14.9729, unified:497.29)
[2022.01.10-12.54.28:574][  0]LogD3D11RHI:      Driver Date: 12-15-2021
[2022.01.10-12.54.28:574][  0]LogRHI: Texture pool is 5655 MB (70% of 8079 MB)
[2022.01.10-12.54.28:574][  0]LogD3D11RHI: Creating D3DDevice using adapter:
[2022.01.10-12.54.28:574][  0]LogD3D11RHI:     Description : NVIDIA GeForce GTX 1070 Ti
[2022.01.10-12.54.28:574][  0]LogD3D11RHI:     VendorId    : 10de
[2022.01.10-12.54.28:574][  0]LogD3D11RHI:     DeviceId    : 1b82
[2022.01.10-12.54.28:574][  0]LogD3D11RHI:     SubSysId    : c3031462
[2022.01.10-12.54.28:574][  0]LogD3D11RHI:     Revision    : 00a1
[2022.01.10-12.54.28:575][  0]LogD3D11RHI:     DedicatedVideoMemory : 8471445504 bytes
[2022.01.10-12.54.28:575][  0]LogD3D11RHI:     DedicatedSystemMemory : 0 bytes
[2022.01.10-12.54.28:575][  0]LogD3D11RHI:     SharedSystemMemory : 8569927680 bytes
[2022.01.10-12.54.28:575][  0]LogD3D11RHI:     AdapterLuid : 0 48369
[2022.01.10-12.54.28:651][  0]LogD3D11RHI: RHI has support for 64 bit atomics
[2022.01.10-12.54.28:652][  0]LogD3D11RHI: Async texture creation enabled
[2022.01.10-12.54.28:653][  0]LogD3D11RHI: Array index from any shader is supported
[2022.01.10-12.54.28:684][  0]LogD3D11RHI: GPU Timing Frequency: 1000.000000 (Debug: 2 1)
[2022.01.10-12.54.28:720][  0]LogRHI: GeForceNow SDK initialized: 1
[2022.01.10-12.54.29:080][  0]LogTargetPlatformManager: Display: Loaded TargetPlatform 'AllDesktop'
[2022.01.10-12.54.29:101][  0]LogTargetPlatformManager: Display: Loaded TargetPlatform 'Android'
[2022.01.10-12.54.29:102][  0]LogTargetPlatformManager: Display: Loaded TargetPlatform 'Android_ASTC'
[2022.01.10-12.54.29:102][  0]LogTargetPlatformManager: Display: Loaded TargetPlatform 'Android_DXT'
[2022.01.10-12.54.29:102][  0]LogTargetPlatformManager: Display: Loaded TargetPlatform 'Android_ETC2'
[2022.01.10-12.54.29:102][  0]LogTargetPlatformManager: Display: Loaded TargetPlatform 'AndroidClient'
[2022.01.10-12.54.29:102][  0]LogTargetPlatformManager: Display: Loaded TargetPlatform 'Android_ASTCClient'
[2022.01.10-12.54.29:102][  0]LogTargetPlatformManager: Display: Loaded TargetPlatform 'Android_DXTClient'
[2022.01.10-12.54.29:102][  0]LogTargetPlatformManager: Display: Loaded TargetPlatform 'Android_ETC2Client'
[2022.01.10-12.54.29:102][  0]LogTargetPlatformManager: Display: Loaded TargetPlatform 'Android_Multi'
[2022.01.10-12.54.29:102][  0]LogTargetPlatformManager: Display: Loaded TargetPlatform 'Android_MultiClient'
[2022.01.10-12.54.29:128][  0]LogTargetPlatformManager: Display: Loaded TargetPlatform 'IOSClient'
[2022.01.10-12.54.29:128][  0]LogTargetPlatformManager: Display: Loaded TargetPlatform 'IOS'
[2022.01.10-12.54.29:141][  0]LogTargetPlatformManager: Display: Loaded TargetPlatform 'Linux'
[2022.01.10-12.54.29:146][  0]LogTargetPlatformManager: Display: Loaded TargetPlatform 'LinuxNoEditor'
[2022.01.10-12.54.29:151][  0]LogTargetPlatformManager: Display: Loaded TargetPlatform 'LinuxClient'
[2022.01.10-12.54.29:158][  0]LogTargetPlatformManager: Display: Loaded TargetPlatform 'LinuxServer'
[2022.01.10-12.54.29:169][  0]LogTargetPlatformManager: Display: Loaded TargetPlatform 'LinuxAArch64NoEditor'
[2022.01.10-12.54.29:175][  0]LogTargetPlatformManager: Display: Loaded TargetPlatform 'LinuxAArch64Client'
[2022.01.10-12.54.29:180][  0]LogTargetPlatformManager: Display: Loaded TargetPlatform 'LinuxAArch64Server'
[2022.01.10-12.54.29:211][  0]LogTargetPlatformManager: Display: Loaded TargetPlatform 'Lumin'
[2022.01.10-12.54.29:211][  0]LogTargetPlatformManager: Display: Loaded TargetPlatform 'LuminClient'
[2022.01.10-12.54.29:221][  0]LogTargetPlatformManager: Display: Loaded TargetPlatform 'MacNoEditor'
[2022.01.10-12.54.29:227][  0]LogTargetPlatformManager: Display: Loaded TargetPlatform 'Mac'
[2022.01.10-12.54.29:232][  0]LogTargetPlatformManager: Display: Loaded TargetPlatform 'MacClient'
[2022.01.10-12.54.29:237][  0]LogTargetPlatformManager: Display: Loaded TargetPlatform 'MacServer'
[2022.01.10-12.54.29:249][  0]LogTargetPlatformManager: Display: Loaded TargetPlatform 'TVOSClient'
[2022.01.10-12.54.29:249][  0]LogTargetPlatformManager: Display: Loaded TargetPlatform 'TVOS'
[2022.01.10-12.54.29:261][  0]LogTargetPlatformManager: Display: Loaded TargetPlatform 'WindowsNoEditor'
[2022.01.10-12.54.29:267][  0]LogTargetPlatformManager: Display: Loaded TargetPlatform 'Windows'
[2022.01.10-12.54.29:274][  0]LogTargetPlatformManager: Display: Loaded TargetPlatform 'WindowsClient'
[2022.01.10-12.54.29:281][  0]LogTargetPlatformManager: Display: Loaded TargetPlatform 'WindowsServer'
[2022.01.10-12.54.29:281][  0]LogTargetPlatformManager: Display: Building Assets For Windows
[2022.01.10-12.54.29:295][  0]LogAudioDebug: Display: Lib vorbis DLL was dynamically loaded.
[2022.01.10-12.54.29:354][  0]LogTextureFormatOodle: Display: Oodle Texture 2.9.0 init RDO Off
[2022.01.10-12.54.29:420][  0]LogRendererCore: Ray tracing is disabled. Reason: r.RayTracing=0.
[2022.01.10-12.54.29:421][  0]LogShaderCompilers: Guid format shader working directory is 8 characters bigger than the processId version (E:/GameMechanics/Unreal/UnrealProject/Intermediate/Shaders/WorkingDirectory/26224/).
[2022.01.10-12.54.29:421][  0]LogShaderCompilers: Cleaned the shader compiler working directory 'C:/Users/pjotr/AppData/Local/Temp/UnrealShaderWorkingDir/C7BE977C448EAFE1B6362EA69AC78F60/'.
[2022.01.10-12.54.29:421][  0]LogXGEController: Cannot use XGE Controller as Incredibuild is not installed on this machine.
[2022.01.10-12.54.29:421][  0]LogShaderCompilers: Cannot use XGE Shader Compiler as Incredibuild is not installed on this machine.
[2022.01.10-12.54.29:422][  0]LogShaderCompilers: Display: Using Local Shader Compiler.
[2022.01.10-12.54.30:160][  0]LogDerivedDataCache: Display: Max Cache Size: 512 MB
[2022.01.10-12.54.30:223][  0]LogDerivedDataCache: Loaded boot cache 0.06s 94MB C:/Users/pjotr/AppData/Local/UnrealEngine/4.27/DerivedDataCache/Boot.ddc.
[2022.01.10-12.54.30:223][  0]LogDerivedDataCache: Display: Loaded Boot cache: C:/Users/pjotr/AppData/Local/UnrealEngine/4.27/DerivedDataCache/Boot.ddc
[2022.01.10-12.54.30:223][  0]LogDerivedDataCache: FDerivedDataBackendGraph:  Pak pak cache file E:/GameMechanics/Unreal/UnrealProject/DerivedDataCache/DDC.ddp not found, will not use a pak cache.
[2022.01.10-12.54.30:223][  0]LogDerivedDataCache: Unable to find inner node Pak for hierarchical cache Hierarchy.
[2022.01.10-12.54.30:223][  0]LogDerivedDataCache: FDerivedDataBackendGraph:  CompressedPak pak cache file E:/GameMechanics/Unreal/UnrealProject/DerivedDataCache/Compressed.ddp not found, will not use a pak cache.
[2022.01.10-12.54.30:223][  0]LogDerivedDataCache: Unable to find inner node CompressedPak for hierarchical cache Hierarchy.
[2022.01.10-12.54.30:238][  0]LogDerivedDataCache: Display: Pak cache opened for reading ../../../Engine/DerivedDataCache/Compressed.ddp.
[2022.01.10-12.54.30:238][  0]LogDerivedDataCache: FDerivedDataBackendGraph:  EnterprisePak pak cache file ../../../Enterprise/DerivedDataCache/Compressed.ddp not found, will not use a pak cache.
[2022.01.10-12.54.30:238][  0]LogDerivedDataCache: Unable to find inner node EnterprisePak for hierarchical cache Hierarchy.
[2022.01.10-12.54.30:246][  0]LogDerivedDataCache: Speed tests for C:/Users/pjotr/AppData/Local/UnrealEngine/Common/DerivedDataCache took 0.01 seconds
[2022.01.10-12.54.30:246][  0]LogDerivedDataCache: Display: Performance to C:/Users/pjotr/AppData/Local/UnrealEngine/Common/DerivedDataCache: Latency=0.03ms. RandomReadSpeed=310.72MBs, RandomWriteSpeed=228.74MBs. Assigned SpeedClass 'Local'
[2022.01.10-12.54.30:248][  0]LogDerivedDataCache: Using Local data cache path C:/Users/pjotr/AppData/Local/UnrealEngine/Common/DerivedDataCache: Writable
[2022.01.10-12.54.30:248][  0]LogDerivedDataCache: Shared data cache path not found in *engine.ini, will not use an Shared cache.
[2022.01.10-12.54.30:248][  0]LogDerivedDataCache: Unable to find inner node Shared for hierarchical cache Hierarchy.
[2022.01.10-12.54.30:297][  0]LogSlate: Using FreeType 2.10.0
[2022.01.10-12.54.30:298][  0]LogSlate: SlateFontServices - WITH_FREETYPE: 1, WITH_HARFBUZZ: 1
[2022.01.10-12.54.30:326][  0]LogAssetRegistry: FAssetRegistry took 0.0051 seconds to start up
[2022.01.10-12.54.30:592][  0]LogInit: Selected Device Profile: [Windows]
[2022.01.10-12.54.30:592][  0]LogInit: Active device profile: [000001749CA4CF00][0000017493BCD240 49] Windows
[2022.01.10-12.54.30:592][  0]LogInit: Profiles: [000001749CA4CF00][0000017493BCD240 49] Windows, [000001749C9FE400][000001749406F3C0 49] WindowsNoEditor, [000001749CA4DF00][000001748FAB5540 49] WindowsServer, [000001749C9FD500][0000017493BD16C0 49] WindowsClient, [000001749CA4D200][000001749D5FD840 49] IOS, [000001749C9FFA00][000001748FAB99C0 49] iPadAir, [000001749CA4F300][0000017493BA3B40 49] iPadAir2, [000001749C9B5300][0000017493BAA280 49] IPadPro, [000001749C9B5400][0000017493BA62C0 49] iPadAir3, [000001749C9FCB00][0000017493BAE440 49] iPadAir4, [000001749C9B6100][0000017493BB25C0 49] iPadMini2, [000001749C9FF400][0000017493BB6740 49] iPadMini3, [000001749C9B6C00][00000174939E6880 49] iPadMini4, [000001749C9FE600][0000017493BBA9C0 49] iPadMini5, [000001749C9ECE00][0000017494072C40 49] iPhone6, [000001749C9ECF00][0000017493BBEC80 49] iPodTouch6, [000001749CA4F700][000001749407AF40 49] iPhone7, [000001749CA4E800][0000017494076F80 49] iPodTouch7, [000001749C9B5100][000001749407F100 49] iPhone5S, [000001749CA4D100][0000017494083280 49] iPhone6Plus, [000001749C9B6A00][0000017494087400 49] iPhone6S, [000001749CA4DA00][000001749408B580 49] iPhone6SPlus, [000001749C9EC100][000001749408F700 49] iPhone7Plus, [000001749C9B5D00][0000017494093880 49] iPhoneSE, [000001749C9ECC00][0000017494097A00 49] iPhone8, [000001749C9B4400][0000017493B59B80 49] iPhone8Plus, [000001749C9EEA00][0000017493B5C180 49] iPhoneX, [000001749C9B7C00][0000017493B60300 49] iPhoneXS, [000001749C9EE900][0000017493B64480 49] iPhoneXSMax, [000001749C9B4B00][0000017493B68600 49] iPhoneXR, [000001749CA4F800][0000017493B6C780 49] iPhone11, [000001749C9B7D00][0000017493B70900 49] iPhone11Pro, [000001749CA4DB00][0000017493BC2A40 49] iPhone11ProMax, [000001749C9B5500][0000017493B74B80 49] iPhoneSE2, [000001749CA4DE00][0000017493B78CC0 49] iPhone12Mini, [000001749C9B7100][0000017493B80E40 49] iPhone12, [000001749CA4F400][0000017493B84FC0 49] iPhone12Pro, [000001749C9B4D00][0000017493B89140 49] iPhone12ProMax, [000001749CA4FC00][0000017493B8D2C0 49] iPadPro105, [000001749C9B7700][0000017493B91440 49] iPadPro129, [000001749CA4EA00][000001748FEB95C0 49] iPadPro97, [000001749C9B4900][000001748FEBD740 49] iPadPro2_129, [000001749CA4C800][000001748FEC18C0 49] iPad5, [000001749C9B5000][000001748FEC5A40 49] iPad6, [000001749CA4C400][000001748FEC9BC0 49] iPad7, [000001749C9B6B00][000001748FECC1C0 49] iPad8, [000001749CA4F500][000001748FED0340 49] iPadPro11, [000001749C9B5800][000001748FED44C0 49] iPadPro2_11, [000001749CA4C900][000001748FED8640 49] iPadPro3_129, [000001749C9B6800][000001748FEDC7C0 49] iPadPro4_129, [000001749CA4EE00][000001748FEE0940 49] AppleTV, [000001749C9B7E00][000001748FEE4AC0 49] AppleTV4K, [000001749CA4C500][0000017493B7CC00 49] TVOS, [000001749C9B5700][000001748FEE8D40 49] Mac, [000001749CA4E300][000001748FEECE80 49] MacClient, [000001749C9B4800][000001748FEF0FC0 49] MacNoEditor, [000001749CA4D000][000001749D549140 49] MacServer, [000001749C9B4500][000001749D54D2C0 49] Linux, [000001749CA4EB00][000001749D551440 49] LinuxAArch64, [000001749C9B5600][000001749D5555C0 49] LinuxNoEditor, [000001749CA4E100][000001749D559740 49] LinuxAArch64NoEditor, [000001749C9B7900][000001749D55D8C0 49] LinuxClient, [000001749CA4E600][000001749D561A40 49] LinuxAArch64Client, [000001749C9B6300][000001749D565BC0 49] LinuxServer, [000001749CA4C700][000001749D5681C0 49] LinuxAArch64Server, [000001749C9B5A00][000001749D56C340 49] Android, [000001749CA4E200][000001749D5704C0 49] Android_Low, [000001749C9B5C00][000001749D574640 49] Android_Mid, [000001749CA4D300][000001749D5787C0 49] Android_High, [000001749C9B4E00][000001749D57C940 49] Android_Default, [000001749CA4F600][000001749D580AC0 49] Android_Adreno4xx, [000001749C9B4F00][000001749D584C40 49] Android_Adreno5xx_Low, [000001749CA4FB00][000001748FEF4D80 49] Android_Adreno5xx, [000001749C9B7A00][000001749D588EC0 49] Android_Adreno6xx, [000001749CA4CB00][000001749D58D000 49] Android_Adreno6xx_Vulkan, [000001749C9B5900][000001749D591140 49] Android_Mali_T6xx, [000001749CA4CA00][000001749D5992C0 49] Android_Mali_T7xx, [000001749C9FD400][000001749D59D440 49] Android_Mali_T8xx, [000001749C9EC500][000001749D5A15C0 49] Android_Mali_G71, [000001749C9FC600][000001749D5A5740 49] Android_Mali_G72, [000001749C9EC300][000001749D5A98C0 49] Android_Mali_G72_Vulkan, [000001749C9FF300][000001749D5ADA40 49] Android_Mali_G76, [000001749C9ED000][000001749D5B1BC0 49] Android_Mali_G76_Vulkan, [000001749C9FE000][000001749D5B41C0 49] Android_Mali_G77, [000001749C9EEF00][0000017493FAC340 49] Android_Mali_G77_Vulkan, [000001749C9FCE00][0000017493FB04C0 49] Android_Mali_G78, [000001749C9EF100][0000017493FB4640 49] Android_Mali_G78_Vulkan, [000001749C9FC800][0000017493FB87C0 49] Android_Mali_G710, [000001749C9EEC00][0000017493FBC940 49] Android_Mali_G710_Vulkan, [000001749C9FF600][0000017493FC0AC0 49] Android_Vulkan_SM5, [000001749C9EF500][0000017493FC4C40 49] Android_PowerVR_G6xxx, [000001749C9FD900][0000017493FC8DC0 49] Android_PowerVR_GT7xxx, [000001749C9EDD00][0000017493FCCF40 49] Android_PowerVR_GE8xxx, [000001749C9FED00][000001749D595080 49] Android_PowerVR_GM9xxx, [000001749C9EC800][0000017493FD11C0 49] Android_PowerVR_GM9xxx_Vulkan, [000001749C9FF100][0000017493FD5300 49] Android_TegraK1, [000001749C9ED200][0000017493FDD480 49] Android_Unknown_Vulkan, [000001749C9FE300][0000017493FE1600 49] Lumin, [000001749C9EF700][0000017493FE5780 49] Lumin_Desktop, [000001749C9FE800][0000017493FE9900 49] HoloLens, 
[2022.01.10-12.54.30:757][  0]LogMeshReduction: Using QuadricMeshReduction for automatic static mesh reduction
[2022.01.10-12.54.30:757][  0]LogMeshReduction: Using SimplygonMeshReduction for automatic skeletal mesh reduction
[2022.01.10-12.54.30:757][  0]LogMeshReduction: Using ProxyLODMeshReduction for automatic mesh merging
[2022.01.10-12.54.30:757][  0]LogMeshReduction: No distributed automatic mesh merging module available
[2022.01.10-12.54.30:757][  0]LogMeshMerging: No distributed automatic mesh merging module available
[2022.01.10-12.54.30:782][  0]LogNetVersion: UnrealProject 1.0.0, NetCL: 17155196, EngineNetVer: 17, GameNetVer: 0 (Checksum: 742620811)
[2022.01.10-12.54.31:193][  0]LogTexture: Default maximum texture size for cubemaps generated from long-lat sources has been changed from 512 to unlimited. In order to preserve old behaiour for '/Engine/MapTemplates/Sky/DaylightAmbientCubemap.DaylightAmbientCubemap', its maximum texture size has been explicitly set to 512.
[2022.01.10-12.54.31:276][  0]LogHMD: PokeAHoleMaterial loaded successfully
[2022.01.10-12.54.31:283][  0]LogUObjectArray: 17178 objects as part of root set at end of initial load.
[2022.01.10-12.54.31:284][  0]LogUObjectAllocator: 4302048 out of 0 bytes used by permanent object pool.
[2022.01.10-12.54.31:284][  0]LogUObjectArray: CloseDisregardForGC: 0/0 objects in disregard for GC pool
[2022.01.10-12.54.31:628][  0]LogPython: Using Python 3.7.7
[2022.01.10-12.54.32:240][  0]LogNiagaraDebuggerClient: Niagara Debugger Client Initialized | Session: 04C41FB74AF27DA0A9FF8E8E2B0E9C41 | Instance: EB3196E44231244A0987598EC607E24D (DESKTOP-QOHD173-26224).
[2022.01.10-12.54.32:312][  0]LogTcpMessaging: Initializing TcpMessaging bridge
[2022.01.10-12.54.32:318][  0]LogUdpMessaging: Initializing bridge on interface 0.0.0.0:0 to multicast group 230.0.0.1:6666.
[2022.01.10-12.54.32:558][  0]SourceControl: Source control is disabled
[2022.01.10-12.54.32:558][  0]SourceControl: Source control is disabled
[2022.01.10-12.54.32:562][  0]SourceControl: Source control is disabled
[2022.01.10-12.54.32:566][  0]SourceControl: Source control is disabled
[2022.01.10-12.54.32:580][  0]SourceControl: Source control is disabled
[2022.01.10-12.54.32:589][  0]LogUProjectInfo: Found projects:
[2022.01.10-12.54.32:843][  0]LogOpenImageDenoise: OIDN starting up
[2022.01.10-12.54.32:928][  0]LogAndroidPermission: UAndroidPermissionCallbackProxy::GetInstance
[2022.01.10-12.54.32:961][  0]LogAudioCaptureCore: Display: No Audio Capture implementations found. Audio input will be silent.
[2022.01.10-12.54.32:961][  0]LogAudioCaptureCore: Display: No Audio Capture implementations found. Audio input will be silent.
[2022.01.10-12.54.33:096][  0]LogCollectionManager: Loaded 0 collections in 0.001473 seconds
[2022.01.10-12.54.33:131][  0]LogFileCache: Scanning file cache for directory 'E:/GameMechanics/Unreal/UnrealProject/Saved/Collections/' took 0.00s
[2022.01.10-12.54.33:131][  0]LogFileCache: Scanning file cache for directory 'E:/GameMechanics/Unreal/UnrealProject/Content/Developers/pjotr/Collections/' took 0.00s
[2022.01.10-12.54.33:131][  0]LogFileCache: Scanning file cache for directory 'E:/GameMechanics/Unreal/UnrealProject/Content/Collections/' took 0.00s
[2022.01.10-12.54.33:131][  0]LogOcInput: OculusInput pre-init called
[2022.01.10-12.54.33:367][  0]LogEngine: Initializing Engine...
[2022.01.10-12.54.33:442][  0]LogHMD: Failed to initialize OpenVR with code 108
[2022.01.10-12.54.33:466][  0]LogHMD: Optional extension XR_VARJO_quad_views is not available
[2022.01.10-12.54.33:466][  0]LogHMD: Warning: Required extension XR_EXT_eye_gaze_interaction is not available
[2022.01.10-12.54.33:466][  0]LogHMD: Could not enable all required OpenXR extensions for OpenXREyeTracker on current system. This plugin will be loaded but ignored, but will be enabled on a target platform that supports the required extension.
[2022.01.10-12.54.33:512][  0]LogHMD: Failed to create an OpenXR instance, result is XR_ERROR_RUNTIME_FAILURE. Please check if you have an OpenXR runtime installed. The following extensions were enabled:
[2022.01.10-12.54.33:513][  0]LogHMD: - XR_KHR_D3D11_enable
[2022.01.10-12.54.33:513][  0]LogHMD: - XR_KHR_D3D12_enable
[2022.01.10-12.54.33:513][  0]LogHMD: - XR_KHR_opengl_enable
[2022.01.10-12.54.33:513][  0]LogHMD: - XR_KHR_vulkan_enable
[2022.01.10-12.54.33:513][  0]LogHMD: - XR_KHR_composition_layer_depth
[2022.01.10-12.54.33:513][  0]LogHMD: - XR_KHR_visibility_mask
[2022.01.10-12.54.33:513][  0]LogHMD: - XR_EXT_hand_tracking
[2022.01.10-12.54.33:513][  0]LogMagicLeap: Warning: VR disabled because ZI is not enabled.  To enable, in the editor, Edit -> Project Settings -> Plugins -> Magic Leap Plugin -> Enable Zero Iteration
[2022.01.10-12.54.33:514][  0]LogStats: UGameplayTagsManager::InitializeManager -  0.000 s
[2022.01.10-12.54.33:648][  0]LogInit: Initializing FReadOnlyCVARCache
[2022.01.10-12.54.33:658][  0]LogAIModule: Creating AISystem for world Untitled
[2022.01.10-12.54.33:673][  0]LogAudio: Display: Initializing Audio Device Manager...
[2022.01.10-12.54.33:679][  0]LogAudio: Display: Loading Default Audio Settings Objects...
[2022.01.10-12.54.33:680][  0]LogAudio: Display: No default SoundConcurrencyObject specified (or failed to load).
[2022.01.10-12.54.33:680][  0]LogAudio: Display: Audio Device Manager Initialized
[2022.01.10-12.54.33:681][  0]LogAudio: Display: Creating Audio Device:                 Id: 1, Scope: Shared, Realtime: True
[2022.01.10-12.54.33:681][  0]LogAudioMixer: Display: Audio Mixer Platform Settings:
[2022.01.10-12.54.33:681][  0]LogAudioMixer: Display: 	Sample Rate:						  48000
[2022.01.10-12.54.33:681][  0]LogAudioMixer: Display: 	Callback Buffer Frame Size Requested: 1024
[2022.01.10-12.54.33:681][  0]LogAudioMixer: Display: 	Callback Buffer Frame Size To Use:	  1024
[2022.01.10-12.54.33:681][  0]LogAudioMixer: Display: 	Number of buffers to queue:			  2
[2022.01.10-12.54.33:681][  0]LogAudioMixer: Display: 	Max Channels (voices):				  32
[2022.01.10-12.54.33:681][  0]LogAudioMixer: Display: 	Number of Async Source Workers:		  0
[2022.01.10-12.54.33:681][  0]LogAudio: Display: AudioDevice MaxSources: 32
[2022.01.10-12.54.33:681][  0]LogAudio: Display: Audio Spatialization Plugin: None (built-in).
[2022.01.10-12.54.33:681][  0]LogAudio: Display: Audio Reverb Plugin: None (built-in).
[2022.01.10-12.54.33:682][  0]LogAudio: Display: Audio Occlusion Plugin: None (built-in).
[2022.01.10-12.54.33:682][  0]LogAudioMixer: Display: Initializing audio mixer.
[2022.01.10-12.54.33:703][  0]LogAudioMixer: Display: 0: FrontLeft
[2022.01.10-12.54.33:704][  0]LogAudioMixer: Display: 1: FrontRight
[2022.01.10-12.54.33:704][  0]LogAudioMixer: Display: 2: FrontCenter
[2022.01.10-12.54.33:704][  0]LogAudioMixer: Display: 3: LowFrequency
[2022.01.10-12.54.33:704][  0]LogAudioMixer: Display: 4: BackLeft
[2022.01.10-12.54.33:704][  0]LogAudioMixer: Display: 5: BackRight
[2022.01.10-12.54.33:704][  0]LogAudioMixer: Display: 6: SideLeft
[2022.01.10-12.54.33:704][  0]LogAudioMixer: Display: 7: SideRight
[2022.01.10-12.54.33:875][  0]LogAudioMixer: Display: Using Audio Device Headset Earphone (3- CORSAIR VOID PRO Wireless Gaming Headset)
[2022.01.10-12.54.33:879][  0]LogAudioMixer: Display: Initializing Sound Submixes...
[2022.01.10-12.54.33:881][  0]LogAudioMixer: Display: Creating Master Submix 'MasterSubmixDefault'
[2022.01.10-12.54.33:881][  0]LogAudioMixer: Display: Creating Master Submix 'MasterReverbSubmixDefault'
[2022.01.10-12.54.33:882][  0]LogAudioMixer: Display: Creating Master Submix 'MasterEQSubmixDefault'
[2022.01.10-12.54.33:882][  0]LogAudioMixer: FMixerPlatformXAudio2::StartAudioStream() called
[2022.01.10-12.54.33:882][  0]LogAudioMixer: Display: Output buffers initialized: Frames=1024, Channels=8, Samples=8192
[2022.01.10-12.54.33:884][  0]LogAudioMixer: Display: Starting AudioMixerPlatformInterface::RunInternal()
[2022.01.10-12.54.33:884][  0]LogInit: FAudioDevice initialized.
[2022.01.10-12.54.33:885][  0]LogAudioMixer: Display: FMixerPlatformXAudio2::SubmitBuffer() called for the first time
[2022.01.10-12.54.33:885][  0]LogAudio: Display: Audio Device (ID: 1) registered with world 'Untitled'.
[2022.01.10-12.54.33:885][  0]LogNetVersion: Set ProjectVersion to 1.0.0.0. Version Checksum will be recalculated on next use.
[2022.01.10-12.54.34:064][  0]LogDerivedDataCache: Saved boot cache 0.18s 94MB C:/Users/pjotr/AppData/Local/UnrealEngine/4.27/DerivedDataCache/Boot.ddc.
[2022.01.10-12.54.34:065][  0]LogInit: Texture streaming: Enabled
[2022.01.10-12.54.34:080][  0]LogAnalytics: Display: [UEEditor.Rocket.Release] APIServer = https://datarouter.ol.epicgames.com/. AppVersion = 4.27.2-18319896+++UE4+Release-4.27
[2022.01.10-12.54.34:085][  0]LogEngineSessionManager: EngineSessionManager initialized
[2022.01.10-12.54.34:085][  0]LogEngineSessionManager: EngineSessionManager sent abnormal shutdown report. Type=Crashed, SessionId={DDBCBDC0-44F7-028C-079E-9C86784A0464}
[2022.01.10-12.54.34:085][  0]LogEditorSessionSummary: Verbose: Initializing EditorSessionSummaryWriter for editor session tracking
[2022.01.10-12.54.34:094][  0]LogEditorSessionSummary: EditorSessionSummaryWriter initialized
[2022.01.10-12.54.34:118][  0]LogInit: Transaction tracking system initialized
[2022.01.10-12.54.34:145][  0]BlueprintLog: New page: Editor Load
[2022.01.10-12.54.34:223][  0]LocalizationService: Localization service is disabled
[2022.01.10-12.54.34:252][  0]TimingProfiler: Initialize
[2022.01.10-12.54.34:252][  0]TimingProfiler: OnSessionChanged
[2022.01.10-12.54.34:252][  0]LoadingProfiler: Initialize
[2022.01.10-12.54.34:252][  0]LoadingProfiler: OnSessionChanged
[2022.01.10-12.54.34:252][  0]NetworkingProfiler: Initialize
[2022.01.10-12.54.34:252][  0]NetworkingProfiler: OnSessionChanged
[2022.01.10-12.54.34:253][  0]MemoryProfiler: Initialize
[2022.01.10-12.54.34:253][  0]MemoryProfiler: OnSessionChanged
[2022.01.10-12.54.34:423][  0]LogCook: Display: CookSettings for Memory: MemoryMaxUsedVirtual 0MiB, MemoryMaxUsedPhysical 16384MiB, MemoryMinFreeVirtual 0MiB, MemoryMinFreePhysical 1024MiB
[2022.01.10-12.54.34:424][  0]LogCook: Display: Mobile HDR setting 1
[2022.01.10-12.54.34:675][  0]LogFileCache: Scanning file cache for directory 'E:/GameMechanics/Unreal/UnrealProject/Content/' took 0.01s
[2022.01.10-12.54.34:847][  0]LogInit: Display: Engine is initialized. Leaving FEngineLoop::Init()
[2022.01.10-12.54.34:849][  0]SourceControl: Source control is disabled
[2022.01.10-12.54.34:850][  0]LogUnrealEdMisc: Loading editor; pre map load, took 10.689
[2022.01.10-12.54.34:850][  0]Cmd: MAP LOAD FILE="E:/GameMechanics/Unreal/UnrealProject/Content/Levels/FirstLevel.umap" TEMPLATE=0 SHOWPROGRESS=1 FEATURELEVEL=3
[2022.01.10-12.54.34:850][  0]LightingResults: New page: Lighting Build
[2022.01.10-12.54.34:851][  0]LogWorld: UWorld::CleanupWorld for Untitled, bSessionEnded=true, bCleanupResources=true
[2022.01.10-12.54.34:851][  0]LogSlate: InvalidateAllWidgets triggered.  All widgets were invalidated
[2022.01.10-12.54.34:852][  0]MapCheck: New page: Map Check
[2022.01.10-12.54.34:852][  0]LightingResults: New page: Lighting Build
[2022.01.10-12.54.34:856][  0]LogAudio: Display: Audio Device unregistered from world 'None'.
[2022.01.10-12.54.34:860][  0]LogUObjectHash: Compacting FUObjectHashTables data took   0.70ms
[2022.01.10-12.54.34:960][  0]LogLinker: Warning: [AssetLog] E:\GameMechanics\Unreal\UnrealProject\Content\TwinStickShooterContent\ShooterMannequin\UE4_Mannequin\Mesh\SK_Mannequin.uasset: Failed to load '/Game/ShooterMannequin/UE4_Mannequin/Materials/M_UE4Man_Body': Can't find file.
[2022.01.10-12.54.34:960][  0]LoadErrors: Failed to load /Game/TwinStickShooterContent/ShooterMannequin/UE4_Mannequin/Mesh/SK_Mannequin.SK_Mannequin Referenced by CharacterMesh0
[2022.01.10-12.54.34:960][  0]LogLinker: Warning: [AssetLog] E:\GameMechanics\Unreal\UnrealProject\Content\TwinStickShooterContent\ShooterMannequin\UE4_Mannequin\Mesh\SK_Mannequin.uasset: Failed to load '/Game/ShooterMannequin/UE4_Mannequin/Materials/M_UE4Man_Body': Can't find file.
[2022.01.10-12.54.34:960][  0]LoadErrors: Failed to load /Game/TwinStickShooterContent/ShooterMannequin/UE4_Mannequin/Mesh/SK_Mannequin.SK_Mannequin Referenced by CharacterMesh0
[2022.01.10-12.54.34:961][  0]LogLinker: Warning: [AssetLog] E:\GameMechanics\Unreal\UnrealProject\Content\TwinStickShooterContent\ShooterMannequin\UE4_Mannequin\Mesh\SK_Mannequin.uasset: Failed to load '/Game/ShooterMannequin/UE4_Mannequin/Materials/M_UE4Man_ChestLogo': Can't find file.
[2022.01.10-12.54.34:961][  0]LoadErrors: Failed to load /Game/TwinStickShooterContent/ShooterMannequin/UE4_Mannequin/Mesh/SK_Mannequin.SK_Mannequin Referenced by CharacterMesh0
[2022.01.10-12.54.34:961][  0]LogLinker: Warning: [AssetLog] E:\GameMechanics\Unreal\UnrealProject\Content\TwinStickShooterContent\ShooterMannequin\UE4_Mannequin\Mesh\SK_Mannequin.uasset: Failed to load '/Game/ShooterMannequin/UE4_Mannequin/Materials/M_UE4Man_ChestLogo': Can't find file.
[2022.01.10-12.54.34:961][  0]LoadErrors: Failed to load /Game/TwinStickShooterContent/ShooterMannequin/UE4_Mannequin/Mesh/SK_Mannequin.SK_Mannequin Referenced by CharacterMesh0
[2022.01.10-12.54.34:961][  0]LogLinker: Warning: [AssetLog] E:\GameMechanics\Unreal\UnrealProject\Content\TwinStickShooterContent\ShooterMannequin\UE4_Mannequin\Mesh\SK_Mannequin.uasset: Failed to load '/Game/ShooterMannequin/UE4_Mannequin/Materials/M_UE4Man_Body': Can't find file.
[2022.01.10-12.54.34:961][  0]LoadErrors: Failed to load /Game/TwinStickShooterContent/ShooterMannequin/UE4_Mannequin/Mesh/SK_Mannequin.SK_Mannequin Referenced by CharacterMesh0
[2022.01.10-12.54.34:961][  0]LogLinker: Warning: [AssetLog] E:\GameMechanics\Unreal\UnrealProject\Content\TwinStickShooterContent\ShooterMannequin\UE4_Mannequin\Mesh\SK_Mannequin.uasset: Failed to load '/Game/ShooterMannequin/UE4_Mannequin/Materials/M_UE4Man_ChestLogo': Can't find file.
[2022.01.10-12.54.34:962][  0]LoadErrors: Failed to load /Game/TwinStickShooterContent/ShooterMannequin/UE4_Mannequin/Mesh/SK_Mannequin.SK_Mannequin Referenced by CharacterMesh0
[2022.01.10-12.54.34:962][  0]LogLinker: Warning: [AssetLog] E:\GameMechanics\Unreal\UnrealProject\Content\TwinStickShooterContent\ShooterMannequin\UE4_Mannequin\Mesh\SK_Mannequin.uasset: Failed to load '/Game/ShooterMannequin/UE4_Mannequin/Mesh/SK_Mannequin_PhysicsAsset': Can't find file.
[2022.01.10-12.54.34:962][  0]LoadErrors: Failed to load /Game/TwinStickShooterContent/ShooterMannequin/UE4_Mannequin/Mesh/SK_Mannequin.SK_Mannequin Referenced by CharacterMesh0
[2022.01.10-12.54.34:962][  0]LogLinker: Warning: [AssetLog] E:\GameMechanics\Unreal\UnrealProject\Content\TwinStickShooterContent\ShooterMannequin\UE4_Mannequin\Mesh\SK_Mannequin.uasset: Failed to load '/Game/ShooterMannequin/UE4_Mannequin/Mesh/SK_Mannequin_PhysicsAsset': Can't find file.
[2022.01.10-12.54.34:962][  0]LoadErrors: Failed to load /Game/TwinStickShooterContent/ShooterMannequin/UE4_Mannequin/Mesh/SK_Mannequin.SK_Mannequin Referenced by CharacterMesh0
[2022.01.10-12.54.34:962][  0]LogLinker: Warning: [AssetLog] E:\GameMechanics\Unreal\UnrealProject\Content\TwinStickShooterContent\ShooterMannequin\UE4_Mannequin\Mesh\SK_Mannequin.uasset: Failed to load '/Game/ShooterMannequin/UE4_Mannequin/Mesh/UE4_Mannequin_Skeleton': Can't find file.
[2022.01.10-12.54.34:962][  0]LoadErrors: Failed to load /Game/TwinStickShooterContent/ShooterMannequin/UE4_Mannequin/Mesh/SK_Mannequin.SK_Mannequin Referenced by CharacterMesh0
[2022.01.10-12.54.34:963][  0]LogLinker: Warning: [AssetLog] E:\GameMechanics\Unreal\UnrealProject\Content\TwinStickShooterContent\ShooterMannequin\UE4_Mannequin\Mesh\SK_Mannequin.uasset: Failed to load '/Game/ShooterMannequin/UE4_Mannequin/Mesh/UE4_Mannequin_Skeleton': Can't find file.
[2022.01.10-12.54.34:963][  0]LoadErrors: Failed to load /Game/TwinStickShooterContent/ShooterMannequin/UE4_Mannequin/Mesh/SK_Mannequin.SK_Mannequin Referenced by CharacterMesh0
[2022.01.10-12.54.34:963][  0]LogLinker: Warning: [AssetLog] E:\GameMechanics\Unreal\UnrealProject\Content\TwinStickShooterContent\ShooterMannequin\UE4_Mannequin\Mesh\SK_Mannequin.uasset: Failed to load '/Game/ShooterMannequin/UE4_Mannequin/Mesh/SK_Mannequin_PhysicsAsset': Can't find file.
[2022.01.10-12.54.34:963][  0]LoadErrors: Failed to load /Game/TwinStickShooterContent/ShooterMannequin/UE4_Mannequin/Mesh/SK_Mannequin.SK_Mannequin Referenced by CharacterMesh0
[2022.01.10-12.54.34:963][  0]LogLinker: Warning: [AssetLog] E:\GameMechanics\Unreal\UnrealProject\Content\TwinStickShooterContent\ShooterMannequin\UE4_Mannequin\Mesh\SK_Mannequin.uasset: Failed to load '/Game/ShooterMannequin/UE4_Mannequin/Mesh/UE4_Mannequin_Skeleton': Can't find file.
[2022.01.10-12.54.34:963][  0]LoadErrors: Failed to load /Game/TwinStickShooterContent/ShooterMannequin/UE4_Mannequin/Mesh/SK_Mannequin.SK_Mannequin Referenced by CharacterMesh0
[2022.01.10-12.54.35:015][  0]LogLinker: Warning: [AssetLog] E:\GameMechanics\Unreal\UnrealProject\Content\TwinStickShooterContent\ShooterMannequin\UE4_Mannequin\Mesh\SK_Mannequin.uasset: Failed to load '/Game/ShooterMannequin/UE4_Mannequin/Mesh/UE4_Mannequin_Skeleton': Can't find file.
[2022.01.10-12.54.35:015][  0]LoadErrors: Failed to load /Game/ShooterMannequin/UE4_Mannequin/Mesh/UE4_Mannequin_Skeleton.UE4_Mannequin_Skeleton Referenced by SK_Mannequin
[2022.01.10-12.54.35:015][  0]LogLinker: Warning: [AssetLog] E:\GameMechanics\Unreal\UnrealProject\Content\TwinStickShooterContent\ShooterMannequin\UE4_Mannequin\Mesh\SK_Mannequin.uasset: Failed to load '/Game/ShooterMannequin/UE4_Mannequin/Mesh/SK_Mannequin_PhysicsAsset': Can't find file.
[2022.01.10-12.54.35:015][  0]LoadErrors: Failed to load /Game/ShooterMannequin/UE4_Mannequin/Mesh/SK_Mannequin_PhysicsAsset.SK_Mannequin_PhysicsAsset Referenced by SK_Mannequin
[2022.01.10-12.54.35:016][  0]LogLinker: Warning: [AssetLog] E:\GameMechanics\Unreal\UnrealProject\Content\TwinStickShooterContent\ShooterMannequin\UE4_Mannequin\Mesh\SK_Mannequin.uasset: Failed to load '/Game/ShooterMannequin/UE4_Mannequin/Materials/M_UE4Man_Body': Can't find file.
[2022.01.10-12.54.35:016][  0]LoadErrors: Failed to load /Game/ShooterMannequin/UE4_Mannequin/Materials/M_UE4Man_Body.M_UE4Man_Body Referenced by SK_Mannequin
[2022.01.10-12.54.35:016][  0]LogLinker: Warning: [AssetLog] E:\GameMechanics\Unreal\UnrealProject\Content\TwinStickShooterContent\ShooterMannequin\UE4_Mannequin\Mesh\SK_Mannequin.uasset: Failed to load '/Game/ShooterMannequin/UE4_Mannequin/Materials/M_UE4Man_ChestLogo': Can't find file.
[2022.01.10-12.54.35:016][  0]LoadErrors: Failed to load /Game/ShooterMannequin/UE4_Mannequin/Materials/M_UE4Man_ChestLogo.M_UE4Man_ChestLogo Referenced by SK_Mannequin
[2022.01.10-12.54.35:083][  0]LogAudio: Display: Audio Device (ID: 1) registered with world 'FirstLevel'.
[2022.01.10-12.54.35:084][  0]LogAIModule: Creating AISystem for world FirstLevel
[2022.01.10-12.54.35:095][  0]LogEditorServer: Finished looking for orphan Actors (0.000 secs)
[2022.01.10-12.54.35:109][  0]LogUObjectHash: Compacting FUObjectHashTables data took   0.82ms
[2022.01.10-12.54.35:110][  0]Cmd: MAP CHECKDEP NOCLEARLOG
[2022.01.10-12.54.35:110][  0]MapCheck: Map check complete: 0 Error(s), 0 Warning(s), took 0,091ms to complete.
[2022.01.10-12.54.35:110][  0]LogFileHelpers: Loading map 'FirstLevel' took 0.260
[2022.01.10-12.54.35:112][  0]LogUnrealEdMisc: Total Editor Startup Time, took 10.951
[2022.01.10-12.54.35:262][  0]LogSlate: Updating window title bar state: overlay mode, drag disabled, window buttons hidden, title bar hidden
[2022.01.10-12.54.35:268][  0]LogSlate: Updating window title bar state: overlay mode, drag disabled, window buttons hidden, title bar hidden
[2022.01.10-12.54.35:276][  0]LogSlate: Updating window title bar state: overlay mode, drag disabled, window buttons hidden, title bar hidden
[2022.01.10-12.54.35:282][  0]LogSlate: Updating window title bar state: overlay mode, drag disabled, window buttons hidden, title bar hidden
[2022.01.10-12.54.35:296][  0]LogNativeClassHierarchy: Verbose: Native class hierarchy populated in 0.0106 seconds. Added 3828 classes and 930 folders.
[2022.01.10-12.54.35:298][  0]LogNativeClassHierarchy: Verbose: Native class hierarchy updated for 'WidgetCarousel' in 0.0002 seconds. Added 0 classes and 0 folders.
[2022.01.10-12.54.35:299][  0]LogPakFile: PakFile PrimaryIndexSize=187
[2022.01.10-12.54.35:299][  0]LogPakFile: PakFile PathHashIndexSize=101
[2022.01.10-12.54.35:299][  0]LogPakFile: PakFile FullDirectoryIndexSize=148
[2022.01.10-12.54.35:300][  0]LogShaderLibrary: Display: ShaderCodeLibraryPakFileMountedCallback: PakFile 'C:/Program Files/Epic Games/UE_4.27/FeaturePacks/FP_FirstPerson.upack' (chunk index -1, root 'root:/') mounted
[2022.01.10-12.54.35:300][  0]LogShaderLibrary: Display: ShaderCodeLibraryPakFileMountedCallback: pending pak file info (ChunkID:-1 Root:root:/ File:C:/Program Files/Epic Games/UE_4.27/FeaturePacks/FP_FirstPerson.upack)
[2022.01.10-12.54.35:300][  0]LogPakFile: OnPakFileMounted2Time == 0.000131
[2022.01.10-12.54.35:300][  0]LogPakFile: PakFile PrimaryIndexSize=189
[2022.01.10-12.54.35:300][  0]LogPakFile: PakFile PathHashIndexSize=101
[2022.01.10-12.54.35:301][  0]LogPakFile: PakFile FullDirectoryIndexSize=152
[2022.01.10-12.54.35:301][  0]LogShaderLibrary: Display: ShaderCodeLibraryPakFileMountedCallback: PakFile 'C:/Program Files/Epic Games/UE_4.27/FeaturePacks/FP_FirstPersonBP.upack' (chunk index -1, root 'root:/') mounted
[2022.01.10-12.54.35:301][  0]LogShaderLibrary: Display: ShaderCodeLibraryPakFileMountedCallback: pending pak file info (ChunkID:-1 Root:root:/ File:C:/Program Files/Epic Games/UE_4.27/FeaturePacks/FP_FirstPersonBP.upack)
[2022.01.10-12.54.35:301][  0]LogPakFile: OnPakFileMounted2Time == 0.000117
[2022.01.10-12.54.35:301][  0]LogPakFile: PakFile PrimaryIndexSize=191
[2022.01.10-12.54.35:301][  0]LogPakFile: PakFile PathHashIndexSize=101
[2022.01.10-12.54.35:301][  0]LogPakFile: PakFile FullDirectoryIndexSize=160
[2022.01.10-12.54.35:302][  0]LogShaderLibrary: Display: ShaderCodeLibraryPakFileMountedCallback: PakFile 'C:/Program Files/Epic Games/UE_4.27/FeaturePacks/MobileStarterContent.upack' (chunk index -1, root 'root:/') mounted
[2022.01.10-12.54.35:302][  0]LogShaderLibrary: Display: ShaderCodeLibraryPakFileMountedCallback: pending pak file info (ChunkID:-1 Root:root:/ File:C:/Program Files/Epic Games/UE_4.27/FeaturePacks/MobileStarterContent.upack)
[2022.01.10-12.54.35:302][  0]LogPakFile: OnPakFileMounted2Time == 0.000115
[2022.01.10-12.54.35:302][  0]LogPakFile: PakFile PrimaryIndexSize=185
[2022.01.10-12.54.35:302][  0]LogPakFile: PakFile PathHashIndexSize=101
[2022.01.10-12.54.35:302][  0]LogPakFile: PakFile FullDirectoryIndexSize=148
[2022.01.10-12.54.35:302][  0]LogShaderLibrary: Display: ShaderCodeLibraryPakFileMountedCallback: PakFile 'C:/Program Files/Epic Games/UE_4.27/FeaturePacks/StarterContent.upack' (chunk index -1, root 'root:/') mounted
[2022.01.10-12.54.35:302][  0]LogShaderLibrary: Display: ShaderCodeLibraryPakFileMountedCallback: pending pak file info (ChunkID:-1 Root:root:/ File:C:/Program Files/Epic Games/UE_4.27/FeaturePacks/StarterContent.upack)
[2022.01.10-12.54.35:303][  0]LogPakFile: OnPakFileMounted2Time == 0.000125
[2022.01.10-12.54.35:303][  0]LogPakFile: PakFile PrimaryIndexSize=190
[2022.01.10-12.54.35:303][  0]LogPakFile: PakFile PathHashIndexSize=101
[2022.01.10-12.54.35:303][  0]LogPakFile: PakFile FullDirectoryIndexSize=154
[2022.01.10-12.54.35:303][  0]LogShaderLibrary: Display: ShaderCodeLibraryPakFileMountedCallback: PakFile 'C:/Program Files/Epic Games/UE_4.27/FeaturePacks/TP_2DSideScroller.upack' (chunk index -1, root 'root:/') mounted
[2022.01.10-12.54.35:304][  0]LogShaderLibrary: Display: ShaderCodeLibraryPakFileMountedCallback: pending pak file info (ChunkID:-1 Root:root:/ File:C:/Program Files/Epic Games/UE_4.27/FeaturePacks/TP_2DSideScroller.upack)
[2022.01.10-12.54.35:304][  0]LogPakFile: OnPakFileMounted2Time == 0.000257
[2022.01.10-12.54.35:305][  0]LogPakFile: PakFile PrimaryIndexSize=192
[2022.01.10-12.54.35:305][  0]LogPakFile: PakFile PathHashIndexSize=101
[2022.01.10-12.54.35:305][  0]LogPakFile: PakFile FullDirectoryIndexSize=158
[2022.01.10-12.54.35:305][  0]LogShaderLibrary: Display: ShaderCodeLibraryPakFileMountedCallback: PakFile 'C:/Program Files/Epic Games/UE_4.27/FeaturePacks/TP_2DSideScrollerBP.upack' (chunk index -1, root 'root:/') mounted
[2022.01.10-12.54.35:305][  0]LogShaderLibrary: Display: ShaderCodeLibraryPakFileMountedCallback: pending pak file info (ChunkID:-1 Root:root:/ File:C:/Program Files/Epic Games/UE_4.27/FeaturePacks/TP_2DSideScrollerBP.upack)
[2022.01.10-12.54.35:305][  0]LogPakFile: OnPakFileMounted2Time == 0.000158
[2022.01.10-12.54.35:306][  0]LogPakFile: PakFile PrimaryIndexSize=182
[2022.01.10-12.54.35:306][  0]LogPakFile: PakFile PathHashIndexSize=101
[2022.01.10-12.54.35:306][  0]LogPakFile: PakFile FullDirectoryIndexSize=138
[2022.01.10-12.54.35:307][  0]LogShaderLibrary: Display: ShaderCodeLibraryPakFileMountedCallback: PakFile 'C:/Program Files/Epic Games/UE_4.27/FeaturePacks/TP_Flying.upack' (chunk index -1, root 'root:/') mounted
[2022.01.10-12.54.35:307][  0]LogShaderLibrary: Display: ShaderCodeLibraryPakFileMountedCallback: pending pak file info (ChunkID:-1 Root:root:/ File:C:/Program Files/Epic Games/UE_4.27/FeaturePacks/TP_Flying.upack)
[2022.01.10-12.54.35:307][  0]LogPakFile: OnPakFileMounted2Time == 0.000159
[2022.01.10-12.54.35:308][  0]LogPakFile: PakFile PrimaryIndexSize=184
[2022.01.10-12.54.35:308][  0]LogPakFile: PakFile PathHashIndexSize=101
[2022.01.10-12.54.35:308][  0]LogPakFile: PakFile FullDirectoryIndexSize=142
[2022.01.10-12.54.35:308][  0]LogShaderLibrary: Display: ShaderCodeLibraryPakFileMountedCallback: PakFile 'C:/Program Files/Epic Games/UE_4.27/FeaturePacks/TP_FlyingBP.upack' (chunk index -1, root 'root:/') mounted
[2022.01.10-12.54.35:308][  0]LogShaderLibrary: Display: ShaderCodeLibraryPakFileMountedCallback: pending pak file info (ChunkID:-1 Root:root:/ File:C:/Program Files/Epic Games/UE_4.27/FeaturePacks/TP_FlyingBP.upack)
[2022.01.10-12.54.35:308][  0]LogPakFile: OnPakFileMounted2Time == 0.000146
[2022.01.10-12.54.35:309][  0]LogPakFile: PakFile PrimaryIndexSize=188
[2022.01.10-12.54.35:309][  0]LogPakFile: PakFile PathHashIndexSize=101
[2022.01.10-12.54.35:309][  0]LogPakFile: PakFile FullDirectoryIndexSize=150
[2022.01.10-12.54.35:309][  0]LogShaderLibrary: Display: ShaderCodeLibraryPakFileMountedCallback: PakFile 'C:/Program Files/Epic Games/UE_4.27/FeaturePacks/TP_HandheldARBP.upack' (chunk index -1, root 'root:/') mounted
[2022.01.10-12.54.35:309][  0]LogShaderLibrary: Display: ShaderCodeLibraryPakFileMountedCallback: pending pak file info (ChunkID:-1 Root:root:/ File:C:/Program Files/Epic Games/UE_4.27/FeaturePacks/TP_HandheldARBP.upack)
[2022.01.10-12.54.35:309][  0]LogPakFile: OnPakFileMounted2Time == 0.000135
[2022.01.10-12.54.35:310][  0]LogPakFile: PakFile PrimaryIndexSize=182
[2022.01.10-12.54.35:310][  0]LogPakFile: PakFile PathHashIndexSize=101
[2022.01.10-12.54.35:310][  0]LogPakFile: PakFile FullDirectoryIndexSize=138
[2022.01.10-12.54.35:310][  0]LogShaderLibrary: Display: ShaderCodeLibraryPakFileMountedCallback: PakFile 'C:/Program Files/Epic Games/UE_4.27/FeaturePacks/TP_Puzzle.upack' (chunk index -1, root 'root:/') mounted
[2022.01.10-12.54.35:310][  0]LogShaderLibrary: Display: ShaderCodeLibraryPakFileMountedCallback: pending pak file info (ChunkID:-1 Root:root:/ File:C:/Program Files/Epic Games/UE_4.27/FeaturePacks/TP_Puzzle.upack)
[2022.01.10-12.54.35:311][  0]LogPakFile: OnPakFileMounted2Time == 0.000129
[2022.01.10-12.54.35:311][  0]LogPakFile: PakFile PrimaryIndexSize=184
[2022.01.10-12.54.35:311][  0]LogPakFile: PakFile PathHashIndexSize=101
[2022.01.10-12.54.35:311][  0]LogPakFile: PakFile FullDirectoryIndexSize=142
[2022.01.10-12.54.35:311][  0]LogShaderLibrary: Display: ShaderCodeLibraryPakFileMountedCallback: PakFile 'C:/Program Files/Epic Games/UE_4.27/FeaturePacks/TP_PuzzleBP.upack' (chunk index -1, root 'root:/') mounted
[2022.01.10-12.54.35:311][  0]LogShaderLibrary: Display: ShaderCodeLibraryPakFileMountedCallback: pending pak file info (ChunkID:-1 Root:root:/ File:C:/Program Files/Epic Games/UE_4.27/FeaturePacks/TP_PuzzleBP.upack)
[2022.01.10-12.54.35:312][  0]LogPakFile: OnPakFileMounted2Time == 0.000113
[2022.01.10-12.54.35:312][  0]LogPakFile: PakFile PrimaryIndexSize=183
[2022.01.10-12.54.35:312][  0]LogPakFile: PakFile PathHashIndexSize=101
[2022.01.10-12.54.35:312][  0]LogPakFile: PakFile FullDirectoryIndexSize=140
[2022.01.10-12.54.35:312][  0]LogShaderLibrary: Display: ShaderCodeLibraryPakFileMountedCallback: PakFile 'C:/Program Files/Epic Games/UE_4.27/FeaturePacks/TP_Rolling.upack' (chunk index -1, root 'root:/') mounted
[2022.01.10-12.54.35:312][  0]LogShaderLibrary: Display: ShaderCodeLibraryPakFileMountedCallback: pending pak file info (ChunkID:-1 Root:root:/ File:C:/Program Files/Epic Games/UE_4.27/FeaturePacks/TP_Rolling.upack)
[2022.01.10-12.54.35:312][  0]LogPakFile: OnPakFileMounted2Time == 0.000115
[2022.01.10-12.54.35:313][  0]LogPakFile: PakFile PrimaryIndexSize=185
[2022.01.10-12.54.35:313][  0]LogPakFile: PakFile PathHashIndexSize=101
[2022.01.10-12.54.35:313][  0]LogPakFile: PakFile FullDirectoryIndexSize=144
[2022.01.10-12.54.35:313][  0]LogShaderLibrary: Display: ShaderCodeLibraryPakFileMountedCallback: PakFile 'C:/Program Files/Epic Games/UE_4.27/FeaturePacks/TP_RollingBP.upack' (chunk index -1, root 'root:/') mounted
[2022.01.10-12.54.35:313][  0]LogShaderLibrary: Display: ShaderCodeLibraryPakFileMountedCallback: pending pak file info (ChunkID:-1 Root:root:/ File:C:/Program Files/Epic Games/UE_4.27/FeaturePacks/TP_RollingBP.upack)
[2022.01.10-12.54.35:313][  0]LogPakFile: OnPakFileMounted2Time == 0.000109
[2022.01.10-12.54.35:314][  0]LogPakFile: PakFile PrimaryIndexSize=188
[2022.01.10-12.54.35:314][  0]LogPakFile: PakFile PathHashIndexSize=101
[2022.01.10-12.54.35:314][  0]LogPakFile: PakFile FullDirectoryIndexSize=150
[2022.01.10-12.54.35:314][  0]LogShaderLibrary: Display: ShaderCodeLibraryPakFileMountedCallback: PakFile 'C:/Program Files/Epic Games/UE_4.27/FeaturePacks/TP_SideScroller.upack' (chunk index -1, root 'root:/') mounted
[2022.01.10-12.54.35:314][  0]LogShaderLibrary: Display: ShaderCodeLibraryPakFileMountedCallback: pending pak file info (ChunkID:-1 Root:root:/ File:C:/Program Files/Epic Games/UE_4.27/FeaturePacks/TP_SideScroller.upack)
[2022.01.10-12.54.35:314][  0]LogPakFile: OnPakFileMounted2Time == 0.000113
[2022.01.10-12.54.35:315][  0]LogPakFile: PakFile PrimaryIndexSize=190
[2022.01.10-12.54.35:315][  0]LogPakFile: PakFile PathHashIndexSize=101
[2022.01.10-12.54.35:315][  0]LogPakFile: PakFile FullDirectoryIndexSize=154
[2022.01.10-12.54.35:315][  0]LogShaderLibrary: Display: ShaderCodeLibraryPakFileMountedCallback: PakFile 'C:/Program Files/Epic Games/UE_4.27/FeaturePacks/TP_SideScrollerBP.upack' (chunk index -1, root 'root:/') mounted
[2022.01.10-12.54.35:315][  0]LogShaderLibrary: Display: ShaderCodeLibraryPakFileMountedCallback: pending pak file info (ChunkID:-1 Root:root:/ File:C:/Program Files/Epic Games/UE_4.27/FeaturePacks/TP_SideScrollerBP.upack)
[2022.01.10-12.54.35:315][  0]LogPakFile: OnPakFileMounted2Time == 0.000141
[2022.01.10-12.54.35:316][  0]LogPakFile: PakFile PrimaryIndexSize=187
[2022.01.10-12.54.35:316][  0]LogPakFile: PakFile PathHashIndexSize=101
[2022.01.10-12.54.35:316][  0]LogPakFile: PakFile FullDirectoryIndexSize=148
[2022.01.10-12.54.35:316][  0]LogShaderLibrary: Display: ShaderCodeLibraryPakFileMountedCallback: PakFile 'C:/Program Files/Epic Games/UE_4.27/FeaturePacks/TP_ThirdPerson.upack' (chunk index -1, root 'root:/') mounted
[2022.01.10-12.54.35:316][  0]LogShaderLibrary: Display: ShaderCodeLibraryPakFileMountedCallback: pending pak file info (ChunkID:-1 Root:root:/ File:C:/Program Files/Epic Games/UE_4.27/FeaturePacks/TP_ThirdPerson.upack)
[2022.01.10-12.54.35:316][  0]LogPakFile: OnPakFileMounted2Time == 0.000119
[2022.01.10-12.54.35:317][  0]LogPakFile: PakFile PrimaryIndexSize=189
[2022.01.10-12.54.35:317][  0]LogPakFile: PakFile PathHashIndexSize=101
[2022.01.10-12.54.35:317][  0]LogPakFile: PakFile FullDirectoryIndexSize=152
[2022.01.10-12.54.35:317][  0]LogShaderLibrary: Display: ShaderCodeLibraryPakFileMountedCallback: PakFile 'C:/Program Files/Epic Games/UE_4.27/FeaturePacks/TP_ThirdPersonBP.upack' (chunk index -1, root 'root:/') mounted
[2022.01.10-12.54.35:317][  0]LogShaderLibrary: Display: ShaderCodeLibraryPakFileMountedCallback: pending pak file info (ChunkID:-1 Root:root:/ File:C:/Program Files/Epic Games/UE_4.27/FeaturePacks/TP_ThirdPersonBP.upack)
[2022.01.10-12.54.35:317][  0]LogPakFile: OnPakFileMounted2Time == 0.000112
[2022.01.10-12.54.35:318][  0]LogPakFile: PakFile PrimaryIndexSize=183
[2022.01.10-12.54.35:318][  0]LogPakFile: PakFile PathHashIndexSize=101
[2022.01.10-12.54.35:318][  0]LogPakFile: PakFile FullDirectoryIndexSize=140
[2022.01.10-12.54.35:318][  0]LogShaderLibrary: Display: ShaderCodeLibraryPakFileMountedCallback: PakFile 'C:/Program Files/Epic Games/UE_4.27/FeaturePacks/TP_TopDown.upack' (chunk index -1, root 'root:/') mounted
[2022.01.10-12.54.35:318][  0]LogShaderLibrary: Display: ShaderCodeLibraryPakFileMountedCallback: pending pak file info (ChunkID:-1 Root:root:/ File:C:/Program Files/Epic Games/UE_4.27/FeaturePacks/TP_TopDown.upack)
[2022.01.10-12.54.35:318][  0]LogPakFile: OnPakFileMounted2Time == 0.000122
[2022.01.10-12.54.35:319][  0]LogPakFile: PakFile PrimaryIndexSize=185
[2022.01.10-12.54.35:319][  0]LogPakFile: PakFile PathHashIndexSize=101
[2022.01.10-12.54.35:319][  0]LogPakFile: PakFile FullDirectoryIndexSize=144
[2022.01.10-12.54.35:319][  0]LogShaderLibrary: Display: ShaderCodeLibraryPakFileMountedCallback: PakFile 'C:/Program Files/Epic Games/UE_4.27/FeaturePacks/TP_TopDownBP.upack' (chunk index -1, root 'root:/') mounted
[2022.01.10-12.54.35:319][  0]LogShaderLibrary: Display: ShaderCodeLibraryPakFileMountedCallback: pending pak file info (ChunkID:-1 Root:root:/ File:C:/Program Files/Epic Games/UE_4.27/FeaturePacks/TP_TopDownBP.upack)
[2022.01.10-12.54.35:319][  0]LogPakFile: OnPakFileMounted2Time == 0.000113
[2022.01.10-12.54.35:320][  0]LogPakFile: PakFile PrimaryIndexSize=185
[2022.01.10-12.54.35:320][  0]LogPakFile: PakFile PathHashIndexSize=101
[2022.01.10-12.54.35:320][  0]LogPakFile: PakFile FullDirectoryIndexSize=144
[2022.01.10-12.54.35:320][  0]LogShaderLibrary: Display: ShaderCodeLibraryPakFileMountedCallback: PakFile 'C:/Program Files/Epic Games/UE_4.27/FeaturePacks/TP_TwinStick.upack' (chunk index -1, root 'root:/') mounted
[2022.01.10-12.54.35:321][  0]LogShaderLibrary: Display: ShaderCodeLibraryPakFileMountedCallback: pending pak file info (ChunkID:-1 Root:root:/ File:C:/Program Files/Epic Games/UE_4.27/FeaturePacks/TP_TwinStick.upack)
[2022.01.10-12.54.35:322][  0]LogPakFile: OnPakFileMounted2Time == 0.001529
[2022.01.10-12.54.35:323][  0]LogPakFile: PakFile PrimaryIndexSize=187
[2022.01.10-12.54.35:323][  0]LogPakFile: PakFile PathHashIndexSize=101
[2022.01.10-12.54.35:323][  0]LogPakFile: PakFile FullDirectoryIndexSize=148
[2022.01.10-12.54.35:323][  0]LogShaderLibrary: Display: ShaderCodeLibraryPakFileMountedCallback: PakFile 'C:/Program Files/Epic Games/UE_4.27/FeaturePacks/TP_TwinStickBP.upack' (chunk index -1, root 'root:/') mounted
[2022.01.10-12.54.35:323][  0]LogShaderLibrary: Display: ShaderCodeLibraryPakFileMountedCallback: pending pak file info (ChunkID:-1 Root:root:/ File:C:/Program Files/Epic Games/UE_4.27/FeaturePacks/TP_TwinStickBP.upack)
[2022.01.10-12.54.35:324][  0]LogPakFile: OnPakFileMounted2Time == 0.000163
[2022.01.10-12.54.35:324][  0]LogPakFile: PakFile PrimaryIndexSize=183
[2022.01.10-12.54.35:325][  0]LogPakFile: PakFile PathHashIndexSize=101
[2022.01.10-12.54.35:325][  0]LogPakFile: PakFile FullDirectoryIndexSize=140
[2022.01.10-12.54.35:325][  0]LogShaderLibrary: Display: ShaderCodeLibraryPakFileMountedCallback: PakFile 'C:/Program Files/Epic Games/UE_4.27/FeaturePacks/TP_Vehicle.upack' (chunk index -1, root 'root:/') mounted
[2022.01.10-12.54.35:325][  0]LogShaderLibrary: Display: ShaderCodeLibraryPakFileMountedCallback: pending pak file info (ChunkID:-1 Root:root:/ File:C:/Program Files/Epic Games/UE_4.27/FeaturePacks/TP_Vehicle.upack)
[2022.01.10-12.54.35:325][  0]LogPakFile: OnPakFileMounted2Time == 0.000158
[2022.01.10-12.54.35:326][  0]LogPakFile: PakFile PrimaryIndexSize=186
[2022.01.10-12.54.35:326][  0]LogPakFile: PakFile PathHashIndexSize=101
[2022.01.10-12.54.35:326][  0]LogPakFile: PakFile FullDirectoryIndexSize=146
[2022.01.10-12.54.35:326][  0]LogShaderLibrary: Display: ShaderCodeLibraryPakFileMountedCallback: PakFile 'C:/Program Files/Epic Games/UE_4.27/FeaturePacks/TP_VehicleAdv.upack' (chunk index -1, root 'root:/') mounted
[2022.01.10-12.54.35:326][  0]LogShaderLibrary: Display: ShaderCodeLibraryPakFileMountedCallback: pending pak file info (ChunkID:-1 Root:root:/ File:C:/Program Files/Epic Games/UE_4.27/FeaturePacks/TP_VehicleAdv.upack)
[2022.01.10-12.54.35:326][  0]LogPakFile: OnPakFileMounted2Time == 0.000130
[2022.01.10-12.54.35:327][  0]LogPakFile: PakFile PrimaryIndexSize=188
[2022.01.10-12.54.35:327][  0]LogPakFile: PakFile PathHashIndexSize=101
[2022.01.10-12.54.35:327][  0]LogPakFile: PakFile FullDirectoryIndexSize=150
[2022.01.10-12.54.35:327][  0]LogShaderLibrary: Display: ShaderCodeLibraryPakFileMountedCallback: PakFile 'C:/Program Files/Epic Games/UE_4.27/FeaturePacks/TP_VehicleAdvBP.upack' (chunk index -1, root 'root:/') mounted
[2022.01.10-12.54.35:327][  0]LogShaderLibrary: Display: ShaderCodeLibraryPakFileMountedCallback: pending pak file info (ChunkID:-1 Root:root:/ File:C:/Program Files/Epic Games/UE_4.27/FeaturePacks/TP_VehicleAdvBP.upack)
[2022.01.10-12.54.35:327][  0]LogPakFile: OnPakFileMounted2Time == 0.000141
[2022.01.10-12.54.35:328][  0]LogPakFile: PakFile PrimaryIndexSize=185
[2022.01.10-12.54.35:328][  0]LogPakFile: PakFile PathHashIndexSize=101
[2022.01.10-12.54.35:328][  0]LogPakFile: PakFile FullDirectoryIndexSize=144
[2022.01.10-12.54.35:328][  0]LogShaderLibrary: Display: ShaderCodeLibraryPakFileMountedCallback: PakFile 'C:/Program Files/Epic Games/UE_4.27/FeaturePacks/TP_VehicleBP.upack' (chunk index -1, root 'root:/') mounted
[2022.01.10-12.54.35:328][  0]LogShaderLibrary: Display: ShaderCodeLibraryPakFileMountedCallback: pending pak file info (ChunkID:-1 Root:root:/ File:C:/Program Files/Epic Games/UE_4.27/FeaturePacks/TP_VehicleBP.upack)
[2022.01.10-12.54.35:328][  0]LogPakFile: OnPakFileMounted2Time == 0.000146
[2022.01.10-12.54.35:329][  0]LogPakFile: PakFile PrimaryIndexSize=192
[2022.01.10-12.54.35:329][  0]LogPakFile: PakFile PathHashIndexSize=101
[2022.01.10-12.54.35:329][  0]LogPakFile: PakFile FullDirectoryIndexSize=158
[2022.01.10-12.54.35:330][  0]LogShaderLibrary: Display: ShaderCodeLibraryPakFileMountedCallback: PakFile 'C:/Program Files/Epic Games/UE_4.27/FeaturePacks/TP_VirtualRealityBP.upack' (chunk index -1, root 'root:/') mounted
[2022.01.10-12.54.35:330][  0]LogShaderLibrary: Display: ShaderCodeLibraryPakFileMountedCallback: pending pak file info (ChunkID:-1 Root:root:/ File:C:/Program Files/Epic Games/UE_4.27/FeaturePacks/TP_VirtualRealityBP.upack)
[2022.01.10-12.54.35:330][  0]LogPakFile: OnPakFileMounted2Time == 0.000169
[2022.01.10-12.54.35:374][  0]LogNativeClassHierarchy: Verbose: Native class hierarchy updated for 'AddContentDialog' in 0.0003 seconds. Added 0 classes and 0 folders.
[2022.01.10-12.54.35:376][  0]LogNativeClassHierarchy: Verbose: Native class hierarchy updated for 'SceneOutliner' in 0.0003 seconds. Added 2 classes and 0 folders.
[2022.01.10-12.54.35:421][  0]LogSlate: Took 0.000242 seconds to synchronously load lazily loaded font '../../../Engine/Content/Slate/Fonts/Roboto-Regular.ttf' (155K)
[2022.01.10-12.54.35:422][  0]LogSlate: Took 0.000183 seconds to synchronously load lazily loaded font '../../../Engine/Content/Editor/Slate/Fonts/FontAwesome.ttf' (139K)
[2022.01.10-12.54.35:424][  0]LogSlate: Took 0.000218 seconds to synchronously load lazily loaded font '../../../Engine/Content/Slate/Fonts/Roboto-Bold.ttf' (160K)
[2022.01.10-12.54.35:530][  0]LogRenderer: Reallocating scene render targets to support 1616x684 Format 10 NumSamples 1 (Frame:1).
[2022.01.10-12.54.35:578][  0]LogSlate: Took 0.000150 seconds to synchronously load lazily loaded font '../../../Engine/Content/Slate/Fonts/Roboto-Light.ttf' (167K)
[2022.01.10-12.54.35:632][  0]LogNativeClassHierarchy: Verbose: Native class hierarchy updated for 'HierarchicalLODOutliner' in 0.0002 seconds. Added 0 classes and 0 folders.
[2022.01.10-12.54.35:632][  0]LogLoad: (Engine Initialization) Total time: 11.47 seconds
[2022.01.10-12.54.35:632][  0]LogLoad: (Engine Initialization) Total Blueprint compile time: 0.00 seconds
[2022.01.10-12.54.35:677][  0]LogAssetRegistry: Asset discovery search completed in 5.3534 seconds
[2022.01.10-12.54.35:683][  0]LogCollectionManager: Fixed up redirectors for 0 collections in 0.000004 seconds (updated 0 objects)
[2022.01.10-12.54.35:686][  0]LogContentStreaming: Texture pool size now 1000 MB
[2022.01.10-12.54.35:761][  0]LogSlate: Took 0.000136 seconds to synchronously load lazily loaded font '../../../Engine/Content/Slate/Fonts/DroidSansMono.ttf' (77K)
[2022.01.10-12.54.35:827][  3]LogActor: Warning: BP_WireReceiver_C /Engine/Transient.World_0:PersistentLevel.BP_WireReceiver_C_0 has natively added scene component(s), but none of them were set as the actor's RootComponent - picking one arbitrarily
[2022.01.10-12.54.35:849][  4]LogActor: Warning: BP_WireDrag_C /Engine/Transient.World_1:PersistentLevel.BP_WireDrag_C_0 has natively added scene component(s), but none of them were set as the actor's RootComponent - picking one arbitrarily
[2022.01.10-12.54.35:883][  5]LogActor: Warning: BP_Switch_C /Engine/Transient.World_2:PersistentLevel.BP_Switch_C_0 has natively added scene component(s), but none of them were set as the actor's RootComponent - picking one arbitrarily
[2022.01.10-12.54.35:913][  6]LogActor: Warning: BP_Pickup_C /Engine/Transient.World_3:PersistentLevel.BP_Pickup_C_0 has natively added scene component(s), but none of them were set as the actor's RootComponent - picking one arbitrarily
[2022.01.10-12.54.35:954][  8]LogActor: Warning: BP_Lockpick_C /Engine/Transient.World_5:PersistentLevel.BP_Lockpick_C_0 has natively added scene component(s), but none of them were set as the actor's RootComponent - picking one arbitrarily
[2022.01.10-12.54.37:673][207]LogSlate: Window 'Message Log' being destroyed
[2022.01.10-12.54.37:679][207]LogSlate: Window 'Message Log' being destroyed
[2022.01.10-12.54.38:711][331]LogEditorViewport: Clicking on Actor (LMB): BP_Lockpick_C (BP_Lockpick)
[2022.01.10-12.54.39:181][379]LogSlate: Took 0.000152 seconds to synchronously load lazily loaded font '../../../Engine/Content/Slate/Fonts/Roboto-Italic.ttf' (157K)
