Log file open, 01/06/22 12:49:48
LogWindows: Failed to load 'aqProf.dll' (GetLastError=126)
LogWindows: File 'aqProf.dll' does not exist
LogWindows: Failed to load 'VtuneApi.dll' (GetLastError=126)
LogWindows: File 'VtuneApi.dll' does not exist
LogWindows: Failed to load 'VtuneApi32e.dll' (GetLastError=126)
LogWindows: File 'VtuneApi32e.dll' does not exist
LogConsoleResponse: Display: Failed to find resolution value strings in scalability ini. Falling back to default.
LogConsoleResponse: Display: Failed to find resolution value strings in scalability ini. Falling back to default.
LogInit: Display: Running engine for game: UnrealProject
LogPlatformFile: Not using cached read wrapper
LogTaskGraph: Started task graph with 5 named threads and 23 total threads with 3 sets of task threads.
LogStats: Stats thread started at 1.973788
LogICUInternationalization: ICU TimeZone Detection - Raw Offset: +1:00, Platform Override: ''
LogInit: Display: Loading text-based GConfig....
LogPluginManager: Mounting plugin MeshPainting
LogPluginManager: Mounting plugin XGEController
LogPluginManager: Mounting plugin Paper2D
LogPluginManager: Mounting plugin LiveLink
LogPluginManager: Mounting plugin AISupport
LogPluginManager: Mounting plugin EnvironmentQueryEditor
LogPluginManager: Mounting plugin LightPropagationVolume
LogPluginManager: Mounting plugin CameraShakePreviewer
LogPluginManager: Mounting plugin GameplayCameras
LogPluginManager: Mounting plugin OodleData
LogPluginManager: Mounting plugin OodleNetwork
LogPluginManager: Mounting plugin AnimationSharing
LogPluginManager: Mounting plugin CLionSourceCodeAccess
LogPluginManager: Mounting plugin CodeLiteSourceCodeAccess
LogPluginManager: Mounting plugin GitSourceControl
LogPluginManager: Mounting plugin KDevelopSourceCodeAccess
LogPluginManager: Mounting plugin NullSourceCodeAccess
LogPluginManager: Mounting plugin PerforceSourceControl
LogPluginManager: Mounting plugin PlasticSourceControl
LogPluginManager: Mounting plugin PixWinPlugin
LogPluginManager: Mounting plugin PropertyAccessNode
LogPluginManager: Mounting plugin PluginUtils
LogPluginManager: Mounting plugin RiderSourceCodeAccess
LogPluginManager: Mounting plugin SubversionSourceControl
LogPluginManager: Mounting plugin TextureFormatOodle
LogPluginManager: Mounting plugin UObjectPlugin
LogPluginManager: Mounting plugin VisualStudioCodeSourceCodeAccess
LogPluginManager: Mounting plugin VisualStudioSourceCodeAccess
LogPluginManager: Mounting plugin XCodeSourceCodeAccess
LogPluginManager: Mounting plugin AssetManagerEditor
LogPluginManager: Mounting plugin CryptoKeys
LogPluginManager: Mounting plugin CurveEditorTools
LogPluginManager: Mounting plugin DataValidation
LogPluginManager: Mounting plugin FacialAnimation
LogPluginManager: Mounting plugin GeometryMode
LogPluginManager: Mounting plugin GameplayTagsEditor
LogPluginManager: Mounting plugin MacGraphicsSwitching
LogPluginManager: Mounting plugin MaterialAnalyzer
LogPluginManager: Mounting plugin MobileLauncherProfileWizard
LogPluginManager: Mounting plugin PluginBrowser
LogPluginManager: Mounting plugin SpeedTreeImporter
LogPluginManager: Mounting plugin DatasmithContent
LogPluginManager: Mounting plugin VariantManagerContent
LogPluginManager: Mounting plugin Niagara
LogPluginManager: Mounting plugin AlembicImporter
LogPluginManager: Mounting plugin AutomationUtils
LogPluginManager: Mounting plugin BackChannel
LogPluginManager: Mounting plugin ChaosCloth
LogPluginManager: Mounting plugin ChaosEditor
LogPluginManager: Mounting plugin ChaosClothEditor
LogPluginManager: Mounting plugin ChaosNiagara
LogPluginManager: Mounting plugin ChaosSolverPlugin
LogPluginManager: Mounting plugin CharacterAI
LogPluginManager: Mounting plugin GeometryCache
LogPluginManager: Mounting plugin GeometryCollectionPlugin
LogPluginManager: Mounting plugin LuminPlatformFeatures
LogPluginManager: Mounting plugin MagicLeap
LogPluginManager: Mounting plugin MagicLeapLightEstimation
LogPluginManager: Mounting plugin MagicLeapMedia
LogPluginManager: Mounting plugin MagicLeapPassableWorld
LogPluginManager: Mounting plugin MLSDK
LogPluginManager: Mounting plugin MotoSynth
LogPluginManager: Mounting plugin OpenImageDenoise
LogPluginManager: Mounting plugin PlanarCut
LogPluginManager: Mounting plugin PlatformCrypto
LogPluginManager: Mounting plugin ProxyLODPlugin
LogPluginManager: Mounting plugin PythonScriptPlugin
LogPluginManager: Mounting plugin SkeletalReduction
LogPluginManager: Mounting plugin AndroidMedia
LogPluginManager: Mounting plugin AvfMedia
LogPluginManager: Mounting plugin ImgMedia
LogPluginManager: Mounting plugin MediaCompositing
LogPluginManager: Mounting plugin MediaPlayerEditor
LogPluginManager: Mounting plugin WebMMedia
LogPluginManager: Mounting plugin WmfMedia
LogPluginManager: Mounting plugin TcpMessaging
LogPluginManager: Mounting plugin ActorSequence
LogPluginManager: Mounting plugin UdpMessaging
LogPluginManager: Mounting plugin LevelSequenceEditor
LogPluginManager: Mounting plugin MatineeToLevelSequence
LogPluginManager: Mounting plugin TemplateSequence
LogPluginManager: Mounting plugin OnlineSubsystem
LogPluginManager: Mounting plugin OnlineSubsystemNull
LogPluginManager: Mounting plugin OnlineSubsystemUtils
LogPluginManager: Mounting plugin LauncherChunkInstaller
LogPluginManager: Mounting plugin ActorLayerUtilities
LogPluginManager: Mounting plugin AndroidMoviePlayer
LogPluginManager: Mounting plugin AndroidDeviceProfileSelector
LogPluginManager: Mounting plugin AndroidPermission
LogPluginManager: Mounting plugin GeometryProcessing
LogPluginManager: Mounting plugin AppleImageUtils
LogPluginManager: Mounting plugin ArchVisCharacter
LogPluginManager: Mounting plugin AssetTags
LogPluginManager: Mounting plugin AppleMoviePlayer
LogPluginManager: Mounting plugin AudioCapture
LogPluginManager: Mounting plugin AudioSynesthesia
LogPluginManager: Mounting plugin ChunkDownloader
LogPluginManager: Mounting plugin CableComponent
LogPluginManager: Mounting plugin CustomMeshComponent
LogPluginManager: Mounting plugin EditableMesh
LogPluginManager: Mounting plugin ExampleDeviceProfileSelector
LogPluginManager: Mounting plugin GoogleCloudMessaging
LogPluginManager: Mounting plugin GooglePAD
LogPluginManager: Mounting plugin LinuxDeviceProfileSelector
LogPluginManager: Mounting plugin IOSDeviceProfileSelector
LogPluginManager: Mounting plugin LocationServicesBPLibrary
LogPluginManager: Mounting plugin MobilePatchingUtils
LogPluginManager: Mounting plugin OpenXR
LogPluginManager: Mounting plugin OpenXREyeTracker
LogPluginManager: Mounting plugin OpenXRHandTracking
LogPluginManager: Mounting plugin PhysXVehicles
LogPluginManager: Mounting plugin ScreenshotTools
LogPluginManager: Mounting plugin PostSplashScreen
LogPluginManager: Mounting plugin ProceduralMeshComponent
LogPluginManager: Mounting plugin PropertyAccessEditor
LogPluginManager: Mounting plugin RuntimePhysXCooking
LogPluginManager: Mounting plugin SignificanceManager
LogPluginManager: Mounting plugin SoundFields
LogPluginManager: Mounting plugin Synthesis
LogPluginManager: Mounting plugin WebMMoviePlayer
LogPluginManager: Mounting plugin WindowsMoviePlayer
LogPluginManager: Mounting plugin Takes
LogPluginManager: Mounting plugin ContentBrowserAssetDataSource
LogPluginManager: Mounting plugin ContentBrowserClassDataSource
LogPluginManager: Mounting plugin ContentBrowserFileDataSource
LogPluginManager: Mounting plugin OnlineSubsystemGooglePlay
LogPluginManager: Mounting plugin OnlineSubsystemIOS
LogPluginManager: Mounting plugin OculusVR
LogPluginManager: Mounting plugin SteamVR
PixWinPlugin: PIX capture plugin failed to initialize! Check that the process is launched from PIX.
LogInit: Using libcurl 7.55.1-DEV
LogInit:  - built for x86_64-pc-win32
LogInit:  - supports SSL with OpenSSL/1.1.1
LogInit:  - supports HTTP deflate (compression) using libz 1.2.8
LogInit:  - other features:
LogInit:      CURL_VERSION_SSL
LogInit:      CURL_VERSION_LIBZ
LogInit:      CURL_VERSION_IPV6
LogInit:      CURL_VERSION_ASYNCHDNS
LogInit:      CURL_VERSION_LARGEFILE
LogInit:      CURL_VERSION_IDN
LogInit:  CurlRequestOptions (configurable via config and command line):
LogInit:  - bVerifyPeer = true  - Libcurl will verify peer certificate
LogInit:  - bUseHttpProxy = false  - Libcurl will NOT use HTTP proxy
LogInit:  - bDontReuseConnections = false  - Libcurl will reuse connections
LogInit:  - MaxHostConnections = 16  - Libcurl will limit the number of connections to a host
LogInit:  - LocalHostAddr = Default
LogInit:  - BufferSize = 65536
LogOnline: OSS: Creating online subsystem instance for: NULL
LogInit: WinSock: version 1.1 (2.2), MaxSocks=32767, MaxUdp=65467
LogOnline: OSS: TryLoadSubsystemAndSetDefault: Loaded subsystem for module [NULL]
LogOculusPluginWrapper: OculusPlugin initialized successfully
LogHMD: Failed initializing OVRPlugin 1.59.0
LogInit: Build: ++UE4+Release-4.27-CL-18319896
LogInit: Engine Version: 4.27.2-18319896+++UE4+Release-4.27
LogInit: Compatible Engine Version: 4.27.0-17155196+++UE4+Release-4.27
LogInit: Net CL: 17155196
LogInit: OS: Windows 10 (Release 2009) (), CPU: Intel(R) Core(TM) i7-7700K CPU @ 4.20GHz, GPU: NVIDIA GeForce GTX 1070 Ti
LogInit: Compiled (64-bit): Nov 30 2021 07:12:08
LogInit: Compiled with Visual C++: 19.24.28315.00
LogInit: Build Configuration: Development
LogInit: Branch Name: ++UE4+Release-4.27
LogInit: Command Line:  -skipcompile
LogInit: Base Directory: C:/Program Files/Epic Games/UE_4.27/Engine/Binaries/Win64/
LogInit: Allocator: TBB
LogInit: Installed Engine Build: 1
LogDevObjectVersion: Number of dev versions registered: 29
LogDevObjectVersion:   Dev-Blueprints (B0D832E4-1F89-4F0D-ACCF-7EB736FD4AA2): 10
LogDevObjectVersion:   Dev-Build (E1C64328-A22C-4D53-A36C-8E866417BD8C): 0
LogDevObjectVersion:   Dev-Core (375EC13C-06E4-48FB-B500-84F0262A717E): 4
LogDevObjectVersion:   Dev-Editor (E4B068ED-F494-42E9-A231-DA0B2E46BB41): 40
LogDevObjectVersion:   Dev-Framework (CFFC743F-43B0-4480-9391-14DF171D2073): 37
LogDevObjectVersion:   Dev-Mobile (B02B49B5-BB20-44E9-A304-32B752E40360): 3
LogDevObjectVersion:   Dev-Networking (A4E4105C-59A1-49B5-A7C5-40C4547EDFEE): 0
LogDevObjectVersion:   Dev-Online (39C831C9-5AE6-47DC-9A44-9C173E1C8E7C): 0
LogDevObjectVersion:   Dev-Physics (78F01B33-EBEA-4F98-B9B4-84EACCB95AA2): 14
LogDevObjectVersion:   Dev-Platform (6631380F-2D4D-43E0-8009-CF276956A95A): 0
LogDevObjectVersion:   Dev-Rendering (12F88B9F-8875-4AFC-A67C-D90C383ABD29): 45
LogDevObjectVersion:   Dev-Sequencer (7B5AE74C-D270-4C10-A958-57980B212A5A): 13
LogDevObjectVersion:   Dev-VR (D7296918-1DD6-4BDD-9DE2-64A83CC13884): 3
LogDevObjectVersion:   Dev-LoadTimes (C2A15278-BFE7-4AFE-6C17-90FF531DF755): 1
LogDevObjectVersion:   Private-Geometry (6EACA3D4-40EC-4CC1-B786-8BED09428FC5): 3
LogDevObjectVersion:   Dev-AnimPhys (29E575DD-E0A3-4627-9D10-D276232CDCEA): 17
LogDevObjectVersion:   Dev-Anim (AF43A65D-7FD3-4947-9873-3E8ED9C1BB05): 15
LogDevObjectVersion:   Dev-ReflectionCapture (6B266CEC-1EC7-4B8F-A30B-E4D90942FC07): 1
LogDevObjectVersion:   Dev-Automation (0DF73D61-A23F-47EA-B727-89E90C41499A): 1
LogDevObjectVersion:   FortniteMain (601D1886-AC64-4F84-AA16-D3DE0DEAC7D6): 47
LogDevObjectVersion:   FortniteRelease (E7086368-6B23-4C58-8439-1B7016265E91): 1
LogDevObjectVersion:   Dev-Enterprise (9DFFBCD6-494F-0158-E221-12823C92A888): 10
LogDevObjectVersion:   Dev-Niagara (F2AED0AC-9AFE-416F-8664-AA7FFA26D6FC): 1
LogDevObjectVersion:   Dev-Destruction (174F1F0B-B4C6-45A5-B13F-2EE8D0FB917D): 10
LogDevObjectVersion:   Dev-Physics-Ext (35F94A83-E258-406C-A318-09F59610247C): 41
LogDevObjectVersion:   Dev-PhysicsMaterial-Chaos (B68FC16E-8B1B-42E2-B453-215C058844FE): 1
LogDevObjectVersion:   Dev-CineCamera (B2E18506-4273-CFC2-A54E-F4BB758BBA07): 1
LogDevObjectVersion:   Dev-VirtualProduction (64F58936-FD1B-42BA-BA96-7289D5D0FA4E): 1
LogDevObjectVersion:   Dev-MediaFramework (6F0ED827-A609-4895-9C91-998D90180EA4): 2
LogInit: Presizing for max 25165824 objects, including 0 objects not considered by GC, pre-allocating 0 bytes for permanent pool.
LogConfig: Applying CVar settings from Section [/Script/Engine.StreamingSettings] File [E:/GameMechanics/Unreal/UnrealProject/Saved/Config/Windows/Engine.ini]
LogConfig: Setting CVar [[s.MinBulkDataSizeForAsyncLoading:131072]]
LogConfig: Setting CVar [[s.AsyncLoadingThreadEnabled:0]]
LogConfig: Setting CVar [[s.EventDrivenLoaderEnabled:1]]
LogConfig: Setting CVar [[s.WarnIfTimeLimitExceeded:0]]
LogConfig: Setting CVar [[s.TimeLimitExceededMultiplier:1.5]]
LogConfig: Setting CVar [[s.TimeLimitExceededMinTime:0.005]]
LogConfig: Setting CVar [[s.UseBackgroundLevelStreaming:1]]
LogConfig: Setting CVar [[s.PriorityAsyncLoadingExtraTime:15.0]]
LogConfig: Setting CVar [[s.LevelStreamingActorsUpdateTimeLimit:5.0]]
LogConfig: Setting CVar [[s.PriorityLevelStreamingActorsUpdateExtraTime:5.0]]
LogConfig: Setting CVar [[s.LevelStreamingComponentsRegistrationGranularity:10]]
LogConfig: Setting CVar [[s.UnregisterComponentsTimeLimit:1.0]]
LogConfig: Setting CVar [[s.LevelStreamingComponentsUnregistrationGranularity:5]]
LogConfig: Setting CVar [[s.FlushStreamingOnExit:1]]
LogInit: Object subsystem initialized
LogConfig: Setting CVar [[con.DebugEarlyDefault:1]]
LogConfig: Setting CVar [[r.setres:1280x720]]
[2022.01.06-11.49.54:491][  0]LogConfig: Setting CVar [[r.VSync:0]]
[2022.01.06-11.49.54:492][  0]LogConfig: Setting CVar [[r.RHICmdBypass:0]]
[2022.01.06-11.49.54:492][  0]LogConfig: Applying CVar settings from Section [/Script/Engine.RendererSettings] File [E:/GameMechanics/Unreal/UnrealProject/Saved/Config/Windows/Engine.ini]
[2022.01.06-11.49.54:492][  0]LogConfig: Setting CVar [[r.GPUCrashDebugging:0]]
[2022.01.06-11.49.54:492][  0]LogConfig: Applying CVar settings from Section [/Script/Engine.RendererOverrideSettings] File [E:/GameMechanics/Unreal/UnrealProject/Saved/Config/Windows/Engine.ini]
[2022.01.06-11.49.54:492][  0]LogConfig: Applying CVar settings from Section [/Script/Engine.StreamingSettings] File [E:/GameMechanics/Unreal/UnrealProject/Saved/Config/Windows/Engine.ini]
[2022.01.06-11.49.54:492][  0]LogConfig: Setting CVar [[s.MinBulkDataSizeForAsyncLoading:131072]]
[2022.01.06-11.49.54:492][  0]LogConfig: Setting CVar [[s.AsyncLoadingThreadEnabled:0]]
[2022.01.06-11.49.54:492][  0]LogConfig: Setting CVar [[s.EventDrivenLoaderEnabled:1]]
[2022.01.06-11.49.54:492][  0]LogConfig: Setting CVar [[s.WarnIfTimeLimitExceeded:0]]
[2022.01.06-11.49.54:492][  0]LogConfig: Setting CVar [[s.TimeLimitExceededMultiplier:1.5]]
[2022.01.06-11.49.54:493][  0]LogConfig: Setting CVar [[s.TimeLimitExceededMinTime:0.005]]
[2022.01.06-11.49.54:493][  0]LogConfig: Setting CVar [[s.UseBackgroundLevelStreaming:1]]
[2022.01.06-11.49.54:493][  0]LogConfig: Setting CVar [[s.PriorityAsyncLoadingExtraTime:15.0]]
[2022.01.06-11.49.54:493][  0]LogConfig: Setting CVar [[s.LevelStreamingActorsUpdateTimeLimit:5.0]]
[2022.01.06-11.49.54:493][  0]LogConfig: Setting CVar [[s.PriorityLevelStreamingActorsUpdateExtraTime:5.0]]
[2022.01.06-11.49.54:493][  0]LogConfig: Setting CVar [[s.LevelStreamingComponentsRegistrationGranularity:10]]
[2022.01.06-11.49.54:493][  0]LogConfig: Setting CVar [[s.UnregisterComponentsTimeLimit:1.0]]
[2022.01.06-11.49.54:493][  0]LogConfig: Setting CVar [[s.LevelStreamingComponentsUnregistrationGranularity:5]]
[2022.01.06-11.49.54:493][  0]LogConfig: Setting CVar [[s.FlushStreamingOnExit:1]]
[2022.01.06-11.49.54:493][  0]LogConfig: Applying CVar settings from Section [/Script/Engine.GarbageCollectionSettings] File [E:/GameMechanics/Unreal/UnrealProject/Saved/Config/Windows/Engine.ini]
[2022.01.06-11.49.54:493][  0]LogConfig: Setting CVar [[gc.MaxObjectsNotConsideredByGC:1]]
[2022.01.06-11.49.54:493][  0]LogConfig: Setting CVar [[gc.SizeOfPermanentObjectPool:0]]
[2022.01.06-11.49.54:493][  0]LogConfig: Setting CVar [[gc.FlushStreamingOnGC:0]]
[2022.01.06-11.49.54:493][  0]LogConfig: Setting CVar [[gc.NumRetriesBeforeForcingGC:10]]
[2022.01.06-11.49.54:493][  0]LogConfig: Setting CVar [[gc.AllowParallelGC:1]]
[2022.01.06-11.49.54:493][  0]LogConfig: Setting CVar [[gc.TimeBetweenPurgingPendingKillObjects:61.1]]
[2022.01.06-11.49.54:493][  0]LogConfig: Setting CVar [[gc.MaxObjectsInEditor:25165824]]
[2022.01.06-11.49.54:493][  0]LogConfig: Setting CVar [[gc.IncrementalBeginDestroyEnabled:1]]
[2022.01.06-11.49.54:493][  0]LogConfig: Setting CVar [[gc.CreateGCClusters:1]]
[2022.01.06-11.49.54:493][  0]LogConfig: Setting CVar [[gc.MinGCClusterSize:5]]
[2022.01.06-11.49.54:493][  0]LogConfig: Setting CVar [[gc.ActorClusteringEnabled:0]]
[2022.01.06-11.49.54:494][  0]LogConfig: Setting CVar [[gc.BlueprintClusteringEnabled:0]]
[2022.01.06-11.49.54:494][  0]LogConfig: Setting CVar [[gc.UseDisregardForGCOnDedicatedServers:0]]
[2022.01.06-11.49.54:494][  0]LogConfig: Setting CVar [[gc.MultithreadedDestructionEnabled:1]]
[2022.01.06-11.49.54:494][  0]LogConfig: Applying CVar settings from Section [/Script/Engine.NetworkSettings] File [E:/GameMechanics/Unreal/UnrealProject/Saved/Config/Windows/Engine.ini]
[2022.01.06-11.49.54:494][  0]LogConfig: Applying CVar settings from Section [/Script/UnrealEd.CookerSettings] File [E:/GameMechanics/Unreal/UnrealProject/Saved/Config/Windows/Engine.ini]
[2022.01.06-11.49.54:529][  0]LogConfig: Applying CVar settings from Section [ViewDistanceQuality@3] File [E:/GameMechanics/Unreal/UnrealProject/Saved/Config/Windows/Scalability.ini]
[2022.01.06-11.49.54:529][  0]LogConfig: Setting CVar [[r.SkeletalMeshLODBias:0]]
[2022.01.06-11.49.54:529][  0]LogConfig: Setting CVar [[r.ViewDistanceScale:1.0]]
[2022.01.06-11.49.54:529][  0]LogConfig: Applying CVar settings from Section [AntiAliasingQuality@3] File [E:/GameMechanics/Unreal/UnrealProject/Saved/Config/Windows/Scalability.ini]
[2022.01.06-11.49.54:529][  0]LogConfig: Setting CVar [[r.PostProcessAAQuality:4]]
[2022.01.06-11.49.54:530][  0]LogConfig: Applying CVar settings from Section [ShadowQuality@3] File [E:/GameMechanics/Unreal/UnrealProject/Saved/Config/Windows/Scalability.ini]
[2022.01.06-11.49.54:530][  0]LogConfig: Setting CVar [[r.LightFunctionQuality:1]]
[2022.01.06-11.49.54:530][  0]LogConfig: Setting CVar [[r.ShadowQuality:5]]
[2022.01.06-11.49.54:530][  0]LogConfig: Setting CVar [[r.Shadow.CSM.MaxCascades:10]]
[2022.01.06-11.49.54:530][  0]LogConfig: Setting CVar [[r.Shadow.MaxResolution:2048]]
[2022.01.06-11.49.54:531][  0]LogConfig: Setting CVar [[r.Shadow.MaxCSMResolution:2048]]
[2022.01.06-11.49.54:531][  0]LogConfig: Setting CVar [[r.Shadow.RadiusThreshold:0.01]]
[2022.01.06-11.49.54:531][  0]LogConfig: Setting CVar [[r.Shadow.DistanceScale:1.0]]
[2022.01.06-11.49.54:531][  0]LogConfig: Setting CVar [[r.Shadow.CSM.TransitionScale:1.0]]
[2022.01.06-11.49.54:531][  0]LogConfig: Setting CVar [[r.Shadow.PreShadowResolutionFactor:1.0]]
[2022.01.06-11.49.54:531][  0]LogConfig: Setting CVar [[r.DistanceFieldShadowing:1]]
[2022.01.06-11.49.54:531][  0]LogConfig: Setting CVar [[r.DistanceFieldAO:1]]
[2022.01.06-11.49.54:532][  0]LogConfig: Setting CVar [[r.AOQuality:2]]
[2022.01.06-11.49.54:532][  0]LogConfig: Setting CVar [[r.VolumetricFog:1]]
[2022.01.06-11.49.54:532][  0]LogConfig: Setting CVar [[r.VolumetricFog.GridPixelSize:8]]
[2022.01.06-11.49.54:532][  0]LogConfig: Setting CVar [[r.VolumetricFog.GridSizeZ:128]]
[2022.01.06-11.49.54:532][  0]LogConfig: Setting CVar [[r.VolumetricFog.HistoryMissSupersampleCount:4]]
[2022.01.06-11.49.54:532][  0]LogConfig: Setting CVar [[r.LightMaxDrawDistanceScale:1]]
[2022.01.06-11.49.54:532][  0]LogConfig: Setting CVar [[r.CapsuleShadows:1]]
[2022.01.06-11.49.54:533][  0]LogConfig: Applying CVar settings from Section [PostProcessQuality@3] File [E:/GameMechanics/Unreal/UnrealProject/Saved/Config/Windows/Scalability.ini]
[2022.01.06-11.49.54:533][  0]LogConfig: Setting CVar [[r.MotionBlurQuality:4]]
[2022.01.06-11.49.54:533][  0]LogConfig: Setting CVar [[r.AmbientOcclusionMipLevelFactor:0.4]]
[2022.01.06-11.49.54:533][  0]LogConfig: Setting CVar [[r.AmbientOcclusionMaxQuality:100]]
[2022.01.06-11.49.54:533][  0]LogConfig: Setting CVar [[r.AmbientOcclusionLevels:-1]]
[2022.01.06-11.49.54:533][  0]LogConfig: Setting CVar [[r.AmbientOcclusionRadiusScale:1.0]]
[2022.01.06-11.49.54:533][  0]LogConfig: Setting CVar [[r.DepthOfFieldQuality:2]]
[2022.01.06-11.49.54:533][  0]LogConfig: Setting CVar [[r.RenderTargetPoolMin:400]]
[2022.01.06-11.49.54:533][  0]LogConfig: Setting CVar [[r.LensFlareQuality:2]]
[2022.01.06-11.49.54:533][  0]LogConfig: Setting CVar [[r.SceneColorFringeQuality:1]]
[2022.01.06-11.49.54:533][  0]LogConfig: Setting CVar [[r.EyeAdaptationQuality:2]]
[2022.01.06-11.49.54:533][  0]LogConfig: Setting CVar [[r.BloomQuality:5]]
[2022.01.06-11.49.54:533][  0]LogConfig: Setting CVar [[r.FastBlurThreshold:100]]
[2022.01.06-11.49.54:533][  0]LogConfig: Setting CVar [[r.Upscale.Quality:3]]
[2022.01.06-11.49.54:533][  0]LogConfig: Setting CVar [[r.Tonemapper.GrainQuantization:1]]
[2022.01.06-11.49.54:534][  0]LogConfig: Setting CVar [[r.LightShaftQuality:1]]
[2022.01.06-11.49.54:534][  0]LogConfig: Setting CVar [[r.Filter.SizeScale:1]]
[2022.01.06-11.49.54:534][  0]LogConfig: Setting CVar [[r.Tonemapper.Quality:5]]
[2022.01.06-11.49.54:534][  0]LogConfig: Setting CVar [[r.DOF.Gather.AccumulatorQuality:1        ; higher gathering accumulator quality]]
[2022.01.06-11.49.54:534][  0]LogConfig: Setting CVar [[r.DOF.Gather.PostfilterMethod:1          ; Median3x3 postfilering method]]
[2022.01.06-11.49.54:534][  0]LogConfig: Setting CVar [[r.DOF.Gather.EnableBokehSettings:0       ; no bokeh simulation when gathering]]
[2022.01.06-11.49.54:534][  0]LogConfig: Setting CVar [[r.DOF.Gather.RingCount:4                 ; medium number of samples when gathering]]
[2022.01.06-11.49.54:534][  0]LogConfig: Setting CVar [[r.DOF.Scatter.ForegroundCompositing:1    ; additive foreground scattering]]
[2022.01.06-11.49.54:534][  0]LogConfig: Setting CVar [[r.DOF.Scatter.BackgroundCompositing:2    ; additive background scattering]]
[2022.01.06-11.49.54:534][  0]LogConfig: Setting CVar [[r.DOF.Scatter.EnableBokehSettings:1      ; bokeh simulation when scattering]]
[2022.01.06-11.49.54:535][  0]LogConfig: Setting CVar [[r.DOF.Scatter.MaxSpriteRatio:0.1         ; only a maximum of 10% of scattered bokeh]]
[2022.01.06-11.49.54:535][  0]LogConfig: Setting CVar [[r.DOF.Recombine.Quality:1                ; cheap slight out of focus]]
[2022.01.06-11.49.54:535][  0]LogConfig: Setting CVar [[r.DOF.Recombine.EnableBokehSettings:0    ; no bokeh simulation on slight out of focus]]
[2022.01.06-11.49.54:535][  0]LogConfig: Setting CVar [[r.DOF.TemporalAAQuality:1                ; more stable temporal accumulation]]
[2022.01.06-11.49.54:535][  0]LogConfig: Setting CVar [[r.DOF.Kernel.MaxForegroundRadius:0.025]]
[2022.01.06-11.49.54:535][  0]LogConfig: Setting CVar [[r.DOF.Kernel.MaxBackgroundRadius:0.025]]
[2022.01.06-11.49.54:535][  0]LogConfig: Applying CVar settings from Section [TextureQuality@3] File [E:/GameMechanics/Unreal/UnrealProject/Saved/Config/Windows/Scalability.ini]
[2022.01.06-11.49.54:535][  0]LogConfig: Setting CVar [[r.Streaming.MipBias:0]]
[2022.01.06-11.49.54:535][  0]LogConfig: Setting CVar [[r.Streaming.AmortizeCPUToGPUCopy:0]]
[2022.01.06-11.49.54:535][  0]LogConfig: Setting CVar [[r.Streaming.MaxNumTexturesToStreamPerFrame:0]]
[2022.01.06-11.49.54:535][  0]LogConfig: Setting CVar [[r.Streaming.Boost:1]]
[2022.01.06-11.49.54:535][  0]LogConfig: Setting CVar [[r.MaxAnisotropy:8]]
[2022.01.06-11.49.54:536][  0]LogConfig: Setting CVar [[r.VT.MaxAnisotropy:8]]
[2022.01.06-11.49.54:536][  0]LogConfig: Setting CVar [[r.Streaming.LimitPoolSizeToVRAM:0]]
[2022.01.06-11.49.54:536][  0]LogConfig: Setting CVar [[r.Streaming.PoolSize:1000]]
[2022.01.06-11.49.54:536][  0]LogConfig: Setting CVar [[r.Streaming.MaxEffectiveScreenSize:0]]
[2022.01.06-11.49.54:536][  0]LogConfig: Applying CVar settings from Section [EffectsQuality@3] File [E:/GameMechanics/Unreal/UnrealProject/Saved/Config/Windows/Scalability.ini]
[2022.01.06-11.49.54:536][  0]LogConfig: Setting CVar [[r.TranslucencyLightingVolumeDim:64]]
[2022.01.06-11.49.54:536][  0]LogConfig: Setting CVar [[r.RefractionQuality:2]]
[2022.01.06-11.49.54:536][  0]LogConfig: Setting CVar [[r.SSR.Quality:3]]
[2022.01.06-11.49.54:536][  0]LogConfig: Setting CVar [[r.SSR.HalfResSceneColor:0]]
[2022.01.06-11.49.54:536][  0]LogConfig: Setting CVar [[r.SceneColorFormat:4]]
[2022.01.06-11.49.54:536][  0]LogConfig: Setting CVar [[r.DetailMode:2]]
[2022.01.06-11.49.54:536][  0]LogConfig: Setting CVar [[r.TranslucencyVolumeBlur:1]]
[2022.01.06-11.49.54:536][  0]LogConfig: Setting CVar [[r.MaterialQualityLevel:1 ; High quality]]
[2022.01.06-11.49.54:536][  0]LogConfig: Setting CVar [[r.AnisotropicMaterials:1]]
[2022.01.06-11.49.54:536][  0]LogConfig: Setting CVar [[r.SSS.Scale:1]]
[2022.01.06-11.49.54:536][  0]LogConfig: Setting CVar [[r.SSS.SampleSet:2]]
[2022.01.06-11.49.54:536][  0]LogConfig: Setting CVar [[r.SSS.Quality:1]]
[2022.01.06-11.49.54:536][  0]LogConfig: Setting CVar [[r.SSS.HalfRes:0]]
[2022.01.06-11.49.54:537][  0]LogConfig: Setting CVar [[r.SSGI.Quality:3]]
[2022.01.06-11.49.54:537][  0]LogConfig: Setting CVar [[r.EmitterSpawnRateScale:1.0]]
[2022.01.06-11.49.54:537][  0]LogConfig: Setting CVar [[r.ParticleLightQuality:2]]
[2022.01.06-11.49.54:537][  0]LogConfig: Setting CVar [[r.SkyAtmosphere.AerialPerspectiveLUT.FastApplyOnOpaque:1 ; Always have FastSkyLUT 1 in this case to avoid wrong sky]]
[2022.01.06-11.49.54:537][  0]LogConfig: Setting CVar [[r.SkyAtmosphere.AerialPerspectiveLUT.SampleCountMaxPerSlice:4]]
[2022.01.06-11.49.54:537][  0]LogConfig: Setting CVar [[r.SkyAtmosphere.AerialPerspectiveLUT.DepthResolution:16.0]]
[2022.01.06-11.49.54:537][  0]LogConfig: Setting CVar [[r.SkyAtmosphere.FastSkyLUT:1]]
[2022.01.06-11.49.54:537][  0]LogConfig: Setting CVar [[r.SkyAtmosphere.FastSkyLUT.SampleCountMin:4.0]]
[2022.01.06-11.49.54:537][  0]LogConfig: Setting CVar [[r.SkyAtmosphere.FastSkyLUT.SampleCountMax:128.0]]
[2022.01.06-11.49.54:537][  0]LogConfig: Setting CVar [[r.SkyAtmosphere.SampleCountMin:4.0]]
[2022.01.06-11.49.54:537][  0]LogConfig: Setting CVar [[r.SkyAtmosphere.SampleCountMax:128.0]]
[2022.01.06-11.49.54:537][  0]LogConfig: Setting CVar [[r.SkyAtmosphere.TransmittanceLUT.UseSmallFormat:0]]
[2022.01.06-11.49.54:537][  0]LogConfig: Setting CVar [[r.SkyAtmosphere.TransmittanceLUT.SampleCount:10.0]]
[2022.01.06-11.49.54:537][  0]LogConfig: Setting CVar [[r.SkyAtmosphere.MultiScatteringLUT.SampleCount:15.0]]
[2022.01.06-11.49.54:537][  0]LogConfig: Setting CVar [[r.SkyLight.RealTimeReflectionCapture:1]]
[2022.01.06-11.49.54:537][  0]LogConfig: Applying CVar settings from Section [FoliageQuality@3] File [E:/GameMechanics/Unreal/UnrealProject/Saved/Config/Windows/Scalability.ini]
[2022.01.06-11.49.54:537][  0]LogConfig: Setting CVar [[foliage.DensityScale:1.0]]
[2022.01.06-11.49.54:537][  0]LogConfig: Setting CVar [[grass.DensityScale:1.0]]
[2022.01.06-11.49.54:538][  0]LogConfig: Applying CVar settings from Section [ShadingQuality@3] File [E:/GameMechanics/Unreal/UnrealProject/Saved/Config/Windows/Scalability.ini]
[2022.01.06-11.49.54:538][  0]LogConfig: Setting CVar [[r.HairStrands.SkyLighting.IntegrationType:2]]
[2022.01.06-11.49.54:538][  0]LogConfig: Setting CVar [[r.HairStrands.SkyAO.SampleCount:4]]
[2022.01.06-11.49.54:538][  0]LogConfig: Setting CVar [[r.HairStrands.Visibility.MSAA.SamplePerPixel:4]]
[2022.01.06-11.49.54:538][  0]LogInit: Selected Device Profile: [Windows]
[2022.01.06-11.49.54:538][  0]LogInit: Applying CVar settings loaded from the selected device profile: [Windows]
[2022.01.06-11.49.54:539][  0]LogHAL: Display: Platform has ~ 16 GB [17139855360 / 17179869184 / 16], which maps to Larger [LargestMinGB=32, LargerMinGB=12, DefaultMinGB=8, SmallerMinGB=6, SmallestMinGB=0)
[2022.01.06-11.49.54:539][  0]LogInit: Going up to parent DeviceProfile []
[2022.01.06-11.49.54:540][  0]LogConfig: Applying CVar settings from Section [ViewDistanceQuality@3] File [E:/GameMechanics/Unreal/UnrealProject/Saved/Config/Windows/Scalability.ini]
[2022.01.06-11.49.54:540][  0]LogConfig: Setting CVar [[r.SkeletalMeshLODBias:0]]
[2022.01.06-11.49.54:540][  0]LogConfig: Setting CVar [[r.ViewDistanceScale:1.0]]
[2022.01.06-11.49.54:540][  0]LogConfig: Applying CVar settings from Section [AntiAliasingQuality@3] File [E:/GameMechanics/Unreal/UnrealProject/Saved/Config/Windows/Scalability.ini]
[2022.01.06-11.49.54:540][  0]LogConfig: Setting CVar [[r.PostProcessAAQuality:4]]
[2022.01.06-11.49.54:540][  0]LogConfig: Applying CVar settings from Section [ShadowQuality@3] File [E:/GameMechanics/Unreal/UnrealProject/Saved/Config/Windows/Scalability.ini]
[2022.01.06-11.49.54:540][  0]LogConfig: Setting CVar [[r.LightFunctionQuality:1]]
[2022.01.06-11.49.54:540][  0]LogConfig: Setting CVar [[r.ShadowQuality:5]]
[2022.01.06-11.49.54:541][  0]LogConfig: Setting CVar [[r.Shadow.CSM.MaxCascades:10]]
[2022.01.06-11.49.54:541][  0]LogConfig: Setting CVar [[r.Shadow.MaxResolution:2048]]
[2022.01.06-11.49.54:541][  0]LogConfig: Setting CVar [[r.Shadow.MaxCSMResolution:2048]]
[2022.01.06-11.49.54:541][  0]LogConfig: Setting CVar [[r.Shadow.RadiusThreshold:0.01]]
[2022.01.06-11.49.54:541][  0]LogConfig: Setting CVar [[r.Shadow.DistanceScale:1.0]]
[2022.01.06-11.49.54:541][  0]LogConfig: Setting CVar [[r.Shadow.CSM.TransitionScale:1.0]]
[2022.01.06-11.49.54:541][  0]LogConfig: Setting CVar [[r.Shadow.PreShadowResolutionFactor:1.0]]
[2022.01.06-11.49.54:541][  0]LogConfig: Setting CVar [[r.DistanceFieldShadowing:1]]
[2022.01.06-11.49.54:541][  0]LogConfig: Setting CVar [[r.DistanceFieldAO:1]]
[2022.01.06-11.49.54:541][  0]LogConfig: Setting CVar [[r.AOQuality:2]]
[2022.01.06-11.49.54:541][  0]LogConfig: Setting CVar [[r.VolumetricFog:1]]
[2022.01.06-11.49.54:541][  0]LogConfig: Setting CVar [[r.VolumetricFog.GridPixelSize:8]]
[2022.01.06-11.49.54:541][  0]LogConfig: Setting CVar [[r.VolumetricFog.GridSizeZ:128]]
[2022.01.06-11.49.54:541][  0]LogConfig: Setting CVar [[r.VolumetricFog.HistoryMissSupersampleCount:4]]
[2022.01.06-11.49.54:541][  0]LogConfig: Setting CVar [[r.LightMaxDrawDistanceScale:1]]
[2022.01.06-11.49.54:541][  0]LogConfig: Setting CVar [[r.CapsuleShadows:1]]
[2022.01.06-11.49.54:541][  0]LogConfig: Applying CVar settings from Section [PostProcessQuality@3] File [E:/GameMechanics/Unreal/UnrealProject/Saved/Config/Windows/Scalability.ini]
[2022.01.06-11.49.54:542][  0]LogConfig: Setting CVar [[r.MotionBlurQuality:4]]
[2022.01.06-11.49.54:542][  0]LogConfig: Setting CVar [[r.AmbientOcclusionMipLevelFactor:0.4]]
[2022.01.06-11.49.54:542][  0]LogConfig: Setting CVar [[r.AmbientOcclusionMaxQuality:100]]
[2022.01.06-11.49.54:542][  0]LogConfig: Setting CVar [[r.AmbientOcclusionLevels:-1]]
[2022.01.06-11.49.54:542][  0]LogConfig: Setting CVar [[r.AmbientOcclusionRadiusScale:1.0]]
[2022.01.06-11.49.54:542][  0]LogConfig: Setting CVar [[r.DepthOfFieldQuality:2]]
[2022.01.06-11.49.54:542][  0]LogConfig: Setting CVar [[r.RenderTargetPoolMin:400]]
[2022.01.06-11.49.54:542][  0]LogConfig: Setting CVar [[r.LensFlareQuality:2]]
[2022.01.06-11.49.54:542][  0]LogConfig: Setting CVar [[r.SceneColorFringeQuality:1]]
[2022.01.06-11.49.54:542][  0]LogConfig: Setting CVar [[r.EyeAdaptationQuality:2]]
[2022.01.06-11.49.54:542][  0]LogConfig: Setting CVar [[r.BloomQuality:5]]
[2022.01.06-11.49.54:542][  0]LogConfig: Setting CVar [[r.FastBlurThreshold:100]]
[2022.01.06-11.49.54:542][  0]LogConfig: Setting CVar [[r.Upscale.Quality:3]]
[2022.01.06-11.49.54:542][  0]LogConfig: Setting CVar [[r.Tonemapper.GrainQuantization:1]]
[2022.01.06-11.49.54:542][  0]LogConfig: Setting CVar [[r.LightShaftQuality:1]]
[2022.01.06-11.49.54:542][  0]LogConfig: Setting CVar [[r.Filter.SizeScale:1]]
[2022.01.06-11.49.54:542][  0]LogConfig: Setting CVar [[r.Tonemapper.Quality:5]]
[2022.01.06-11.49.54:542][  0]LogConfig: Setting CVar [[r.DOF.Gather.AccumulatorQuality:1        ; higher gathering accumulator quality]]
[2022.01.06-11.49.54:542][  0]LogConfig: Setting CVar [[r.DOF.Gather.PostfilterMethod:1          ; Median3x3 postfilering method]]
[2022.01.06-11.49.54:542][  0]LogConfig: Setting CVar [[r.DOF.Gather.EnableBokehSettings:0       ; no bokeh simulation when gathering]]
[2022.01.06-11.49.54:543][  0]LogConfig: Setting CVar [[r.DOF.Gather.RingCount:4                 ; medium number of samples when gathering]]
[2022.01.06-11.49.54:543][  0]LogConfig: Setting CVar [[r.DOF.Scatter.ForegroundCompositing:1    ; additive foreground scattering]]
[2022.01.06-11.49.54:543][  0]LogConfig: Setting CVar [[r.DOF.Scatter.BackgroundCompositing:2    ; additive background scattering]]
[2022.01.06-11.49.54:543][  0]LogConfig: Setting CVar [[r.DOF.Scatter.EnableBokehSettings:1      ; bokeh simulation when scattering]]
[2022.01.06-11.49.54:543][  0]LogConfig: Setting CVar [[r.DOF.Scatter.MaxSpriteRatio:0.1         ; only a maximum of 10% of scattered bokeh]]
[2022.01.06-11.49.54:543][  0]LogConfig: Setting CVar [[r.DOF.Recombine.Quality:1                ; cheap slight out of focus]]
[2022.01.06-11.49.54:543][  0]LogConfig: Setting CVar [[r.DOF.Recombine.EnableBokehSettings:0    ; no bokeh simulation on slight out of focus]]
[2022.01.06-11.49.54:543][  0]LogConfig: Setting CVar [[r.DOF.TemporalAAQuality:1                ; more stable temporal accumulation]]
[2022.01.06-11.49.54:543][  0]LogConfig: Setting CVar [[r.DOF.Kernel.MaxForegroundRadius:0.025]]
[2022.01.06-11.49.54:543][  0]LogConfig: Setting CVar [[r.DOF.Kernel.MaxBackgroundRadius:0.025]]
[2022.01.06-11.49.54:543][  0]LogConfig: Applying CVar settings from Section [TextureQuality@3] File [E:/GameMechanics/Unreal/UnrealProject/Saved/Config/Windows/Scalability.ini]
[2022.01.06-11.49.54:543][  0]LogConfig: Setting CVar [[r.Streaming.MipBias:0]]
[2022.01.06-11.49.54:543][  0]LogConfig: Setting CVar [[r.Streaming.AmortizeCPUToGPUCopy:0]]
[2022.01.06-11.49.54:543][  0]LogConfig: Setting CVar [[r.Streaming.MaxNumTexturesToStreamPerFrame:0]]
[2022.01.06-11.49.54:543][  0]LogConfig: Setting CVar [[r.Streaming.Boost:1]]
[2022.01.06-11.49.54:543][  0]LogConfig: Setting CVar [[r.MaxAnisotropy:8]]
[2022.01.06-11.49.54:543][  0]LogConfig: Setting CVar [[r.VT.MaxAnisotropy:8]]
[2022.01.06-11.49.54:543][  0]LogConfig: Setting CVar [[r.Streaming.LimitPoolSizeToVRAM:0]]
[2022.01.06-11.49.54:543][  0]LogConfig: Setting CVar [[r.Streaming.PoolSize:1000]]
[2022.01.06-11.49.54:543][  0]LogConfig: Setting CVar [[r.Streaming.MaxEffectiveScreenSize:0]]
[2022.01.06-11.49.54:544][  0]LogConfig: Applying CVar settings from Section [EffectsQuality@3] File [E:/GameMechanics/Unreal/UnrealProject/Saved/Config/Windows/Scalability.ini]
[2022.01.06-11.49.54:544][  0]LogConfig: Setting CVar [[r.TranslucencyLightingVolumeDim:64]]
[2022.01.06-11.49.54:544][  0]LogConfig: Setting CVar [[r.RefractionQuality:2]]
[2022.01.06-11.49.54:544][  0]LogConfig: Setting CVar [[r.SSR.Quality:3]]
[2022.01.06-11.49.54:544][  0]LogConfig: Setting CVar [[r.SSR.HalfResSceneColor:0]]
[2022.01.06-11.49.54:544][  0]LogConfig: Setting CVar [[r.SceneColorFormat:4]]
[2022.01.06-11.49.54:544][  0]LogConfig: Setting CVar [[r.DetailMode:2]]
[2022.01.06-11.49.54:544][  0]LogConfig: Setting CVar [[r.TranslucencyVolumeBlur:1]]
[2022.01.06-11.49.54:544][  0]LogConfig: Setting CVar [[r.MaterialQualityLevel:1 ; High quality]]
[2022.01.06-11.49.54:544][  0]LogConfig: Setting CVar [[r.AnisotropicMaterials:1]]
[2022.01.06-11.49.54:544][  0]LogConfig: Setting CVar [[r.SSS.Scale:1]]
[2022.01.06-11.49.54:544][  0]LogConfig: Setting CVar [[r.SSS.SampleSet:2]]
[2022.01.06-11.49.54:544][  0]LogConfig: Setting CVar [[r.SSS.Quality:1]]
[2022.01.06-11.49.54:545][  0]LogConfig: Setting CVar [[r.SSS.HalfRes:0]]
[2022.01.06-11.49.54:545][  0]LogConfig: Setting CVar [[r.SSGI.Quality:3]]
[2022.01.06-11.49.54:545][  0]LogConfig: Setting CVar [[r.EmitterSpawnRateScale:1.0]]
[2022.01.06-11.49.54:545][  0]LogConfig: Setting CVar [[r.ParticleLightQuality:2]]
[2022.01.06-11.49.54:545][  0]LogConfig: Setting CVar [[r.SkyAtmosphere.AerialPerspectiveLUT.FastApplyOnOpaque:1 ; Always have FastSkyLUT 1 in this case to avoid wrong sky]]
[2022.01.06-11.49.54:545][  0]LogConfig: Setting CVar [[r.SkyAtmosphere.AerialPerspectiveLUT.SampleCountMaxPerSlice:4]]
[2022.01.06-11.49.54:545][  0]LogConfig: Setting CVar [[r.SkyAtmosphere.AerialPerspectiveLUT.DepthResolution:16.0]]
[2022.01.06-11.49.54:545][  0]LogConfig: Setting CVar [[r.SkyAtmosphere.FastSkyLUT:1]]
[2022.01.06-11.49.54:545][  0]LogConfig: Setting CVar [[r.SkyAtmosphere.FastSkyLUT.SampleCountMin:4.0]]
[2022.01.06-11.49.54:545][  0]LogConfig: Setting CVar [[r.SkyAtmosphere.FastSkyLUT.SampleCountMax:128.0]]
[2022.01.06-11.49.54:545][  0]LogConfig: Setting CVar [[r.SkyAtmosphere.SampleCountMin:4.0]]
[2022.01.06-11.49.54:545][  0]LogConfig: Setting CVar [[r.SkyAtmosphere.SampleCountMax:128.0]]
[2022.01.06-11.49.54:545][  0]LogConfig: Setting CVar [[r.SkyAtmosphere.TransmittanceLUT.UseSmallFormat:0]]
[2022.01.06-11.49.54:545][  0]LogConfig: Setting CVar [[r.SkyAtmosphere.TransmittanceLUT.SampleCount:10.0]]
[2022.01.06-11.49.54:545][  0]LogConfig: Setting CVar [[r.SkyAtmosphere.MultiScatteringLUT.SampleCount:15.0]]
[2022.01.06-11.49.54:545][  0]LogConfig: Setting CVar [[r.SkyLight.RealTimeReflectionCapture:1]]
[2022.01.06-11.49.54:547][  0]LogConfig: Applying CVar settings from Section [FoliageQuality@3] File [E:/GameMechanics/Unreal/UnrealProject/Saved/Config/Windows/Scalability.ini]
[2022.01.06-11.49.54:548][  0]LogConfig: Setting CVar [[foliage.DensityScale:1.0]]
[2022.01.06-11.49.54:549][  0]LogConfig: Setting CVar [[grass.DensityScale:1.0]]
[2022.01.06-11.49.54:549][  0]LogConfig: Applying CVar settings from Section [ShadingQuality@3] File [E:/GameMechanics/Unreal/UnrealProject/Saved/Config/Windows/Scalability.ini]
[2022.01.06-11.49.54:550][  0]LogConfig: Setting CVar [[r.HairStrands.SkyLighting.IntegrationType:2]]
[2022.01.06-11.49.54:550][  0]LogConfig: Setting CVar [[r.HairStrands.SkyAO.SampleCount:4]]
[2022.01.06-11.49.54:550][  0]LogConfig: Setting CVar [[r.HairStrands.Visibility.MSAA.SamplePerPixel:4]]
[2022.01.06-11.49.54:550][  0]LogConfig: Applying CVar settings from Section [Startup] File [../../../Engine/Config/ConsoleVariables.ini]
[2022.01.06-11.49.54:551][  0]LogConfig: Setting CVar [[net.UseAdaptiveNetUpdateFrequency:0]]
[2022.01.06-11.49.54:552][  0]LogConfig: Setting CVar [[p.chaos.AllowCreatePhysxBodies:1]]
[2022.01.06-11.49.54:552][  0]LogConfig: Setting CVar [[fx.SkipVectorVMBackendOptimizations:1]]
[2022.01.06-11.49.54:552][  0]LogConfig: Applying CVar settings from Section [ConsoleVariables] File [E:/GameMechanics/Unreal/UnrealProject/Saved/Config/Windows/Engine.ini]
[2022.01.06-11.49.54:552][  0]LogConfig: Applying CVar settings from Section [ConsoleVariables] File [E:/GameMechanics/Unreal/UnrealProject/Saved/Config/Windows/Editor.ini]
[2022.01.06-11.49.54:554][  0]LogInit: Computer: DESKTOP-QOHD173
[2022.01.06-11.49.54:554][  0]LogInit: User: pjotr
[2022.01.06-11.49.54:554][  0]LogInit: CPU Page size=4096, Cores=4
[2022.01.06-11.49.54:554][  0]LogInit: High frequency timer resolution =10.000000 MHz
[2022.01.06-11.49.54:554][  0]LogMemory: Memory total: Physical=16.0GB (16GB approx)
[2022.01.06-11.49.54:554][  0]LogMemory: Platform Memory Stats for Windows
[2022.01.06-11.49.54:554][  0]LogMemory: Process Physical Memory: 144.84 MB used, 144.84 MB peak
[2022.01.06-11.49.54:554][  0]LogMemory: Process Virtual Memory: 125.89 MB used, 125.89 MB peak
[2022.01.06-11.49.54:554][  0]LogMemory: Physical Memory: 13727.18 MB used,  2618.66 MB free, 16345.84 MB total
[2022.01.06-11.49.54:554][  0]LogMemory: Virtual Memory: 134213032.00 MB used,  4693.50 MB free, 134217728.00 MB total
[2022.01.06-11.49.54:580][  0]LogWindows: WindowsPlatformFeatures enabled
[2022.01.06-11.49.55:005][  0]LogInit: Physics initialised using underlying interface: PhysX
[2022.01.06-11.49.55:008][  0]LogInit: Using OS detected language (en-US).
[2022.01.06-11.49.55:008][  0]LogInit: Using OS detected locale (en-BE).
[2022.01.06-11.49.55:038][  0]LogTextLocalizationManager: No specific localization for 'en-US' exists, so the 'en' localization will be used.
[2022.01.06-11.49.55:625][  0]LogInit: Setting process to per monitor DPI aware
[2022.01.06-11.49.56:012][  0]LogWindowsTextInputMethodSystem: Display: IME system deactivated.
[2022.01.06-11.49.56:237][  0]LogSlate: New Slate User Created.  User Index 0, Is Virtual User: 0
[2022.01.06-11.49.56:237][  0]LogSlate: Slate User Registered.  User Index 0, Is Virtual User: 0
[2022.01.06-11.50.00:900][  0]LogD3D11RHI: Loaded GFSDK_Aftermath_Lib.x64.dll
[2022.01.06-11.50.01:972][  0]LogHMD: Failed to initialize OpenVR with code 108
[2022.01.06-11.50.01:984][  0]LogD3D11RHI: D3D11 min allowed feature level: 11_0
[2022.01.06-11.50.02:002][  0]LogD3D11RHI: D3D11 max allowed feature level: 11_0
[2022.01.06-11.50.02:016][  0]LogD3D11RHI: D3D11 adapters:
[2022.01.06-11.50.02:408][  0]LogD3D11RHI:    0. 'NVIDIA GeForce GTX 1070 Ti' (Feature Level 11_0)
[2022.01.06-11.50.02:409][  0]LogD3D11RHI:       8079/0/8172 MB DedicatedVideo/DedicatedSystem/SharedSystem, Outputs:3, VendorId:0x10de
[2022.01.06-11.50.02:425][  0]LogD3D11RHI:    1. 'Microsoft Basic Render Driver' (Feature Level 11_0)
[2022.01.06-11.50.02:425][  0]LogD3D11RHI:       0/0/8172 MB DedicatedVideo/DedicatedSystem/SharedSystem, Outputs:0, VendorId:0x1414
[2022.01.06-11.50.02:425][  0]LogD3D11RHI: Chosen D3D11 Adapter:
[2022.01.06-11.50.02:425][  0]LogD3D11RHI:     Description : NVIDIA GeForce GTX 1070 Ti
[2022.01.06-11.50.02:425][  0]LogD3D11RHI:     VendorId    : 10de
[2022.01.06-11.50.02:425][  0]LogD3D11RHI:     DeviceId    : 1b82
[2022.01.06-11.50.02:425][  0]LogD3D11RHI:     SubSysId    : c3031462
[2022.01.06-11.50.02:425][  0]LogD3D11RHI:     Revision    : 00a1
[2022.01.06-11.50.02:426][  0]LogD3D11RHI:     DedicatedVideoMemory : 8471445504 bytes
[2022.01.06-11.50.02:426][  0]LogD3D11RHI:     DedicatedSystemMemory : 0 bytes
[2022.01.06-11.50.02:426][  0]LogD3D11RHI:     SharedSystemMemory : 8569927680 bytes
[2022.01.06-11.50.02:426][  0]LogD3D11RHI:     AdapterLuid : 0 368773429
[2022.01.06-11.50.02:568][  0]LogD3D11RHI: Creating new Direct3DDevice
[2022.01.06-11.50.02:576][  0]LogD3D11RHI:     GPU DeviceId: 0x1b82 (for the marketing name, search the web for "GPU Device Id")
[2022.01.06-11.50.02:592][  0]LogWindows: EnumDisplayDevices:
[2022.01.06-11.50.02:625][  0]LogWindows:    0. 'NVIDIA GeForce GTX 1070 Ti' (P:0 D:1)
[2022.01.06-11.50.02:644][  0]LogWindows:    1. 'NVIDIA GeForce GTX 1070 Ti' (P:1 D:1)
[2022.01.06-11.50.02:663][  0]LogWindows:    2. 'NVIDIA GeForce GTX 1070 Ti' (P:0 D:1)
[2022.01.06-11.50.02:677][  0]LogWindows:    3. 'NVIDIA GeForce GTX 1070 Ti' (P:0 D:0)
[2022.01.06-11.50.02:677][  0]LogWindows: DebugString: FoundDriverCount:4 
[2022.01.06-11.50.02:677][  0]LogD3D11RHI:     Adapter Name: NVIDIA GeForce GTX 1070 Ti
[2022.01.06-11.50.02:678][  0]LogD3D11RHI:   Driver Version: 497.29 (internal:30.0.14.9729, unified:497.29)
[2022.01.06-11.50.02:700][  0]LogD3D11RHI:      Driver Date: 12-15-2021
[2022.01.06-11.50.02:701][  0]LogRHI: Texture pool is 5655 MB (70% of 8079 MB)
[2022.01.06-11.50.02:702][  0]LogD3D11RHI: Creating D3DDevice using adapter:
[2022.01.06-11.50.02:710][  0]LogD3D11RHI:     Description : NVIDIA GeForce GTX 1070 Ti
[2022.01.06-11.50.02:711][  0]LogD3D11RHI:     VendorId    : 10de
[2022.01.06-11.50.02:743][  0]LogD3D11RHI:     DeviceId    : 1b82
[2022.01.06-11.50.02:743][  0]LogD3D11RHI:     SubSysId    : c3031462
[2022.01.06-11.50.02:748][  0]LogD3D11RHI:     Revision    : 00a1
[2022.01.06-11.50.02:756][  0]LogD3D11RHI:     DedicatedVideoMemory : 8471445504 bytes
[2022.01.06-11.50.02:770][  0]LogD3D11RHI:     DedicatedSystemMemory : 0 bytes
[2022.01.06-11.50.02:775][  0]LogD3D11RHI:     SharedSystemMemory : 8569927680 bytes
[2022.01.06-11.50.02:775][  0]LogD3D11RHI:     AdapterLuid : 0 368773429
[2022.01.06-11.50.02:898][  0]LogD3D11RHI: RHI has support for 64 bit atomics
[2022.01.06-11.50.02:899][  0]LogD3D11RHI: Async texture creation enabled
[2022.01.06-11.50.02:899][  0]LogD3D11RHI: Array index from any shader is supported
[2022.01.06-11.50.02:993][  0]LogD3D11RHI: GPU Timing Frequency: 1000.000000 (Debug: 2 1)
[2022.01.06-11.50.03:159][  0]LogRHI: GeForceNow SDK initialized: 1
[2022.01.06-11.50.05:435][  0]LogTargetPlatformManager: Display: Loaded TargetPlatform 'AllDesktop'
[2022.01.06-11.50.05:537][  0]LogTargetPlatformManager: Display: Loaded TargetPlatform 'Android'
[2022.01.06-11.50.05:615][  0]LogTargetPlatformManager: Display: Loaded TargetPlatform 'Android_ASTC'
[2022.01.06-11.50.05:615][  0]LogTargetPlatformManager: Display: Loaded TargetPlatform 'Android_DXT'
[2022.01.06-11.50.05:615][  0]LogTargetPlatformManager: Display: Loaded TargetPlatform 'Android_ETC2'
[2022.01.06-11.50.05:615][  0]LogTargetPlatformManager: Display: Loaded TargetPlatform 'AndroidClient'
[2022.01.06-11.50.05:615][  0]LogTargetPlatformManager: Display: Loaded TargetPlatform 'Android_ASTCClient'
[2022.01.06-11.50.05:615][  0]LogTargetPlatformManager: Display: Loaded TargetPlatform 'Android_DXTClient'
[2022.01.06-11.50.05:615][  0]LogTargetPlatformManager: Display: Loaded TargetPlatform 'Android_ETC2Client'
[2022.01.06-11.50.05:616][  0]LogTargetPlatformManager: Display: Loaded TargetPlatform 'Android_Multi'
[2022.01.06-11.50.05:657][  0]LogTargetPlatformManager: Display: Loaded TargetPlatform 'Android_MultiClient'
[2022.01.06-11.50.05:887][  0]LogTargetPlatformManager: Display: Loaded TargetPlatform 'IOSClient'
[2022.01.06-11.50.05:887][  0]LogTargetPlatformManager: Display: Loaded TargetPlatform 'IOS'
[2022.01.06-11.50.05:907][  0]LogTargetPlatformManager: Display: Loaded TargetPlatform 'Linux'
[2022.01.06-11.50.05:938][  0]LogTargetPlatformManager: Display: Loaded TargetPlatform 'LinuxNoEditor'
[2022.01.06-11.50.05:970][  0]LogTargetPlatformManager: Display: Loaded TargetPlatform 'LinuxClient'
[2022.01.06-11.50.05:987][  0]LogTargetPlatformManager: Display: Loaded TargetPlatform 'LinuxServer'
[2022.01.06-11.50.06:008][  0]LogTargetPlatformManager: Display: Loaded TargetPlatform 'LinuxAArch64NoEditor'
[2022.01.06-11.50.06:044][  0]LogTargetPlatformManager: Display: Loaded TargetPlatform 'LinuxAArch64Client'
[2022.01.06-11.50.06:053][  0]LogTargetPlatformManager: Display: Loaded TargetPlatform 'LinuxAArch64Server'
[2022.01.06-11.50.06:100][  0]LogTargetPlatformManager: Display: Loaded TargetPlatform 'Lumin'
[2022.01.06-11.50.06:111][  0]LogTargetPlatformManager: Display: Loaded TargetPlatform 'LuminClient'
[2022.01.06-11.50.06:158][  0]LogTargetPlatformManager: Display: Loaded TargetPlatform 'MacNoEditor'
[2022.01.06-11.50.06:243][  0]LogTargetPlatformManager: Display: Loaded TargetPlatform 'Mac'
[2022.01.06-11.50.06:296][  0]LogTargetPlatformManager: Display: Loaded TargetPlatform 'MacClient'
[2022.01.06-11.50.06:310][  0]LogTargetPlatformManager: Display: Loaded TargetPlatform 'MacServer'
[2022.01.06-11.50.06:333][  0]LogTargetPlatformManager: Display: Loaded TargetPlatform 'TVOSClient'
[2022.01.06-11.50.06:333][  0]LogTargetPlatformManager: Display: Loaded TargetPlatform 'TVOS'
[2022.01.06-11.50.06:349][  0]LogTargetPlatformManager: Display: Loaded TargetPlatform 'WindowsNoEditor'
[2022.01.06-11.50.06:360][  0]LogTargetPlatformManager: Display: Loaded TargetPlatform 'Windows'
[2022.01.06-11.50.06:370][  0]LogTargetPlatformManager: Display: Loaded TargetPlatform 'WindowsClient'
[2022.01.06-11.50.06:389][  0]LogTargetPlatformManager: Display: Loaded TargetPlatform 'WindowsServer'
[2022.01.06-11.50.06:390][  0]LogTargetPlatformManager: Display: Building Assets For Windows
[2022.01.06-11.50.06:418][  0]LogAudioDebug: Display: Lib vorbis DLL was dynamically loaded.
[2022.01.06-11.50.06:529][  0]LogTextureFormatOodle: Display: Oodle Texture 2.9.0 init RDO Off
[2022.01.06-11.50.06:808][  0]LogRendererCore: Ray tracing is disabled. Reason: r.RayTracing=0.
[2022.01.06-11.50.06:810][  0]LogShaderCompilers: Guid format shader working directory is 7 characters bigger than the processId version (E:/GameMechanics/Unreal/UnrealProject/Intermediate/Shaders/WorkingDirectory/342368/).
[2022.01.06-11.50.06:811][  0]LogShaderCompilers: Cleaned the shader compiler working directory 'C:/Users/pjotr/AppData/Local/Temp/UnrealShaderWorkingDir/D8DC09684BD36455542F70B087177483/'.
[2022.01.06-11.50.06:812][  0]LogXGEController: Cannot use XGE Controller as Incredibuild is not installed on this machine.
[2022.01.06-11.50.06:812][  0]LogShaderCompilers: Cannot use XGE Shader Compiler as Incredibuild is not installed on this machine.
[2022.01.06-11.50.06:812][  0]LogShaderCompilers: Display: Using Local Shader Compiler.
[2022.01.06-11.50.12:723][  0]LogDerivedDataCache: Display: Max Cache Size: 512 MB
[2022.01.06-11.50.13:314][  0]LogDerivedDataCache: Loaded boot cache 0.57s 94MB C:/Users/pjotr/AppData/Local/UnrealEngine/4.27/DerivedDataCache/Boot.ddc.
[2022.01.06-11.50.13:319][  0]LogDerivedDataCache: Display: Loaded Boot cache: C:/Users/pjotr/AppData/Local/UnrealEngine/4.27/DerivedDataCache/Boot.ddc
[2022.01.06-11.50.13:320][  0]LogDerivedDataCache: FDerivedDataBackendGraph:  Pak pak cache file E:/GameMechanics/Unreal/UnrealProject/DerivedDataCache/DDC.ddp not found, will not use a pak cache.
[2022.01.06-11.50.13:334][  0]LogDerivedDataCache: Unable to find inner node Pak for hierarchical cache Hierarchy.
[2022.01.06-11.50.13:354][  0]LogDerivedDataCache: FDerivedDataBackendGraph:  CompressedPak pak cache file E:/GameMechanics/Unreal/UnrealProject/DerivedDataCache/Compressed.ddp not found, will not use a pak cache.
[2022.01.06-11.50.13:354][  0]LogDerivedDataCache: Unable to find inner node CompressedPak for hierarchical cache Hierarchy.
[2022.01.06-11.50.13:381][  0]LogDerivedDataCache: Display: Pak cache opened for reading ../../../Engine/DerivedDataCache/Compressed.ddp.
[2022.01.06-11.50.13:408][  0]LogDerivedDataCache: FDerivedDataBackendGraph:  EnterprisePak pak cache file ../../../Enterprise/DerivedDataCache/Compressed.ddp not found, will not use a pak cache.
[2022.01.06-11.50.13:409][  0]LogDerivedDataCache: Unable to find inner node EnterprisePak for hierarchical cache Hierarchy.
[2022.01.06-11.50.13:434][  0]LogDerivedDataCache: Speed tests for C:/Users/pjotr/AppData/Local/UnrealEngine/Common/DerivedDataCache took 0.03 seconds
[2022.01.06-11.50.13:458][  0]LogDerivedDataCache: Display: Performance to C:/Users/pjotr/AppData/Local/UnrealEngine/Common/DerivedDataCache: Latency=0.39ms. RandomReadSpeed=60.10MBs, RandomWriteSpeed=176.83MBs. Assigned SpeedClass 'Local'
[2022.01.06-11.50.13:644][  0]LogDerivedDataCache: Using Local data cache path C:/Users/pjotr/AppData/Local/UnrealEngine/Common/DerivedDataCache: Writable
[2022.01.06-11.50.13:644][  0]LogDerivedDataCache: Shared data cache path not found in *engine.ini, will not use an Shared cache.
[2022.01.06-11.50.13:644][  0]LogDerivedDataCache: Unable to find inner node Shared for hierarchical cache Hierarchy.
[2022.01.06-11.50.13:731][  0]LogSlate: Using FreeType 2.10.0
[2022.01.06-11.50.13:781][  0]LogSlate: SlateFontServices - WITH_FREETYPE: 1, WITH_HARFBUZZ: 1
[2022.01.06-11.50.14:108][  0]LogAssetRegistry: FAssetRegistry took 0.0594 seconds to start up
[2022.01.06-11.50.14:716][  0]LogInit: Selected Device Profile: [Windows]
[2022.01.06-11.50.14:720][  0]LogInit: Active device profile: [000001AFE36FCF00][000001AFDAB24740 49] Windows
[2022.01.06-11.50.14:731][  0]LogInit: Profiles: [000001AFE36FCF00][000001AFDAB24740 49] Windows, [000001AFE36CA400][000001AFD58848C0 49] WindowsNoEditor, [000001AFE36FDF00][000001AFD5888A40 49] WindowsServer, [000001AFE36C9500][000001AFD5880B80 49] WindowsClient, [000001AFE36FD200][000001AFD588CCC0 49] IOS, [000001AFE36CBA00][000001AFD5890E00 49] iPadAir, [000001AFE36FF300][000001AFD5894F40 49] iPadAir2, [000001AFE3679300][000001AFD58A1200 49] IPadPro, [000001AFE3679400][000001AFD589D240 49] iPadAir3, [000001AFE36C8B00][000001AFD58A53C0 49] iPadAir4, [000001AFE367A100][000001AFD58A9540 49] iPadMini2, [000001AFE36CB400][000001AFE2F8B6C0 49] iPadMini3, [000001AFE367AC00][000001AFE2F8F840 49] iPadMini4, [000001AFE36CA600][000001AFE2F939C0 49] iPadMini5, [000001AFE367CE00][000001AFE2F9A100 49] iPhone6, [000001AFE367CF00][000001AFE2F96140 49] iPodTouch6, [000001AFE36FF700][000001AFE2FA2400 49] iPhone7, [000001AFE36FE800][000001AFE2F9E440 49] iPodTouch7, [000001AFE3679100][000001AFE2FA65C0 49] iPhone5S, [000001AFE36FD100][000001AFE2FAA740 49] iPhone6Plus, [000001AFE367AA00][000001AFE2FAE8C0 49] iPhone6S, [000001AFE36FDA00][000001AFE2FB2A40 49] iPhone6SPlus, [000001AFE367C100][000001AFE2FB6BC0 49] iPhone7Plus, [000001AFE3679D00][000001AFE2FBAD40 49] iPhoneSE, [000001AFE367CC00][000001AFD5898E80 49] iPhone8, [000001AFE3678400][000001AFE2FBEFC0 49] iPhone8Plus, [000001AFE367EA00][000001AFE2FC3100 49] iPhoneX, [000001AFE367BC00][000001AFE2FCB280 49] iPhoneXS, [000001AFE367E900][000001AFE2FCF400 49] iPhoneXSMax, [000001AFE3678B00][000001AFE2FD3580 49] iPhoneXR, [000001AFE36FF800][000001AFE2FD7700 49] iPhone11, [000001AFE367BD00][000001AFE2FDB880 49] iPhone11Pro, [000001AFE36FDB00][000001AFE2FDFA00 49] iPhone11ProMax, [000001AFE3679500][000001AFE2FE3B80 49] iPhoneSE2, [000001AFE36FDE00][000001AFE2FE6180 49] iPhone12Mini, [000001AFE367B100][000001AFE2FEA300 49] iPhone12, [000001AFE36FF400][000001AFE2FEE480 49] iPhone12Pro, [000001AFE3678D00][000001AFE2FF2600 49] iPhone12ProMax, [000001AFE36FFC00][000001AFE2FF6780 49] iPadPro105, [000001AFE367B700][000001AFE2FFA900 49] iPadPro129, [000001AFE36FEA00][000001AFE2FFEA80 49] iPadPro97, [000001AFE3678900][000001AFE3002C00 49] iPadPro2_129, [000001AFE36FC800][000001AFE3006D80 49] iPad5, [000001AFE3679000][000001AFE300AF00 49] iPad6, [000001AFE36FC400][000001AFE2FC7040 49] iPad7, [000001AFE367AB00][000001AFE300F180 49] iPad8, [000001AFE36FF500][000001AFE30132C0 49] iPadPro11, [000001AFE3679800][000001AFE301B440 49] iPadPro2_11, [000001AFE36FC900][000001AFE40315C0 49] iPadPro3_129, [000001AFE367A800][000001AFE4035740 49] iPadPro4_129, [000001AFE36FEE00][000001AFE40398C0 49] AppleTV, [000001AFE367BE00][000001AFE403DA40 49] AppleTV4K, [000001AFE36FC500][000001AFE4041BC0 49] TVOS, [000001AFE3679700][000001AFE40441C0 49] Mac, [000001AFE36FE300][000001AFE4048340 49] MacClient, [000001AFE3678800][000001AFE404C4C0 49] MacNoEditor, [000001AFE36FD000][000001AFE4050640 49] MacServer, [000001AFE3678500][000001AFE40547C0 49] Linux, [000001AFE36FEB00][000001AFE4058940 49] LinuxAArch64, [000001AFE3679600][000001AFE405CAC0 49] LinuxNoEditor, [000001AFE36FE100][000001AFE4060C40 49] LinuxAArch64NoEditor, [000001AFE367B900][000001AFE4064DC0 49] LinuxClient, [000001AFE36FE600][000001AFE4068F40 49] LinuxAArch64Client, [000001AFE367A300][000001AFE406D0C0 49] LinuxServer, [000001AFE36FC700][000001AFE3017200 49] LinuxAArch64Server, [000001AFE3679A00][000001AFE4071340 49] Android, [000001AFE36FE200][000001AFE4075480 49] Android_Low, [000001AFE3679C00][000001AFE40795C0 49] Android_Mid, [000001AFE36FD300][000001AFE4081740 49] Android_High, [000001AFE3678E00][000001AFE40858C0 49] Android_Default, [000001AFE36FF600][000001AFE4089A40 49] Android_Adreno4xx, [000001AFE3678F00][000001AFE408DBC0 49] Android_Adreno5xx_Low, [000001AFE36FFB00][000001AFE40901C0 49] Android_Adreno5xx, [000001AFE367BA00][000001AFE4094340 49] Android_Adreno6xx, [000001AFE36FCB00][000001AFE40984C0 49] Android_Adreno6xx_Vulkan, [000001AFE3679900][000001AFE409C640 49] Android_Mali_T6xx, [000001AFE36FCA00][000001AFE40A07C0 49] Android_Mali_T7xx, [000001AFE36C9400][000001AFE40A4940 49] Android_Mali_T8xx, [000001AFE367C500][000001AFE40A8AC0 49] Android_Mali_G71, [000001AFE36C8600][000001AFE40ACC40 49] Android_Mali_G72, [000001AFE367C300][000001AFE40B0DC0 49] Android_Mali_G72_Vulkan, [000001AFE36CB300][000001AFE40B4F40 49] Android_Mali_G76, [000001AFE367D000][000001AFE40B90C0 49] Android_Mali_G76_Vulkan, [000001AFE36CA000][000001AFE40BD240 49] Android_Mali_G77, [000001AFE367EF00][000001AFE407D380 49] Android_Mali_G77_Vulkan, [000001AFE36C8E00][000001AFE40C14C0 49] Android_Mali_G78, [000001AFE367F100][000001AFE40C5600 49] Android_Mali_G78_Vulkan, [000001AFE36C8800][000001AFE40C9740 49] Android_Mali_G710, [000001AFE367EC00][000001AFE40D18C0 49] Android_Mali_G710_Vulkan, [000001AFE36CB600][000001AFE40D5A40 49] Android_Vulkan_SM5, [000001AFE367F500][000001AFE40D9BC0 49] Android_PowerVR_G6xxx, [000001AFE36C9900][000001AFE40DC1C0 49] Android_PowerVR_GT7xxx, [000001AFE367DD00][000001AFE40E0340 49] Android_PowerVR_GE8xxx, [000001AFE36CAD00][000001AFE40E44C0 49] Android_PowerVR_GM9xxx, [000001AFE367C800][000001AFE40E8640 49] Android_PowerVR_GM9xxx_Vulkan, [000001AFE36CB100][000001AFE40EC7C0 49] Android_TegraK1, [000001AFE367D200][000001AFE40F0940 49] Android_Unknown_Vulkan, [000001AFE36CA300][000001AFE40F4AC0 49] Lumin, [000001AFE367F700][000001AFE40F8C40 49] Lumin_Desktop, [000001AFE36CA800][000001AFE40FCDC0 49] HoloLens, 
[2022.01.06-11.50.15:185][  0]LogMeshReduction: Using QuadricMeshReduction for automatic static mesh reduction
[2022.01.06-11.50.15:186][  0]LogMeshReduction: Using SimplygonMeshReduction for automatic skeletal mesh reduction
[2022.01.06-11.50.15:186][  0]LogMeshReduction: Using ProxyLODMeshReduction for automatic mesh merging
[2022.01.06-11.50.15:186][  0]LogMeshReduction: No distributed automatic mesh merging module available
[2022.01.06-11.50.15:187][  0]LogMeshMerging: No distributed automatic mesh merging module available
[2022.01.06-11.50.15:256][  0]LogNetVersion: UnrealProject 1.0.0, NetCL: 17155196, EngineNetVer: 17, GameNetVer: 0 (Checksum: 742620811)
[2022.01.06-11.50.16:921][  0]LogTexture: Default maximum texture size for cubemaps generated from long-lat sources has been changed from 512 to unlimited. In order to preserve old behaiour for '/Engine/MapTemplates/Sky/DaylightAmbientCubemap.DaylightAmbientCubemap', its maximum texture size has been explicitly set to 512.
[2022.01.06-11.50.17:071][  0]LogHMD: PokeAHoleMaterial loaded successfully
[2022.01.06-11.50.17:091][  0]LogUObjectArray: 17178 objects as part of root set at end of initial load.
[2022.01.06-11.50.17:094][  0]LogUObjectAllocator: 4302048 out of 0 bytes used by permanent object pool.
[2022.01.06-11.50.17:102][  0]LogUObjectArray: CloseDisregardForGC: 0/0 objects in disregard for GC pool
[2022.01.06-11.50.18:279][  0]LogNiagaraDebuggerClient: Niagara Debugger Client Initialized | Session: 3F0EFBDA42544D4575B5DBB1B3AD2AA6 | Instance: BF0CF83E439D2E5179928B9A0C5F784F (DESKTOP-QOHD173-342368).
[2022.01.06-11.50.19:876][  0]LogPython: Using Python 3.7.7
[2022.01.06-11.50.21:043][  0]LogTcpMessaging: Initializing TcpMessaging bridge
[2022.01.06-11.50.21:096][  0]LogUdpMessaging: Initializing bridge on interface 0.0.0.0:0 to multicast group 230.0.0.1:6666.
[2022.01.06-11.50.22:156][  0]SourceControl: Source control is disabled
[2022.01.06-11.50.22:157][  0]SourceControl: Source control is disabled
[2022.01.06-11.50.22:172][  0]SourceControl: Source control is disabled
[2022.01.06-11.50.22:182][  0]SourceControl: Source control is disabled
[2022.01.06-11.50.22:216][  0]SourceControl: Source control is disabled
[2022.01.06-11.50.22:235][  0]LogUProjectInfo: Found projects:
[2022.01.06-11.50.23:166][  0]LogOpenImageDenoise: OIDN starting up
[2022.01.06-11.50.23:258][  0]LogAndroidPermission: UAndroidPermissionCallbackProxy::GetInstance
[2022.01.06-11.50.23:316][  0]LogAudioCaptureCore: Display: No Audio Capture implementations found. Audio input will be silent.
[2022.01.06-11.50.23:316][  0]LogAudioCaptureCore: Display: No Audio Capture implementations found. Audio input will be silent.
[2022.01.06-11.50.23:641][  0]LogCollectionManager: Loaded 0 collections in 0.002744 seconds
[2022.01.06-11.50.23:774][  0]LogFileCache: Scanning file cache for directory 'E:/GameMechanics/Unreal/UnrealProject/Saved/Collections/' took 0.02s
[2022.01.06-11.50.23:774][  0]LogFileCache: Scanning file cache for directory 'E:/GameMechanics/Unreal/UnrealProject/Content/Developers/pjotr/Collections/' took 0.05s
[2022.01.06-11.50.23:775][  0]LogFileCache: Scanning file cache for directory 'E:/GameMechanics/Unreal/UnrealProject/Content/Collections/' took 0.01s
[2022.01.06-11.50.23:775][  0]LogOcInput: OculusInput pre-init called
[2022.01.06-11.50.24:399][  0]LogEngine: Initializing Engine...
[2022.01.06-11.50.25:700][  0]LogHMD: Failed to initialize OpenVR with code 108
[2022.01.06-11.50.25:748][  0]LogHMD: Optional extension XR_VARJO_quad_views is not available
[2022.01.06-11.50.25:749][  0]LogHMD: Warning: Required extension XR_EXT_eye_gaze_interaction is not available
[2022.01.06-11.50.25:749][  0]LogHMD: Could not enable all required OpenXR extensions for OpenXREyeTracker on current system. This plugin will be loaded but ignored, but will be enabled on a target platform that supports the required extension.
[2022.01.06-11.50.26:229][  0]LogHMD: Failed to create an OpenXR instance, result is XR_ERROR_RUNTIME_FAILURE. Please check if you have an OpenXR runtime installed. The following extensions were enabled:
[2022.01.06-11.50.26:230][  0]LogHMD: - XR_KHR_D3D11_enable
[2022.01.06-11.50.26:230][  0]LogHMD: - XR_KHR_D3D12_enable
[2022.01.06-11.50.26:230][  0]LogHMD: - XR_KHR_opengl_enable
[2022.01.06-11.50.26:231][  0]LogHMD: - XR_KHR_vulkan_enable
[2022.01.06-11.50.26:231][  0]LogHMD: - XR_KHR_composition_layer_depth
[2022.01.06-11.50.26:231][  0]LogHMD: - XR_KHR_visibility_mask
[2022.01.06-11.50.26:231][  0]LogHMD: - XR_EXT_hand_tracking
[2022.01.06-11.50.26:232][  0]LogMagicLeap: Warning: VR disabled because ZI is not enabled.  To enable, in the editor, Edit -> Project Settings -> Plugins -> Magic Leap Plugin -> Enable Zero Iteration
[2022.01.06-11.50.26:240][  0]LogStats: UGameplayTagsManager::InitializeManager -  0.001 s
[2022.01.06-11.50.26:509][  0]LogInit: Initializing FReadOnlyCVARCache
[2022.01.06-11.50.26:605][  0]LogAIModule: Creating AISystem for world Untitled
[2022.01.06-11.50.26:625][  0]LogAudio: Display: Initializing Audio Device Manager...
[2022.01.06-11.50.26:652][  0]LogAudio: Display: Loading Default Audio Settings Objects...
[2022.01.06-11.50.26:669][  0]LogAudio: Display: No default SoundConcurrencyObject specified (or failed to load).
[2022.01.06-11.50.26:672][  0]LogAudio: Display: Audio Device Manager Initialized
[2022.01.06-11.50.26:672][  0]LogAudio: Display: Creating Audio Device:                 Id: 1, Scope: Shared, Realtime: True
[2022.01.06-11.50.26:673][  0]LogAudioMixer: Display: Audio Mixer Platform Settings:
[2022.01.06-11.50.26:673][  0]LogAudioMixer: Display: 	Sample Rate:						  48000
[2022.01.06-11.50.26:673][  0]LogAudioMixer: Display: 	Callback Buffer Frame Size Requested: 1024
[2022.01.06-11.50.26:674][  0]LogAudioMixer: Display: 	Callback Buffer Frame Size To Use:	  1024
[2022.01.06-11.50.26:674][  0]LogAudioMixer: Display: 	Number of buffers to queue:			  2
[2022.01.06-11.50.26:675][  0]LogAudioMixer: Display: 	Max Channels (voices):				  32
[2022.01.06-11.50.26:676][  0]LogAudioMixer: Display: 	Number of Async Source Workers:		  0
[2022.01.06-11.50.26:677][  0]LogAudio: Display: AudioDevice MaxSources: 32
[2022.01.06-11.50.26:678][  0]LogAudio: Display: Audio Spatialization Plugin: None (built-in).
[2022.01.06-11.50.26:678][  0]LogAudio: Display: Audio Reverb Plugin: None (built-in).
[2022.01.06-11.50.26:678][  0]LogAudio: Display: Audio Occlusion Plugin: None (built-in).
[2022.01.06-11.50.26:678][  0]LogAudioMixer: Display: Initializing audio mixer.
[2022.01.06-11.50.26:744][  0]LogAudioMixer: Display: 0: FrontLeft
[2022.01.06-11.50.26:744][  0]LogAudioMixer: Display: 1: FrontRight
[2022.01.06-11.50.26:744][  0]LogAudioMixer: Display: 2: FrontCenter
[2022.01.06-11.50.26:744][  0]LogAudioMixer: Display: 3: LowFrequency
[2022.01.06-11.50.26:744][  0]LogAudioMixer: Display: 4: BackLeft
[2022.01.06-11.50.26:744][  0]LogAudioMixer: Display: 5: BackRight
[2022.01.06-11.50.26:744][  0]LogAudioMixer: Display: 6: SideLeft
[2022.01.06-11.50.26:744][  0]LogAudioMixer: Display: 7: SideRight
[2022.01.06-11.50.27:019][  0]LogAudioMixer: Display: Using Audio Device Headset Earphone (3- CORSAIR VOID PRO Wireless Gaming Headset)
[2022.01.06-11.50.27:024][  0]LogAudioMixer: Display: Initializing Sound Submixes...
[2022.01.06-11.50.27:030][  0]LogAudioMixer: Display: Creating Master Submix 'MasterSubmixDefault'
[2022.01.06-11.50.27:030][  0]LogAudioMixer: Display: Creating Master Submix 'MasterReverbSubmixDefault'
[2022.01.06-11.50.27:032][  0]LogAudioMixer: Display: Creating Master Submix 'MasterEQSubmixDefault'
[2022.01.06-11.50.27:033][  0]LogAudioMixer: FMixerPlatformXAudio2::StartAudioStream() called
[2022.01.06-11.50.27:033][  0]LogAudioMixer: Display: Output buffers initialized: Frames=1024, Channels=8, Samples=8192
[2022.01.06-11.50.27:037][  0]LogAudioMixer: Display: Starting AudioMixerPlatformInterface::RunInternal()
[2022.01.06-11.50.27:037][  0]LogAudioMixer: Display: FMixerPlatformXAudio2::SubmitBuffer() called for the first time
[2022.01.06-11.50.27:037][  0]LogInit: FAudioDevice initialized.
[2022.01.06-11.50.27:038][  0]LogAudio: Display: Audio Device (ID: 1) registered with world 'Untitled'.
[2022.01.06-11.50.27:039][  0]LogNetVersion: Set ProjectVersion to 1.0.0.0. Version Checksum will be recalculated on next use.
[2022.01.06-11.50.27:242][  0]LogDerivedDataCache: Saved boot cache 0.20s 94MB C:/Users/pjotr/AppData/Local/UnrealEngine/4.27/DerivedDataCache/Boot.ddc.
[2022.01.06-11.50.27:243][  0]LogInit: Texture streaming: Enabled
[2022.01.06-11.50.27:324][  0]LogAnalytics: Display: [UEEditor.Rocket.Release] APIServer = https://datarouter.ol.epicgames.com/. AppVersion = 4.27.2-18319896+++UE4+Release-4.27
[2022.01.06-11.50.27:333][  0]LogEngineSessionManager: EngineSessionManager initialized
[2022.01.06-11.50.27:333][  0]LogEditorSessionSummary: Verbose: Initializing EditorSessionSummaryWriter for editor session tracking
[2022.01.06-11.50.27:337][  0]LogEditorSessionSummary: EditorSessionSummaryWriter initialized
[2022.01.06-11.50.27:385][  0]LogInit: Transaction tracking system initialized
[2022.01.06-11.50.27:483][  0]BlueprintLog: New page: Editor Load
[2022.01.06-11.50.27:810][  0]LocalizationService: Localization service is disabled
[2022.01.06-11.50.27:913][  0]TimingProfiler: Initialize
[2022.01.06-11.50.27:914][  0]TimingProfiler: OnSessionChanged
[2022.01.06-11.50.27:915][  0]LoadingProfiler: Initialize
[2022.01.06-11.50.27:915][  0]LoadingProfiler: OnSessionChanged
[2022.01.06-11.50.27:920][  0]NetworkingProfiler: Initialize
[2022.01.06-11.50.27:923][  0]NetworkingProfiler: OnSessionChanged
[2022.01.06-11.50.27:923][  0]MemoryProfiler: Initialize
[2022.01.06-11.50.27:924][  0]MemoryProfiler: OnSessionChanged
[2022.01.06-11.50.28:308][  0]LogCook: Display: CookSettings for Memory: MemoryMaxUsedVirtual 0MiB, MemoryMaxUsedPhysical 16384MiB, MemoryMinFreeVirtual 0MiB, MemoryMinFreePhysical 1024MiB
[2022.01.06-11.50.28:309][  0]LogCook: Display: Mobile HDR setting 1
[2022.01.06-11.50.28:488][  0]LogFileCache: Scanning file cache for directory 'E:/GameMechanics/Unreal/UnrealProject/Content/' took 0.03s
[2022.01.06-11.50.29:263][  0]LogInit: Display: Engine is initialized. Leaving FEngineLoop::Init()
[2022.01.06-11.50.29:274][  0]SourceControl: Source control is disabled
[2022.01.06-11.50.29:275][  0]LogUnrealEdMisc: Loading editor; pre map load, took 43.419
[2022.01.06-11.50.29:277][  0]Cmd: MAP LOAD FILE="E:/GameMechanics/Unreal/UnrealProject/Content/Levels/FirstLevel.umap" TEMPLATE=0 SHOWPROGRESS=1 FEATURELEVEL=3
[2022.01.06-11.50.29:278][  0]LightingResults: New page: Lighting Build
[2022.01.06-11.50.29:285][  0]LogWorld: UWorld::CleanupWorld for Untitled, bSessionEnded=true, bCleanupResources=true
[2022.01.06-11.50.29:288][  0]LogSlate: InvalidateAllWidgets triggered.  All widgets were invalidated
[2022.01.06-11.50.29:291][  0]MapCheck: New page: Map Check
[2022.01.06-11.50.29:291][  0]LightingResults: New page: Lighting Build
[2022.01.06-11.50.29:311][  0]LogAudio: Display: Audio Device unregistered from world 'None'.
[2022.01.06-11.50.29:327][  0]LogUObjectHash: Compacting FUObjectHashTables data took   1.68ms
[2022.01.06-11.50.29:558][  0]LogLinker: Warning: [AssetLog] E:\GameMechanics\Unreal\UnrealProject\Content\TwinStickShooterContent\ShooterMannequin\UE4_Mannequin\Mesh\SK_Mannequin.uasset: Failed to load '/Game/ShooterMannequin/UE4_Mannequin/Materials/M_UE4Man_Body': Can't find file.
[2022.01.06-11.50.29:576][  0]LoadErrors: Failed to load /Game/TwinStickShooterContent/ShooterMannequin/UE4_Mannequin/Mesh/SK_Mannequin.SK_Mannequin Referenced by CharacterMesh0
[2022.01.06-11.50.29:596][  0]LogLinker: Warning: [AssetLog] E:\GameMechanics\Unreal\UnrealProject\Content\TwinStickShooterContent\ShooterMannequin\UE4_Mannequin\Mesh\SK_Mannequin.uasset: Failed to load '/Game/ShooterMannequin/UE4_Mannequin/Materials/M_UE4Man_Body': Can't find file.
[2022.01.06-11.50.29:597][  0]LoadErrors: Failed to load /Game/TwinStickShooterContent/ShooterMannequin/UE4_Mannequin/Mesh/SK_Mannequin.SK_Mannequin Referenced by CharacterMesh0
[2022.01.06-11.50.29:597][  0]LogLinker: Warning: [AssetLog] E:\GameMechanics\Unreal\UnrealProject\Content\TwinStickShooterContent\ShooterMannequin\UE4_Mannequin\Mesh\SK_Mannequin.uasset: Failed to load '/Game/ShooterMannequin/UE4_Mannequin/Materials/M_UE4Man_ChestLogo': Can't find file.
[2022.01.06-11.50.29:597][  0]LoadErrors: Failed to load /Game/TwinStickShooterContent/ShooterMannequin/UE4_Mannequin/Mesh/SK_Mannequin.SK_Mannequin Referenced by CharacterMesh0
[2022.01.06-11.50.29:598][  0]LogLinker: Warning: [AssetLog] E:\GameMechanics\Unreal\UnrealProject\Content\TwinStickShooterContent\ShooterMannequin\UE4_Mannequin\Mesh\SK_Mannequin.uasset: Failed to load '/Game/ShooterMannequin/UE4_Mannequin/Materials/M_UE4Man_ChestLogo': Can't find file.
[2022.01.06-11.50.29:598][  0]LoadErrors: Failed to load /Game/TwinStickShooterContent/ShooterMannequin/UE4_Mannequin/Mesh/SK_Mannequin.SK_Mannequin Referenced by CharacterMesh0
[2022.01.06-11.50.29:625][  0]LogLinker: Warning: [AssetLog] E:\GameMechanics\Unreal\UnrealProject\Content\TwinStickShooterContent\ShooterMannequin\UE4_Mannequin\Mesh\SK_Mannequin.uasset: Failed to load '/Game/ShooterMannequin/UE4_Mannequin/Materials/M_UE4Man_Body': Can't find file.
[2022.01.06-11.50.29:635][  0]LoadErrors: Failed to load /Game/TwinStickShooterContent/ShooterMannequin/UE4_Mannequin/Mesh/SK_Mannequin.SK_Mannequin Referenced by CharacterMesh0
[2022.01.06-11.50.29:651][  0]LogLinker: Warning: [AssetLog] E:\GameMechanics\Unreal\UnrealProject\Content\TwinStickShooterContent\ShooterMannequin\UE4_Mannequin\Mesh\SK_Mannequin.uasset: Failed to load '/Game/ShooterMannequin/UE4_Mannequin/Materials/M_UE4Man_ChestLogo': Can't find file.
[2022.01.06-11.50.29:657][  0]LoadErrors: Failed to load /Game/TwinStickShooterContent/ShooterMannequin/UE4_Mannequin/Mesh/SK_Mannequin.SK_Mannequin Referenced by CharacterMesh0
[2022.01.06-11.50.29:658][  0]LogLinker: Warning: [AssetLog] E:\GameMechanics\Unreal\UnrealProject\Content\TwinStickShooterContent\ShooterMannequin\UE4_Mannequin\Mesh\SK_Mannequin.uasset: Failed to load '/Game/ShooterMannequin/UE4_Mannequin/Mesh/SK_Mannequin_PhysicsAsset': Can't find file.
[2022.01.06-11.50.29:674][  0]LoadErrors: Failed to load /Game/TwinStickShooterContent/ShooterMannequin/UE4_Mannequin/Mesh/SK_Mannequin.SK_Mannequin Referenced by CharacterMesh0
[2022.01.06-11.50.29:675][  0]LogLinker: Warning: [AssetLog] E:\GameMechanics\Unreal\UnrealProject\Content\TwinStickShooterContent\ShooterMannequin\UE4_Mannequin\Mesh\SK_Mannequin.uasset: Failed to load '/Game/ShooterMannequin/UE4_Mannequin/Mesh/SK_Mannequin_PhysicsAsset': Can't find file.
[2022.01.06-11.50.29:676][  0]LoadErrors: Failed to load /Game/TwinStickShooterContent/ShooterMannequin/UE4_Mannequin/Mesh/SK_Mannequin.SK_Mannequin Referenced by CharacterMesh0
[2022.01.06-11.50.29:678][  0]LogLinker: Warning: [AssetLog] E:\GameMechanics\Unreal\UnrealProject\Content\TwinStickShooterContent\ShooterMannequin\UE4_Mannequin\Mesh\SK_Mannequin.uasset: Failed to load '/Game/ShooterMannequin/UE4_Mannequin/Mesh/UE4_Mannequin_Skeleton': Can't find file.
[2022.01.06-11.50.29:693][  0]LoadErrors: Failed to load /Game/TwinStickShooterContent/ShooterMannequin/UE4_Mannequin/Mesh/SK_Mannequin.SK_Mannequin Referenced by CharacterMesh0
[2022.01.06-11.50.29:710][  0]LogLinker: Warning: [AssetLog] E:\GameMechanics\Unreal\UnrealProject\Content\TwinStickShooterContent\ShooterMannequin\UE4_Mannequin\Mesh\SK_Mannequin.uasset: Failed to load '/Game/ShooterMannequin/UE4_Mannequin/Mesh/UE4_Mannequin_Skeleton': Can't find file.
[2022.01.06-11.50.29:714][  0]LoadErrors: Failed to load /Game/TwinStickShooterContent/ShooterMannequin/UE4_Mannequin/Mesh/SK_Mannequin.SK_Mannequin Referenced by CharacterMesh0
[2022.01.06-11.50.29:717][  0]LogLinker: Warning: [AssetLog] E:\GameMechanics\Unreal\UnrealProject\Content\TwinStickShooterContent\ShooterMannequin\UE4_Mannequin\Mesh\SK_Mannequin.uasset: Failed to load '/Game/ShooterMannequin/UE4_Mannequin/Mesh/SK_Mannequin_PhysicsAsset': Can't find file.
[2022.01.06-11.50.29:733][  0]LoadErrors: Failed to load /Game/TwinStickShooterContent/ShooterMannequin/UE4_Mannequin/Mesh/SK_Mannequin.SK_Mannequin Referenced by CharacterMesh0
[2022.01.06-11.50.29:734][  0]LogLinker: Warning: [AssetLog] E:\GameMechanics\Unreal\UnrealProject\Content\TwinStickShooterContent\ShooterMannequin\UE4_Mannequin\Mesh\SK_Mannequin.uasset: Failed to load '/Game/ShooterMannequin/UE4_Mannequin/Mesh/UE4_Mannequin_Skeleton': Can't find file.
[2022.01.06-11.50.29:734][  0]LoadErrors: Failed to load /Game/TwinStickShooterContent/ShooterMannequin/UE4_Mannequin/Mesh/SK_Mannequin.SK_Mannequin Referenced by CharacterMesh0
[2022.01.06-11.50.29:850][  0]LogLinker: Warning: [AssetLog] E:\GameMechanics\Unreal\UnrealProject\Content\TwinStickShooterContent\ShooterMannequin\UE4_Mannequin\Mesh\SK_Mannequin.uasset: Failed to load '/Game/ShooterMannequin/UE4_Mannequin/Mesh/UE4_Mannequin_Skeleton': Can't find file.
[2022.01.06-11.50.29:851][  0]LoadErrors: Failed to load /Game/ShooterMannequin/UE4_Mannequin/Mesh/UE4_Mannequin_Skeleton.UE4_Mannequin_Skeleton Referenced by SK_Mannequin
[2022.01.06-11.50.29:851][  0]LogLinker: Warning: [AssetLog] E:\GameMechanics\Unreal\UnrealProject\Content\TwinStickShooterContent\ShooterMannequin\UE4_Mannequin\Mesh\SK_Mannequin.uasset: Failed to load '/Game/ShooterMannequin/UE4_Mannequin/Mesh/SK_Mannequin_PhysicsAsset': Can't find file.
[2022.01.06-11.50.29:852][  0]LoadErrors: Failed to load /Game/ShooterMannequin/UE4_Mannequin/Mesh/SK_Mannequin_PhysicsAsset.SK_Mannequin_PhysicsAsset Referenced by SK_Mannequin
[2022.01.06-11.50.29:855][  0]LogLinker: Warning: [AssetLog] E:\GameMechanics\Unreal\UnrealProject\Content\TwinStickShooterContent\ShooterMannequin\UE4_Mannequin\Mesh\SK_Mannequin.uasset: Failed to load '/Game/ShooterMannequin/UE4_Mannequin/Materials/M_UE4Man_Body': Can't find file.
[2022.01.06-11.50.29:855][  0]LoadErrors: Failed to load /Game/ShooterMannequin/UE4_Mannequin/Materials/M_UE4Man_Body.M_UE4Man_Body Referenced by SK_Mannequin
[2022.01.06-11.50.29:856][  0]LogLinker: Warning: [AssetLog] E:\GameMechanics\Unreal\UnrealProject\Content\TwinStickShooterContent\ShooterMannequin\UE4_Mannequin\Mesh\SK_Mannequin.uasset: Failed to load '/Game/ShooterMannequin/UE4_Mannequin/Materials/M_UE4Man_ChestLogo': Can't find file.
[2022.01.06-11.50.29:856][  0]LoadErrors: Failed to load /Game/ShooterMannequin/UE4_Mannequin/Materials/M_UE4Man_ChestLogo.M_UE4Man_ChestLogo Referenced by SK_Mannequin
[2022.01.06-11.50.30:592][  0]LogAudio: Display: Audio Device (ID: 1) registered with world 'FirstLevel'.
[2022.01.06-11.50.30:605][  0]LogAIModule: Creating AISystem for world FirstLevel
[2022.01.06-11.50.30:657][  0]LogEditorServer: Finished looking for orphan Actors (0.000 secs)
[2022.01.06-11.50.30:863][  0]LogUObjectHash: Compacting FUObjectHashTables data took   1.43ms
[2022.01.06-11.50.30:875][  0]Cmd: MAP CHECKDEP NOCLEARLOG
[2022.01.06-11.50.30:876][  0]MapCheck: Map check complete: 0 Error(s), 0 Warning(s), took 0,784ms to complete.
[2022.01.06-11.50.30:889][  0]LogFileHelpers: Loading map 'FirstLevel' took 1.613
[2022.01.06-11.50.30:901][  0]LogUnrealEdMisc: Total Editor Startup Time, took 45.046
[2022.01.06-11.50.31:260][  0]LogSlate: Updating window title bar state: overlay mode, drag disabled, window buttons hidden, title bar hidden
[2022.01.06-11.50.31:276][  0]LogSlate: Updating window title bar state: overlay mode, drag disabled, window buttons hidden, title bar hidden
[2022.01.06-11.50.31:297][  0]LogSlate: Updating window title bar state: overlay mode, drag disabled, window buttons hidden, title bar hidden
[2022.01.06-11.50.31:313][  0]LogSlate: Updating window title bar state: overlay mode, drag disabled, window buttons hidden, title bar hidden
[2022.01.06-11.50.31:395][  0]LogNativeClassHierarchy: Verbose: Native class hierarchy populated in 0.0168 seconds. Added 3827 classes and 930 folders.
[2022.01.06-11.50.31:420][  0]LogNativeClassHierarchy: Verbose: Native class hierarchy updated for 'WidgetCarousel' in 0.0004 seconds. Added 0 classes and 0 folders.
[2022.01.06-11.50.31:447][  0]LogPakFile: PakFile PrimaryIndexSize=187
[2022.01.06-11.50.31:462][  0]LogPakFile: PakFile PathHashIndexSize=101
[2022.01.06-11.50.31:463][  0]LogPakFile: PakFile FullDirectoryIndexSize=148
[2022.01.06-11.50.31:491][  0]LogShaderLibrary: Display: ShaderCodeLibraryPakFileMountedCallback: PakFile 'C:/Program Files/Epic Games/UE_4.27/FeaturePacks/FP_FirstPerson.upack' (chunk index -1, root 'root:/') mounted
[2022.01.06-11.50.31:510][  0]LogShaderLibrary: Display: ShaderCodeLibraryPakFileMountedCallback: pending pak file info (ChunkID:-1 Root:root:/ File:C:/Program Files/Epic Games/UE_4.27/FeaturePacks/FP_FirstPerson.upack)
[2022.01.06-11.50.31:532][  0]LogPakFile: OnPakFileMounted2Time == 0.042319
[2022.01.06-11.50.31:584][  0]LogPakFile: PakFile PrimaryIndexSize=189
[2022.01.06-11.50.31:613][  0]LogPakFile: PakFile PathHashIndexSize=101
[2022.01.06-11.50.31:613][  0]LogPakFile: PakFile FullDirectoryIndexSize=152
[2022.01.06-11.50.31:618][  0]LogShaderLibrary: Display: ShaderCodeLibraryPakFileMountedCallback: PakFile 'C:/Program Files/Epic Games/UE_4.27/FeaturePacks/FP_FirstPersonBP.upack' (chunk index -1, root 'root:/') mounted
[2022.01.06-11.50.31:618][  0]LogShaderLibrary: Display: ShaderCodeLibraryPakFileMountedCallback: pending pak file info (ChunkID:-1 Root:root:/ File:C:/Program Files/Epic Games/UE_4.27/FeaturePacks/FP_FirstPersonBP.upack)
[2022.01.06-11.50.31:618][  0]LogPakFile: OnPakFileMounted2Time == 0.000202
[2022.01.06-11.50.31:628][  0]LogPakFile: PakFile PrimaryIndexSize=191
[2022.01.06-11.50.31:640][  0]LogPakFile: PakFile PathHashIndexSize=101
[2022.01.06-11.50.31:651][  0]LogPakFile: PakFile FullDirectoryIndexSize=160
[2022.01.06-11.50.31:677][  0]LogShaderLibrary: Display: ShaderCodeLibraryPakFileMountedCallback: PakFile 'C:/Program Files/Epic Games/UE_4.27/FeaturePacks/MobileStarterContent.upack' (chunk index -1, root 'root:/') mounted
[2022.01.06-11.50.31:701][  0]LogShaderLibrary: Display: ShaderCodeLibraryPakFileMountedCallback: pending pak file info (ChunkID:-1 Root:root:/ File:C:/Program Files/Epic Games/UE_4.27/FeaturePacks/MobileStarterContent.upack)
[2022.01.06-11.50.31:702][  0]LogPakFile: OnPakFileMounted2Time == 0.024829
[2022.01.06-11.50.31:718][  0]LogPakFile: PakFile PrimaryIndexSize=185
[2022.01.06-11.50.31:741][  0]LogPakFile: PakFile PathHashIndexSize=101
[2022.01.06-11.50.31:741][  0]LogPakFile: PakFile FullDirectoryIndexSize=148
[2022.01.06-11.50.31:742][  0]LogShaderLibrary: Display: ShaderCodeLibraryPakFileMountedCallback: PakFile 'C:/Program Files/Epic Games/UE_4.27/FeaturePacks/StarterContent.upack' (chunk index -1, root 'root:/') mounted
[2022.01.06-11.50.31:746][  0]LogShaderLibrary: Display: ShaderCodeLibraryPakFileMountedCallback: pending pak file info (ChunkID:-1 Root:root:/ File:C:/Program Files/Epic Games/UE_4.27/FeaturePacks/StarterContent.upack)
[2022.01.06-11.50.31:746][  0]LogPakFile: OnPakFileMounted2Time == 0.004070
[2022.01.06-11.50.31:785][  0]LogPakFile: PakFile PrimaryIndexSize=190
[2022.01.06-11.50.31:788][  0]LogPakFile: PakFile PathHashIndexSize=101
[2022.01.06-11.50.31:788][  0]LogPakFile: PakFile FullDirectoryIndexSize=154
[2022.01.06-11.50.31:790][  0]LogShaderLibrary: Display: ShaderCodeLibraryPakFileMountedCallback: PakFile 'C:/Program Files/Epic Games/UE_4.27/FeaturePacks/TP_2DSideScroller.upack' (chunk index -1, root 'root:/') mounted
[2022.01.06-11.50.31:806][  0]LogShaderLibrary: Display: ShaderCodeLibraryPakFileMountedCallback: pending pak file info (ChunkID:-1 Root:root:/ File:C:/Program Files/Epic Games/UE_4.27/FeaturePacks/TP_2DSideScroller.upack)
[2022.01.06-11.50.31:807][  0]LogPakFile: OnPakFileMounted2Time == 0.016655
[2022.01.06-11.50.31:848][  0]LogPakFile: PakFile PrimaryIndexSize=192
[2022.01.06-11.50.31:849][  0]LogPakFile: PakFile PathHashIndexSize=101
[2022.01.06-11.50.31:849][  0]LogPakFile: PakFile FullDirectoryIndexSize=158
[2022.01.06-11.50.31:850][  0]LogShaderLibrary: Display: ShaderCodeLibraryPakFileMountedCallback: PakFile 'C:/Program Files/Epic Games/UE_4.27/FeaturePacks/TP_2DSideScrollerBP.upack' (chunk index -1, root 'root:/') mounted
[2022.01.06-11.50.31:850][  0]LogShaderLibrary: Display: ShaderCodeLibraryPakFileMountedCallback: pending pak file info (ChunkID:-1 Root:root:/ File:C:/Program Files/Epic Games/UE_4.27/FeaturePacks/TP_2DSideScrollerBP.upack)
[2022.01.06-11.50.31:850][  0]LogPakFile: OnPakFileMounted2Time == 0.000129
[2022.01.06-11.50.31:884][  0]LogPakFile: PakFile PrimaryIndexSize=182
[2022.01.06-11.50.31:884][  0]LogPakFile: PakFile PathHashIndexSize=101
[2022.01.06-11.50.31:884][  0]LogPakFile: PakFile FullDirectoryIndexSize=138
[2022.01.06-11.50.31:884][  0]LogShaderLibrary: Display: ShaderCodeLibraryPakFileMountedCallback: PakFile 'C:/Program Files/Epic Games/UE_4.27/FeaturePacks/TP_Flying.upack' (chunk index -1, root 'root:/') mounted
[2022.01.06-11.50.31:885][  0]LogShaderLibrary: Display: ShaderCodeLibraryPakFileMountedCallback: pending pak file info (ChunkID:-1 Root:root:/ File:C:/Program Files/Epic Games/UE_4.27/FeaturePacks/TP_Flying.upack)
[2022.01.06-11.50.31:885][  0]LogPakFile: OnPakFileMounted2Time == 0.000132
[2022.01.06-11.50.31:910][  0]LogPakFile: PakFile PrimaryIndexSize=184
[2022.01.06-11.50.31:932][  0]LogPakFile: PakFile PathHashIndexSize=101
[2022.01.06-11.50.31:932][  0]LogPakFile: PakFile FullDirectoryIndexSize=142
[2022.01.06-11.50.31:933][  0]LogShaderLibrary: Display: ShaderCodeLibraryPakFileMountedCallback: PakFile 'C:/Program Files/Epic Games/UE_4.27/FeaturePacks/TP_FlyingBP.upack' (chunk index -1, root 'root:/') mounted
[2022.01.06-11.50.31:939][  0]LogShaderLibrary: Display: ShaderCodeLibraryPakFileMountedCallback: pending pak file info (ChunkID:-1 Root:root:/ File:C:/Program Files/Epic Games/UE_4.27/FeaturePacks/TP_FlyingBP.upack)
[2022.01.06-11.50.31:939][  0]LogPakFile: OnPakFileMounted2Time == 0.006431
[2022.01.06-11.50.32:137][  0]LogPakFile: PakFile PrimaryIndexSize=188
[2022.01.06-11.50.32:142][  0]LogPakFile: PakFile PathHashIndexSize=101
[2022.01.06-11.50.32:144][  0]LogPakFile: PakFile FullDirectoryIndexSize=150
[2022.01.06-11.50.32:146][  0]LogShaderLibrary: Display: ShaderCodeLibraryPakFileMountedCallback: PakFile 'C:/Program Files/Epic Games/UE_4.27/FeaturePacks/TP_HandheldARBP.upack' (chunk index -1, root 'root:/') mounted
[2022.01.06-11.50.32:146][  0]LogShaderLibrary: Display: ShaderCodeLibraryPakFileMountedCallback: pending pak file info (ChunkID:-1 Root:root:/ File:C:/Program Files/Epic Games/UE_4.27/FeaturePacks/TP_HandheldARBP.upack)
[2022.01.06-11.50.32:146][  0]LogPakFile: OnPakFileMounted2Time == 0.000232
[2022.01.06-11.50.32:159][  0]LogPakFile: PakFile PrimaryIndexSize=182
[2022.01.06-11.50.32:163][  0]LogPakFile: PakFile PathHashIndexSize=101
[2022.01.06-11.50.32:164][  0]LogPakFile: PakFile FullDirectoryIndexSize=138
[2022.01.06-11.50.32:164][  0]LogShaderLibrary: Display: ShaderCodeLibraryPakFileMountedCallback: PakFile 'C:/Program Files/Epic Games/UE_4.27/FeaturePacks/TP_Puzzle.upack' (chunk index -1, root 'root:/') mounted
[2022.01.06-11.50.32:164][  0]LogShaderLibrary: Display: ShaderCodeLibraryPakFileMountedCallback: pending pak file info (ChunkID:-1 Root:root:/ File:C:/Program Files/Epic Games/UE_4.27/FeaturePacks/TP_Puzzle.upack)
[2022.01.06-11.50.32:165][  0]LogPakFile: OnPakFileMounted2Time == 0.000537
[2022.01.06-11.50.32:233][  0]LogPakFile: PakFile PrimaryIndexSize=184
[2022.01.06-11.50.32:233][  0]LogPakFile: PakFile PathHashIndexSize=101
[2022.01.06-11.50.32:233][  0]LogPakFile: PakFile FullDirectoryIndexSize=142
[2022.01.06-11.50.32:234][  0]LogShaderLibrary: Display: ShaderCodeLibraryPakFileMountedCallback: PakFile 'C:/Program Files/Epic Games/UE_4.27/FeaturePacks/TP_PuzzleBP.upack' (chunk index -1, root 'root:/') mounted
[2022.01.06-11.50.32:234][  0]LogShaderLibrary: Display: ShaderCodeLibraryPakFileMountedCallback: pending pak file info (ChunkID:-1 Root:root:/ File:C:/Program Files/Epic Games/UE_4.27/FeaturePacks/TP_PuzzleBP.upack)
[2022.01.06-11.50.32:234][  0]LogPakFile: OnPakFileMounted2Time == 0.000109
[2022.01.06-11.50.32:250][  0]LogPakFile: PakFile PrimaryIndexSize=183
[2022.01.06-11.50.32:253][  0]LogPakFile: PakFile PathHashIndexSize=101
[2022.01.06-11.50.32:260][  0]LogPakFile: PakFile FullDirectoryIndexSize=140
[2022.01.06-11.50.32:260][  0]LogShaderLibrary: Display: ShaderCodeLibraryPakFileMountedCallback: PakFile 'C:/Program Files/Epic Games/UE_4.27/FeaturePacks/TP_Rolling.upack' (chunk index -1, root 'root:/') mounted
[2022.01.06-11.50.32:262][  0]LogShaderLibrary: Display: ShaderCodeLibraryPakFileMountedCallback: pending pak file info (ChunkID:-1 Root:root:/ File:C:/Program Files/Epic Games/UE_4.27/FeaturePacks/TP_Rolling.upack)
[2022.01.06-11.50.32:262][  0]LogPakFile: OnPakFileMounted2Time == 0.002186
[2022.01.06-11.50.32:272][  0]LogPakFile: PakFile PrimaryIndexSize=185
[2022.01.06-11.50.32:277][  0]LogPakFile: PakFile PathHashIndexSize=101
[2022.01.06-11.50.32:278][  0]LogPakFile: PakFile FullDirectoryIndexSize=144
[2022.01.06-11.50.32:278][  0]LogShaderLibrary: Display: ShaderCodeLibraryPakFileMountedCallback: PakFile 'C:/Program Files/Epic Games/UE_4.27/FeaturePacks/TP_RollingBP.upack' (chunk index -1, root 'root:/') mounted
[2022.01.06-11.50.32:278][  0]LogShaderLibrary: Display: ShaderCodeLibraryPakFileMountedCallback: pending pak file info (ChunkID:-1 Root:root:/ File:C:/Program Files/Epic Games/UE_4.27/FeaturePacks/TP_RollingBP.upack)
[2022.01.06-11.50.32:279][  0]LogPakFile: OnPakFileMounted2Time == 0.000762
[2022.01.06-11.50.32:288][  0]LogPakFile: PakFile PrimaryIndexSize=188
[2022.01.06-11.50.32:289][  0]LogPakFile: PakFile PathHashIndexSize=101
[2022.01.06-11.50.32:290][  0]LogPakFile: PakFile FullDirectoryIndexSize=150
[2022.01.06-11.50.32:291][  0]LogShaderLibrary: Display: ShaderCodeLibraryPakFileMountedCallback: PakFile 'C:/Program Files/Epic Games/UE_4.27/FeaturePacks/TP_SideScroller.upack' (chunk index -1, root 'root:/') mounted
[2022.01.06-11.50.32:293][  0]LogShaderLibrary: Display: ShaderCodeLibraryPakFileMountedCallback: pending pak file info (ChunkID:-1 Root:root:/ File:C:/Program Files/Epic Games/UE_4.27/FeaturePacks/TP_SideScroller.upack)
[2022.01.06-11.50.32:293][  0]LogPakFile: OnPakFileMounted2Time == 0.002413
[2022.01.06-11.50.32:303][  0]LogPakFile: PakFile PrimaryIndexSize=190
[2022.01.06-11.50.32:306][  0]LogPakFile: PakFile PathHashIndexSize=101
[2022.01.06-11.50.32:310][  0]LogPakFile: PakFile FullDirectoryIndexSize=154
[2022.01.06-11.50.32:310][  0]LogShaderLibrary: Display: ShaderCodeLibraryPakFileMountedCallback: PakFile 'C:/Program Files/Epic Games/UE_4.27/FeaturePacks/TP_SideScrollerBP.upack' (chunk index -1, root 'root:/') mounted
[2022.01.06-11.50.32:311][  0]LogShaderLibrary: Display: ShaderCodeLibraryPakFileMountedCallback: pending pak file info (ChunkID:-1 Root:root:/ File:C:/Program Files/Epic Games/UE_4.27/FeaturePacks/TP_SideScrollerBP.upack)
[2022.01.06-11.50.32:312][  0]LogPakFile: OnPakFileMounted2Time == 0.001456
[2022.01.06-11.50.32:481][  0]LogPakFile: PakFile PrimaryIndexSize=187
[2022.01.06-11.50.32:481][  0]LogPakFile: PakFile PathHashIndexSize=101
[2022.01.06-11.50.32:481][  0]LogPakFile: PakFile FullDirectoryIndexSize=148
[2022.01.06-11.50.32:481][  0]LogShaderLibrary: Display: ShaderCodeLibraryPakFileMountedCallback: PakFile 'C:/Program Files/Epic Games/UE_4.27/FeaturePacks/TP_ThirdPerson.upack' (chunk index -1, root 'root:/') mounted
[2022.01.06-11.50.32:481][  0]LogShaderLibrary: Display: ShaderCodeLibraryPakFileMountedCallback: pending pak file info (ChunkID:-1 Root:root:/ File:C:/Program Files/Epic Games/UE_4.27/FeaturePacks/TP_ThirdPerson.upack)
[2022.01.06-11.50.32:481][  0]LogPakFile: OnPakFileMounted2Time == 0.000120
[2022.01.06-11.50.32:658][  0]LogPakFile: PakFile PrimaryIndexSize=189
[2022.01.06-11.50.32:682][  0]LogPakFile: PakFile PathHashIndexSize=101
[2022.01.06-11.50.32:696][  0]LogPakFile: PakFile FullDirectoryIndexSize=152
[2022.01.06-11.50.32:753][  0]LogShaderLibrary: Display: ShaderCodeLibraryPakFileMountedCallback: PakFile 'C:/Program Files/Epic Games/UE_4.27/FeaturePacks/TP_ThirdPersonBP.upack' (chunk index -1, root 'root:/') mounted
[2022.01.06-11.50.32:806][  0]LogShaderLibrary: Display: ShaderCodeLibraryPakFileMountedCallback: pending pak file info (ChunkID:-1 Root:root:/ File:C:/Program Files/Epic Games/UE_4.27/FeaturePacks/TP_ThirdPersonBP.upack)
[2022.01.06-11.50.32:807][  0]LogPakFile: OnPakFileMounted2Time == 0.052995
[2022.01.06-11.50.32:815][  0]LogPakFile: PakFile PrimaryIndexSize=183
[2022.01.06-11.50.32:855][  0]LogPakFile: PakFile PathHashIndexSize=101
[2022.01.06-11.50.32:856][  0]LogPakFile: PakFile FullDirectoryIndexSize=140
[2022.01.06-11.50.32:856][  0]LogShaderLibrary: Display: ShaderCodeLibraryPakFileMountedCallback: PakFile 'C:/Program Files/Epic Games/UE_4.27/FeaturePacks/TP_TopDown.upack' (chunk index -1, root 'root:/') mounted
[2022.01.06-11.50.32:856][  0]LogShaderLibrary: Display: ShaderCodeLibraryPakFileMountedCallback: pending pak file info (ChunkID:-1 Root:root:/ File:C:/Program Files/Epic Games/UE_4.27/FeaturePacks/TP_TopDown.upack)
[2022.01.06-11.50.32:856][  0]LogPakFile: OnPakFileMounted2Time == 0.000143
[2022.01.06-11.50.32:865][  0]LogPakFile: PakFile PrimaryIndexSize=185
[2022.01.06-11.50.32:888][  0]LogPakFile: PakFile PathHashIndexSize=101
[2022.01.06-11.50.32:889][  0]LogPakFile: PakFile FullDirectoryIndexSize=144
[2022.01.06-11.50.32:889][  0]LogShaderLibrary: Display: ShaderCodeLibraryPakFileMountedCallback: PakFile 'C:/Program Files/Epic Games/UE_4.27/FeaturePacks/TP_TopDownBP.upack' (chunk index -1, root 'root:/') mounted
[2022.01.06-11.50.32:917][  0]LogShaderLibrary: Display: ShaderCodeLibraryPakFileMountedCallback: pending pak file info (ChunkID:-1 Root:root:/ File:C:/Program Files/Epic Games/UE_4.27/FeaturePacks/TP_TopDownBP.upack)
[2022.01.06-11.50.32:943][  0]LogAudioMixer: Display: Audio Buffer Underrun (starvation) detected.
[2022.01.06-11.50.32:961][  0]LogPakFile: OnPakFileMounted2Time == 0.054351
[2022.01.06-11.50.32:975][  0]LogPakFile: PakFile PrimaryIndexSize=185
[2022.01.06-11.50.32:986][  0]LogPakFile: PakFile PathHashIndexSize=101
[2022.01.06-11.50.32:986][  0]LogPakFile: PakFile FullDirectoryIndexSize=144
[2022.01.06-11.50.32:986][  0]LogShaderLibrary: Display: ShaderCodeLibraryPakFileMountedCallback: PakFile 'C:/Program Files/Epic Games/UE_4.27/FeaturePacks/TP_TwinStick.upack' (chunk index -1, root 'root:/') mounted
[2022.01.06-11.50.32:997][  0]LogShaderLibrary: Display: ShaderCodeLibraryPakFileMountedCallback: pending pak file info (ChunkID:-1 Root:root:/ File:C:/Program Files/Epic Games/UE_4.27/FeaturePacks/TP_TwinStick.upack)
[2022.01.06-11.50.33:024][  0]LogPakFile: OnPakFileMounted2Time == 0.038530
[2022.01.06-11.50.33:033][  0]LogPakFile: PakFile PrimaryIndexSize=187
[2022.01.06-11.50.33:048][  0]LogPakFile: PakFile PathHashIndexSize=101
[2022.01.06-11.50.33:068][  0]LogPakFile: PakFile FullDirectoryIndexSize=148
[2022.01.06-11.50.33:068][  0]LogShaderLibrary: Display: ShaderCodeLibraryPakFileMountedCallback: PakFile 'C:/Program Files/Epic Games/UE_4.27/FeaturePacks/TP_TwinStickBP.upack' (chunk index -1, root 'root:/') mounted
[2022.01.06-11.50.33:068][  0]LogShaderLibrary: Display: ShaderCodeLibraryPakFileMountedCallback: pending pak file info (ChunkID:-1 Root:root:/ File:C:/Program Files/Epic Games/UE_4.27/FeaturePacks/TP_TwinStickBP.upack)
[2022.01.06-11.50.33:068][  0]LogPakFile: OnPakFileMounted2Time == 0.000337
[2022.01.06-11.50.33:084][  0]LogPakFile: PakFile PrimaryIndexSize=183
[2022.01.06-11.50.33:093][  0]LogPakFile: PakFile PathHashIndexSize=101
[2022.01.06-11.50.33:099][  0]LogPakFile: PakFile FullDirectoryIndexSize=140
[2022.01.06-11.50.33:100][  0]LogShaderLibrary: Display: ShaderCodeLibraryPakFileMountedCallback: PakFile 'C:/Program Files/Epic Games/UE_4.27/FeaturePacks/TP_Vehicle.upack' (chunk index -1, root 'root:/') mounted
[2022.01.06-11.50.33:126][  0]LogShaderLibrary: Display: ShaderCodeLibraryPakFileMountedCallback: pending pak file info (ChunkID:-1 Root:root:/ File:C:/Program Files/Epic Games/UE_4.27/FeaturePacks/TP_Vehicle.upack)
[2022.01.06-11.50.33:126][  0]LogPakFile: OnPakFileMounted2Time == 0.026496
[2022.01.06-11.50.33:140][  0]LogPakFile: PakFile PrimaryIndexSize=186
[2022.01.06-11.50.33:146][  0]LogPakFile: PakFile PathHashIndexSize=101
[2022.01.06-11.50.33:170][  0]LogPakFile: PakFile FullDirectoryIndexSize=146
[2022.01.06-11.50.33:180][  0]LogShaderLibrary: Display: ShaderCodeLibraryPakFileMountedCallback: PakFile 'C:/Program Files/Epic Games/UE_4.27/FeaturePacks/TP_VehicleAdv.upack' (chunk index -1, root 'root:/') mounted
[2022.01.06-11.50.33:190][  0]LogShaderLibrary: Display: ShaderCodeLibraryPakFileMountedCallback: pending pak file info (ChunkID:-1 Root:root:/ File:C:/Program Files/Epic Games/UE_4.27/FeaturePacks/TP_VehicleAdv.upack)
[2022.01.06-11.50.33:191][  0]LogPakFile: OnPakFileMounted2Time == 0.011439
[2022.01.06-11.50.33:237][  0]LogPakFile: PakFile PrimaryIndexSize=188
[2022.01.06-11.50.33:243][  0]LogPakFile: PakFile PathHashIndexSize=101
[2022.01.06-11.50.33:244][  0]LogPakFile: PakFile FullDirectoryIndexSize=150
[2022.01.06-11.50.33:244][  0]LogShaderLibrary: Display: ShaderCodeLibraryPakFileMountedCallback: PakFile 'C:/Program Files/Epic Games/UE_4.27/FeaturePacks/TP_VehicleAdvBP.upack' (chunk index -1, root 'root:/') mounted
[2022.01.06-11.50.33:244][  0]LogShaderLibrary: Display: ShaderCodeLibraryPakFileMountedCallback: pending pak file info (ChunkID:-1 Root:root:/ File:C:/Program Files/Epic Games/UE_4.27/FeaturePacks/TP_VehicleAdvBP.upack)
[2022.01.06-11.50.33:244][  0]LogPakFile: OnPakFileMounted2Time == 0.000125
[2022.01.06-11.50.33:253][  0]LogPakFile: PakFile PrimaryIndexSize=185
[2022.01.06-11.50.33:261][  0]LogPakFile: PakFile PathHashIndexSize=101
[2022.01.06-11.50.33:261][  0]LogPakFile: PakFile FullDirectoryIndexSize=144
[2022.01.06-11.50.33:261][  0]LogShaderLibrary: Display: ShaderCodeLibraryPakFileMountedCallback: PakFile 'C:/Program Files/Epic Games/UE_4.27/FeaturePacks/TP_VehicleBP.upack' (chunk index -1, root 'root:/') mounted
[2022.01.06-11.50.33:284][  0]LogShaderLibrary: Display: ShaderCodeLibraryPakFileMountedCallback: pending pak file info (ChunkID:-1 Root:root:/ File:C:/Program Files/Epic Games/UE_4.27/FeaturePacks/TP_VehicleBP.upack)
[2022.01.06-11.50.33:284][  0]LogPakFile: OnPakFileMounted2Time == 0.022978
[2022.01.06-11.50.33:294][  0]LogPakFile: PakFile PrimaryIndexSize=192
[2022.01.06-11.50.33:310][  0]LogPakFile: PakFile PathHashIndexSize=101
[2022.01.06-11.50.33:310][  0]LogPakFile: PakFile FullDirectoryIndexSize=158
[2022.01.06-11.50.33:324][  0]LogShaderLibrary: Display: ShaderCodeLibraryPakFileMountedCallback: PakFile 'C:/Program Files/Epic Games/UE_4.27/FeaturePacks/TP_VirtualRealityBP.upack' (chunk index -1, root 'root:/') mounted
[2022.01.06-11.50.33:324][  0]LogShaderLibrary: Display: ShaderCodeLibraryPakFileMountedCallback: pending pak file info (ChunkID:-1 Root:root:/ File:C:/Program Files/Epic Games/UE_4.27/FeaturePacks/TP_VirtualRealityBP.upack)
[2022.01.06-11.50.33:343][  0]LogPakFile: OnPakFileMounted2Time == 0.019642
[2022.01.06-11.50.33:774][  0]LogNativeClassHierarchy: Verbose: Native class hierarchy updated for 'AddContentDialog' in 0.0005 seconds. Added 0 classes and 0 folders.
[2022.01.06-11.50.33:780][  0]LogNativeClassHierarchy: Verbose: Native class hierarchy updated for 'SceneOutliner' in 0.0004 seconds. Added 2 classes and 0 folders.
[2022.01.06-11.50.33:894][  0]LogSlate: Took 0.008415 seconds to synchronously load lazily loaded font '../../../Engine/Content/Slate/Fonts/Roboto-Regular.ttf' (155K)
[2022.01.06-11.50.33:905][  0]LogSlate: Took 0.009793 seconds to synchronously load lazily loaded font '../../../Engine/Content/Editor/Slate/Fonts/FontAwesome.ttf' (139K)
[2022.01.06-11.50.33:918][  0]LogSlate: Took 0.007721 seconds to synchronously load lazily loaded font '../../../Engine/Content/Slate/Fonts/Roboto-Bold.ttf' (160K)
[2022.01.06-11.50.34:168][  0]LogRenderer: Reallocating scene render targets to support 1616x684 Format 10 NumSamples 1 (Frame:1).
[2022.01.06-11.50.34:264][  0]LogSlate: Took 0.008556 seconds to synchronously load lazily loaded font '../../../Engine/Content/Slate/Fonts/Roboto-Light.ttf' (167K)
[2022.01.06-11.50.39:483][  0]LogNativeClassHierarchy: Verbose: Native class hierarchy updated for 'HierarchicalLODOutliner' in 0.0004 seconds. Added 0 classes and 0 folders.
[2022.01.06-11.50.39:483][  0]LogLoad: (Engine Initialization) Total time: 53.63 seconds
[2022.01.06-11.50.39:483][  0]LogLoad: (Engine Initialization) Total Blueprint compile time: 0.00 seconds
[2022.01.06-11.50.39:785][  0]LogContentStreaming: Texture pool size now 1000 MB
[2022.01.06-11.50.39:917][  0]LogSlate: Took 0.015594 seconds to synchronously load lazily loaded font '../../../Engine/Content/Slate/Fonts/DroidSansMono.ttf' (77K)
[2022.01.06-11.50.39:955][  1]LogAssetRegistry: Asset discovery search completed in 25.9012 seconds
[2022.01.06-11.50.39:976][  1]LogCollectionManager: Fixed up redirectors for 0 collections in 0.000005 seconds (updated 0 objects)
[2022.01.06-11.50.40:519][ 31]LogSlate: Took 0.000263 seconds to synchronously load lazily loaded font '../../../Engine/Content/Slate/Fonts/Roboto-Light.ttf' (167K)
[2022.01.06-11.50.52:633][232]LogSlate: Window 'Message Log' being destroyed
[2022.01.06-11.50.52:654][232]LogSlate: Window 'Message Log' being destroyed
[2022.01.06-11.50.54:989][464]LogAssetEditorSubsystem: Opening Asset editor for Blueprint /Game/Blueprints/BP_LockPick.BP_Lockpick
[2022.01.06-11.50.55:468][464]LogNativeClassHierarchy: Verbose: Native class hierarchy updated for 'BlueprintGraph' in 0.0010 seconds. Added 126 classes and 0 folders.
[2022.01.06-11.50.56:983][464]LogAssetEditorSubsystem: Opening Asset editor for Blueprint /Game/Blueprints/BP_Item_Activate.BP_Item_Activate
[2022.01.06-11.50.57:521][464]LogSlate: Took 0.007432 seconds to synchronously load lazily loaded font '../../../Engine/Content/Slate/Fonts/Roboto-BoldCondensed.ttf' (158K)
[2022.01.06-11.50.57:676][465]LogSlate: Took 0.007996 seconds to synchronously load lazily loaded font '../../../Engine/Content/Slate/Fonts/Roboto-Italic.ttf' (157K)
